[ "abdominal radiology" ]
[ "abdominal surgery" ]
[ "acute pain medicine", "regional anesthesiology" ]
[ "addiction medicine", "addiction psychiatry" ]
[ "addiction psychiatry", "addiction medicine" ]
[ "adolescent medicine" ]
[ "adolescent psychiatry" ]
[ "adult cardiothoracic anesthesiology" ]
[ "adult congenital heart disease" ]
[ "adult reconstructive orthopedics" ]
[ "advanced heart failure" ]
[ "advanced surgical oncology" ]
[ "aerospace medicine" ]
[ "allergy", "immunology", "clinical laboratory immunology", "clinical laboratory dermatological immunology" ]
[ "anatomic pathology", "selective pathology", "clinical pathology", "chemical pathology", "clinical laboratory immunology", "clinical laboratory dermatological immunology", "clinical cytogenetics", "clinical molecular genetics", "medical toxicology", "medical microbiology", "molecular genetic pathology", "blood banking", "transfusion medicine", "hematology", "hematology-oncology", "pediatric hematology oncology", "cytopathology", "dermatopathology", "neuropathology", "pediatric pathology", "forensic pathology" ]
[ "anesthesiology", "adult cardiothoracic anesthesiology", "critical care medicine", "pulmonary critical care medicine", "pediatric critical care medicine", "surgical critical care", "pain management", "pain medicine", "acute pain medicine", "regional anesthesiology", "obstetric anesthesiology", "pediatric anesthesiology" ]
[ "ankle orthopedics" ]
[ "blood banking", "transfusion medicine" ]
[ "brain injury medicine" ]
[ "cardiac electrophysiology" ]
[ "cardiothoracic radiology" ]
[ "cardiovascular diseases", "pediatric cardiology", "adult congenital heart disease", "advanced heart failure", "cardiac electrophysiology", "congenital cardiac surgery", "interventional cardiology", "nuclear cardiology" ]
[ "chemical pathology", "medical toxicology" ]
[ "child abuse pediatrics" ]
[ "child neurology" ]
[ "child psychiatry", "adolescent psychiatry" ]
[ "clinical biochemical genetics", "medical biochemical genetics" ]
[ "clinical cytogenetics" ]
[ "clinical genetics", "clinical biochemical genetics", "medical biochemical genetics" ]
[ "clinical informatics" ]
[ "clinical laboratory dermatological immunology" ]
[ "clinical laboratory immunology", "clinical laboratory dermatological immunology" ]
[ "clinical molecular genetics", "molecular genetic pathology" ]
[ "clinical neurophysiology" ]
[ "clinical pathology", "chemical pathology", "clinical laboratory immunology", "clinical laboratory dermatological immunology", "clinical cytogenetics", "clinical molecular genetics", "medical toxicology", "medical microbiology", "molecular genetic pathology", "blood banking", "transfusion medicine", "hematology", "hematology-oncology", "pediatric hematology oncology" ]
[ "clinical pharmacology" ]
[ "colon surgery" ]
[ "congenital cardiac surgery" ]
[ "cosmetic surgery" ]
[ "craniofacial surgery" ]
[ "critical care medicine", "pulmonary critical care medicine", "surgical critical care", "pediatric critical care medicine" ]
[ "cytopathology" ]
[ "dermatologic surgery" ]
[ "dermatology" ]
[ "dermatopathology" ]
[ "developmental-behavioral pediatrics" ]
[ "diabetes" ]
[ "diagnostic radiology" ]
[ "emergency medical services" ]
[ "emergency medicine", "urgent care medicine", "pediatric emergency medicine" ]
[ "endocrinology", "reproductive endocrinology", "infertility", "pediatric endocrinology" ]
[ "endovascular surgical neuroradiology" ]
[ "epidemiology" ]
[ "epilepsy" ]
[ "facial plastic surgery" ]
[ "family medicine" ]
[ "family practice" ]
[ "female pelvic medicine", "female reconstructive surgery" ]
[ "female reconstructive surgery", "female pelvic medicine" ]
[ "foot orthopedics" ]
[ "forensic pathology" ]
[ "forensic psychiatry" ]
[ "gastroenterology" ]
[ "general practice" ]
[ "general preventive medicine", "public health" ]
[ "general surgery" ]
[ "geriatric medicine" ]
[ "geriatric psychiatry" ]
[ "gynecological oncology" ]
[ "gynecology", "gynecological oncology", "infertility", "reproductive endocrinology" ]
[ "hand surgery" ]
[ "head and neck surgery", "otolaryngology", "neurotology", "plastic head and neck surgery", "pediatric otolaryngology" ]
[ "hematology", "hematology-oncology", "pediatric hematology oncology" ]
[ "hematology-oncology", "pediatric hematology oncology" ]
[ "hepatology" ]
[ "hospice medicine", "palliative medicine" ]
[ "hospitalist", "internal medicine", "pediatric hospital medicine" ]
[ "hyperbaric medicine", "undersea medicine" ]
[ "immunology", "clinical laboratory immunology", "clinical laboratory dermatological immunology" ]
[ "infectious disease", "medical microbiology" ]
[ "infertility", "reproductive endocrinology" ]
[ "internal medicine", "hospitalist", "interventional cardiology" ]
[ "interventional cardiology" ]
[ "interventional radiology", "endovascular surgical neuroradiology" ]
[ "legal medicine" ]
[ "maternal-fetal medicine" ]
[ "maxillofacial surgery", "oral surgery" ]
[ "medical biochemical genetics", "clinical biochemical genetics" ]
[ "medical genetics", "clinical genetics", "clinical biochemical genetics", "medical biochemical genetics", "clinical cytogenetics", "clinical molecular genetics", "molecular genetic pathology" ]
[ "medical management" ]
[ "medical microbiology" ]
[ "medical oncology", "hematology-oncology", "pediatric hematology oncology" ]
[ "medical physics", "radiological physics" ]
[ "medical toxicology" ]
[ "molecular genetic pathology", "clinical molecular genetics" ]
[ "musculoskeletal oncology" ]
[ "musculoskeletal radiology" ]
[ "neonatal-perinatal medicine" ]
[ "nephrology", "pediatric nephrology" ]
[ "neurodevelopmental disabilities" ]
[ "neurological surgery", "endovascular surgical neuroradiology" ]
[ "neurology", "neuromuscular medicine", "neuropsychiatry" ]
[ "neuromuscular medicine" ]
[ "neuropathology" ]
[ "neuropsychiatry", "psychiatry", "psychoanalysis", "psychosomatic medicine", "child psychiatry", "adolescent psychiatry", "forensic psychiatry" ]
[ "neuroradiology" ]
[ "neurotology" ]
[ "nuclear cardiology" ]
[ "nuclear medicine" ]
[ "nuclear radiology" ]
[ "nutrition" ]
[ "obstetric anesthesiology" ]
[ "obstetrics", "gynecology", "gynecological oncology", "infertility", "reproductive endocrinology", "obstetric anesthesiology", "maternal-fetal medicine", "female pelvic medicine", "female reconstructive surgery" ]
[ "occupational medicine" ]
[ "ophthalmic plastic surgery" ]
[ "ophthalmic reconstructive surgery" ]
[ "ophthalmology", "ophthalmic plastic surgery", "ophthalmic reconstructive surgery", "pediatric ophthalmology" ]
[ "oral surgery", "maxillofacial surgery" ]
[ "orthopedic spine surgery" ]
[ "orthopedic surgery", "adult reconstructive orthopedics", "ankle orthopedics", "orthopedic spine surgery", "orthopedic trauma", "hand surgery", "pediatric orthopedics" ]
[ "orthopedic trauma" ]
[ "osteopathic manipulative medicine",  "osteopathic neuromusculoskeletal medicine" ]
[ "osteopathic neuromusculoskeletal medicine", "osteopathic manipulative medicine" ]
[ "otolaryngology", "head and neck surgery", "neurotology", "plastic head and neck surgery", "pediatric otolaryngology" ]
[ "pain management", "pain medicine", "acute pain medicine", "regional anesthesiology" ]
[ "pain medicine", "pain management", "acute pain medicine", "regional anesthesiology" ]
[ "palliative medicine", "hospice medicine" ]
[ "pediatric allergy" ]
[ "pediatric anesthesiology" ]
[ "pediatric cardiology" ]
[ "pediatric cardiothoracic surgery" ]
[ "pediatric critical care medicine" ]
[ "pediatric dermatology" ]
[ "pediatric emergency medicine" ]
[ "pediatric endocrinology" ]
[ "pediatric gastroenterology" ]
[ "pediatric hematology oncology" ]
[ "pediatric hospital medicine" ]
[ "pediatric infectious diseases" ]
[ "pediatric nephrology" ]
[ "pediatric ophthalmology" ]
[ "pediatric orthopedics" ]
[ "pediatric otolaryngology" ]
[ "pediatric pathology" ]
[ "pediatric pulmonology" ]
[ "pediatric radiology" ]
[ "pediatric rehabilitation medicine" ]
[ "pediatric rheumatology" ]
[ "pediatric surgery" ]
[ "pediatric transplant hepatology" ]
[ "pediatric urology" ]
[ "pediatrics", "neonatal-perinatal medicine", "pediatric allergy", "pediatric anesthesiology", "pediatric cardiology", "pediatric cardiothoracic surgery", "pediatric critical care medicine", "pediatric dermatology", "pediatric emergency medicine", "pediatric endocrinology", "pediatric gastroenterology", "pediatric hematology oncology", "pediatric hospital medicine", "pediatric infectious diseases", "pediatric nephrology", "pediatric ophthalmology", "pediatric orthopedics", "pediatric otolaryngology", "pediatric pathology", "pediatric pulmonology", "pediatric radiology", "pediatric rehabilitation medicine", "pediatric rheumatology", "pediatric surgery", "pediatric transplant hepatology", "pediatric urology", "child abuse pediatrics", "child neurology", "child psychiatry", "adolescent psychiatry", "adolescent medicine", "neurodevelopmental disabilities" ]
[ "pharmaceutical medicine" ]
[ "phlebology" ]
[ "physical medicine rehabilitation" ]
[ "plastic head and neck surgery" ]
[ "plastic surgery", "plastic head and neck surgery", "cosmetic surgery", "hand surgery" ]
[ "procedural dermatology" ]
[ "proctology" ]
[ "psychiatry", "neuropsychiatry", "psychoanalysis", "psychosomatic medicine", "child psychiatry", "adolescent psychiatry", "forensic psychiatry" ]
[ "psychoanalysis" ]
[ "psychosomatic medicine" ]
[ "public health", "general preventive medicine" ]
[ "pulmonary critical care medicine" ]
[ "pulmonary disease", "pulmonary critical care medicine", "pediatric pulmonology" ]
[ "radiation oncology" ]
[ "radiological physics" ]
[ "radiology" ]
[ "rectal surgery" ]
[ "regional anesthesiology" ]
[ "reproductive endocrinology", "infertility" ]
[ "rheumatology", "pediatric rheumatology" ]
[ "selective pathology" ]
[ "sleep medicine" ]
[ "spinal cord injury" ]
[ "sports medicine" ]
[ "surgical critical care" ]
[ "surgical oncology" ]
[ "thoracic surgery" ]
[ "transfusion medicine" ]
[ "transplant cardiology" ]
[ "transplant hepatology" ]
[ "transplant surgery", "transplant cardiology", "transplant hepatology", "pediatric transplant hepatology" ]
[ "trauma surgery", "orthopedic trauma", "surgical critical care" ]
[ "undersea medicine", "hyperbaric medicine" ]
[ "urgent care medicine", "emergency medicine", "pediatric emergency medicine" ]
[ "urology", "pediatric urology" ]
[ "vascular medicine", "phlebology" ]
[ "vascular neurology", "endovascular surgical neuroradiology" ]
[ "vascular radiology", "endovascular surgical neuroradiology" ]
[ "vascular surgery", "endovascular surgical neuroradiology", "phlebology" ]
