Abdominal Radiology
Abdominal Surgery
Pain Medicine
Addiction Medicine
Addiction Psychiatry
Adolescent Medicine
Child & Adolescent Psychiatry
Adult Cardiothoracic Anesthesiology
Adult Congenital Heart Disease
Adult Reconstructive Orthopedics
Advanced Heart Failure & Transplant Cardiology
Advanced Surgical Oncology
Aerospace Medicine
Allergy & Immunology
Anatomic/Clinical Pathology
Anesthesiology
Foot & Ankle Orthopedics
Blood Banking/Transfusion Medicine
Brain Injury Medicine
Cardiac Electrophysiology
Cardiothoracic Radiology
Cardiovascular Diseases
Chemical Pathology
Child Abuse Pediatrics
Child Neurology
Child & Adolescent Psychiatry
Clinical Biochemical Genetics
Clinical Cytogenetics
Clinical Genetics
Clinical Informatics
Clinical & Laboratory Dermatological Immunology
Clinical Laboratory Immunology
Clinical Molecular Genetics
Clinical Neurophysiology
Anatomic/Clinical Pathology
Clinical Pharmacology
Colon & Rectal Surgery
Congenital Cardiac Surgery
Cosmetic Surgery
Craniofacial Surgery
Critical Care Medicine
Cytopathology
Dermatologic Surgery
Dermatology
Dermatopathology
Developmental-Behavioral Pediatrics
Diabetes
Diagnostic Radiology
Emergency Medical Services
Emergency Medicine
Endocrinology, Diabetes, & Metabolism
Endovascular Surgical Neuroradiology
Epidemiology
Epilepsy
Facial Plastic Surgery
Family Medicine
Family Medicine
Female Pelvic Medicine & Reconstructive Surgery
Female Pelvic Medicine & Reconstructive Surgery
Foot & Ankle Orthopedics
Forensic Pathology
Forensic Psychiatry
Gastroenterology
General Practice
Public Health & General Preventive Medicine
General Surgery
Geriatric Medicine
Geriatric Psychiatry
Gynecological Oncology
Gynecology
Hand Surgery
Head and Neck Surgery
Hematology
Hematology/Oncology
Hepatology
Hospice & Palliative Medicine
Internal Medicine
Undersea & Hyperbaric Medicine
Immunology
Infectious Disease
Reproductive Endocrinology & Infertility
Internal Medicine
Interventional Cardiology
Vascular & Interventional Radiology
Legal Medicine
Maternal & Fetal Medicine
Oral & Maxillofacial Surgery
Medical Biochemical Genetics
Medical Genetics
Medical Management
Medical Microbiology
Medical Oncology
Medical Physics
Medical Toxicology
Molecular Genetic Pathology
Musculoskeletal Oncology
Musculoskeletal Radiology
Neonatal-Perinatal Medicine
Nephrology
Neurodevelopmental Disabilities
Neurological Surgery
Neurology
Neuromuscular Medicine
Neuropathology
Neuropsychiatry
Neuroradiology
Neurotology
Nuclear Cardiology
Nuclear Medicine
Nuclear Medicine
Nutrition
Obstetric Anesthesiology
Obstetrics & Gynecology
Occupational Medicine
Ophthalmic Plastic & Reconstructive Surgery
Ophthalmic Plastic & Reconstructive Surgery
Ophthalmology
Oral & Maxillofacial Surgery
Orthopedic Spine Surgery
Orthopedic Surgery
Orthopedic Trauma
Osteopathic Manipulative Medicine
Osteopathic Neuromusculoskeletal Medicine
Otolaryngology
Pain Medicine
Pain Medicine
Hospice & Palliative Medicine
Pediatric Allergy
Pediatric Anesthesiology
Pediatric Cardiology
Pediatric Cardiothoracic Surgery
Pediatric Critical Care Medicine
Pediatric Dermatology
Pediatric Emergency Medicine
Pediatric Endocrinology
Pediatric Gastroenterology
Pediatric Hematology/Oncology
Pediatric Hospital Medicine
Pediatric Infectious Diseases
Pediatric Nephrology
Pediatric Ophthalmology
Pediatric Orthopedics
Pediatric Otolaryngology
Pediatric Pathology
Pediatric Pulmonology
Pediatric Radiology
Pediatric Rehabilitation Medicine
Pediatric Rheumatology
Pediatric Surgery
Pediatric Transplant Hepatology
Pediatric Urology
Pediatrics
Pharmaceutical Medicine
Phlebology
Physical Medicine & Rehabilitation
Plastic Head and Neck Surgery
Plastic Surgery
Procedural Dermatology
Colon & Rectal Surgery
Psychiatry
Psychoanalysis
Psychosomatic Medicine
Public Health & General Preventive Medicine
Pulmonary Critical Care Medicine
Pulmonary Disease
Radiation Oncology
Radiological Physics
Radiology
Colon & Rectal Surgery
Pain Medicine
Reproductive Endocrinology & Infertility
Rheumatology
Selective Pathology
Sleep Medicine
Spinal Cord Injury
Sports Medicine
Surgical Critical Care
Surgical Oncology
Thoracic Surgery
Blood Banking/Transfusion Medicine
Advanced Heart Failure & Transplant Cardiology
Transplant Hepatology
Transplant Surgery
Trauma Surgery
Undersea & Hyperbaric Medicine
Urgent Care Medicine
Urology
Vascular Medicine
Vascular Neurology
Vascular & Interventional Radiology
Vascular Surgery
