AR
AS
PMM
ADM
ADP
ADL
CHP
ACA
CHD
OAR
AHF
ASO
AM
AI
PTH
AN
OFA
BBK
BIN
ICE
CTR
CD
PCH
CAP
CHN
CHP
CBG
CCG
CG
CIM
DDL
ALI
CMG
CN
PTH
PA
CRS
CHS
CS
CFS
CCM
PCP
DS
D
DMP
DBP
DIA
DR
EMS
EM
END
ESN
EP
EPL
FPS
FM
FM
FPR
FPR
OFA
FOP
PFP
GE
GP
PHP
GS
IMG
PYG
GO
GYN
HS
HNS
HEM
HO
HEP
HPM
IM
UM
IG
ID
REN
IM
IC
VIR
LM
MFM
OMF
MBG
MG
MDM
MM
ONON
MDP
PTX
MGP
OMO
MSR
NPM
NEP
NDN
NS
N
NMN
NP
NUP
RNR
NONO
NC
NM
NM
NTR
OAN
OBG
OM
OPR
OPR
OPH
OMF
OSS
ORS
OTR
OMM
ONM
OTO
PMM
PMM
HPM
PDA
PAN
PDC
PCS
CCP
PDD
PEM
PDE
PG
PHO
PHE
PDI
PN
PO
OP
PDO
PP
PDP
PDR
RPM
PPR
PDS
PTP
UP
PD
PHM
PHL
PM
PSH
PS
PRD
CRS
P
PYA
PYM
PHP
PCC
PUD
RO
RP
R
CRS
PMM
REN
RHU
SP
SME
SCI
PRS
CCS
SO
TS
BBK
AHF
THP
TTS
TRS
UM
UCM
U
VM
VN
VIR
VS
