130
225
331
129
15
125
87
199
113
159
78
294
220
215
26
260
221
109
231
351
237
35
118
326
145
354
228
190
315
344
174
305
320
280
73
24
278
189
214
34
375
47
270
370
106
28
254
157
289
259
46
219
54
236
8
304
287
100
83
82
222
36
264
230
4
19
61
328
348
368
119
30
9
14
91
86
301
85
293
285
162
185
150
138
71
295
234
132
151
360
371
322
347
298
271
92
45
241
31
148
79
116
300
136
224
158
257
175
155
343
69
124
333
171
7
334
339
32
207
338
336
227
12
112
66
350
13
341
111
70
244
183
358
373
366
310
121
180
149
316
286
98
239
256
357
57
269
166
249
340
240
363
261
140
213
318
43
144
314
206
56
90
99
281
173
20
147
346
209
216
186
275
311
115
123
42
309
273
312
27
362
55
195
246
290
188
152
176
359
247
23
212
127
205
40
308
97
94
233
131
25
169
335
81
345
154
319
302
330
5
107
50
223
329
44
161
2
181
101
235
139
10
372
80
167
16
39
201
122
105
74
182
284
299
276
238
364
53
208
3
242
37
60
134
353
266
172
356
164
120
272
337
143
88
250
142
274
252
288
248
170
255
292
277
229
268
245
313
58
226
232
342
267
243
296
307
194
104
67
11
84
178
279
114
168
77
306
374
75
202
102
38
369
59
48
349
297
365
110
303
367
265
137
95
49
282
64
146
197
33
135
65
361
217
177
258
6
1
324
325
218
133
153
262
68
21
96
41
187
89
117
103
29
141
263
51
126
163
22
160
355
321
317
184
200
352
93
210
72
203
17
198
291
196
76
156
191
251
63
332
179
18
204
193
192
327
165
108
283
253
211
52
128
323
62
