650
780
515
5
579
623
667
425
88
46
545
588
44
632
103
778
51
711
426
45
128
298
37
428
653
25
22
596
179
237
352
529
532
542
706
528
448
98
122
81
488
357
716
816
49
777
754
587
466
690
268
491
184
474
24
547
724
202
140
367
471
684
242
116
730
267
589
584
593
150
328
77
85
631
405
4
458
624
315
372
665
356
291
505
338
245
93
376
824
438
155
519
312
721
703
465
319
538
560
553
763
377
481
369
351
195
642
792
585
34
69
746
575
336
305
535
398
325
819
363
220
821
258
736
799
677
640
662
782
796
526
283
776
698
562
271
424
558
727
333
174
607
331
205
439
108
373
308
502
806
430
764
80
228
20
638
16
513
12
616
337
719
335
509
761
794
21
172
364
473
244
50
415
735
715
279
732
823
678
278
620
457
322
680
635
33
572
70
210
52
196
504
217
280
813
164
310
571
556
263
314
688
417
483
102
173
169
456
106
621
479
114
442
265
554
390
326
619
749
459
206
138
633
391
404
786
795
15
734
302
134
450
39
472
569
60
365
726
76
324
636
109
675
273
129
443
290
609
381
107
194
229
779
48
464
432
630
26
581
383
634
96
294
257
316
445
805
700
565
674
1
186
162
389
578
767
809
355
142
149
791
683
825
673
166
497
304
487
808
514
699
751
66
111
530
345
203
429
297
822
573
146
604
760
550
292
317
340
599
59
770
697
668
720
745
75
671
418
490
163
72
264
664
301
274
666
222
598
449
742
503
160
641
303
254
455
197
602
311
35
523
541
248
577
366
8
826
306
494
281
476
3
354
6
82
285
707
143
551
467
639
555
510
62
78
238
601
704
402
691
230
766
670
133
132
461
516
728
552
176
693
379
71
29
600
648
223
198
152
480
275
73
362
759
235
19
765
527
748
253
469
548
517
603
485
168
411
234
200
785
533
54
725
232
566
92
586
300
348
739
47
546
388
394
23
185
380
567
627
136
468
788
207
536
801
89
712
392
11
272
522
371
2
705
803
83
84
182
14
713
53
288
506
544
382
659
276
625
484
804
407
663
489
259
269
654
507
689
628
270
10
610
643
419
323
334
266
180
215
534
188
486
42
413
233
524
811
341
191
752
28
396
427
211
672
287
139
611
820
606
423
708
208
496
63
750
243
145
17
343
100
814
156
36
170
440
86
422
608
385
224
815
681
737
246
123
125
240
718
249
508
807
130
193
525
231
401
216
416
512
368
613
115
126
339
802
493
436
403
756
241
227
165
124
299
709
762
787
710
412
660
563
359
717
13
695
783
784
147
644
313
399
657
262
744
731
397
453
451
647
159
570
590
743
61
492
687
694
330
646
41
213
462
685
68
236
225
753
177
614
773
741
775
38
151
289
40
622
771
629
349
733
175
43
121
774
696
157
295
204
652
360
437
329
790
549
594
676
167
582
460
57
810
131
261
113
477
94
118
58
318
817
661
576
201
127
757
110
645
738
296
812
531
95
255
141
409
501
482
463
9
729
214
65
370
561
32
447
758
178
190
618
353
798
120
701
568
692
181
293
112
171
119
747
158
656
431
153
344
104
212
518
199
189
277
361
797
669
309
511
97
498
387
358
470
247
90
434
239
321
615
64
520
740
154
284
282
446
219
789
702
557
441
99
592
583
218
755
209
649
651
374
408
55
772
800
495
595
444
30
605
714
135
793
350
101
454
332
580
564
137
378
420
87
617
375
161
500
18
637
400
7
286
574
559
658
537
768
414
722
393
183
682
91
31
347
252
612
187
591
74
723
475
192
540
452
221
769
148
250
260
539
384
105
679
67
79
433
320
307
144
435
251
346
781
56
256
395
655
521
421
117
386
686
342
818
27
406
478
410
626
597
226
543
327
499
