335
89
314
283
160
343
84
158
370
221
85
78
219
233
9
214
204
103
266
229
168
300
286
48
125
105
3
271
230
243
8
280
246
298
131
69
45
24
25
317
132
28
171
60
4
270
192
303
327
139
320
35
207
336
128
86
363
261
245
361
150
285
222
11
255
279
13
374
100
111
157
17
102
293
193
124
195
54
375
227
362
51
289
217
66
181
71
16
93
369
357
237
99
190
257
294
247
50
281
36
96
117
162
201
5
53
186
42
341
203
98
322
183
65
331
273
142
27
297
288
146
307
282
121
295
32
251
258
256
212
107
252
173
108
262
231
176
218
239
94
56
113
26
2
39
165
120
130
147
63
43
272
140
359
278
290
240
268
145
345
263
83
30
177
10
112
358
92
59
151
309
79
292
355
67
269
29
202
328
200
91
236
185
152
220
47
81
21
329
31
46
346
373
70
349
306
82
234
76
276
267
232
7
1
187
215
182
226
118
153
57
55
312
115
159
339
318
347
284
141
95
80
242
337
49
179
313
23
15
244
291
174
44
41
87
235
376
208
52
116
129
209
316
299
101
22
241
259
180
274
40
149
260
114
110
20
360
161
354
73
353
18
119
148
37
12
379
238
189
324
170
172
287
194
169
265
366
58
211
351
109
377
137
311
188
228
206
319
156
340
325
198
249
275
348
136
68
210
323
19
333
308
364
205
143
62
371
167
330
104
126
191
135
77
184
154
224
196
315
356
155
213
277
166
197
367
253
352
380
264
74
138
133
199
164
368
163
106
304
75
301
225
372
38
90
72
14
338
223
178
248
122
310
144
305
344
350
61
326
88
365
378
254
216
296
134
97
250
302
33
175
321
64
34
6
127
334
332
123
342
