290
288
405
85
216
83
304
46
406
165
269
147
275
261
283
178
281
48
138
319
64
392
63
90
49
339
359
263
213
74
14
332
212
134
194
3
114
168
325
125
331
381
8
145
72
306
224
39
30
44
2
38
383
413
108
223
80
15
394
184
53
119
204
395
257
385
55
349
67
272
40
150
11
258
141
183
164
161
233
78
29
10
92
97
105
268
251
334
195
345
259
311
210
106
384
274
157
69
196
70
260
81
368
33
130
240
348
25
302
287
50
155
202
66
17
337
87
158
37
159
369
13
198
246
189
197
109
347
245
296
286
416
267
378
160
21
206
32
350
295
94
315
327
372
231
273
107
144
126
411
346
265
266
218
358
172
117
142
99
412
211
417
65
299
133
6
225
400
227
285
264
244
136
262
336
277
243
399
220
95
229
415
396
276
112
376
162
397
199
300
308
101
236
154
57
27
362
255
307
152
187
409
373
237
5
271
113
389
207
320
291
131
61
89
121
282
252
209
354
28
52
18
363
284
371
185
280
192
402
146
73
370
75
379
102
60
23
156
330
203
45
35
355
341
353
247
76
179
31
333
143
93
180
84
132
342
314
128
182
401
326
122
139
171
174
149
217
167
200
391
248
309
343
19
323
116
115
181
103
34
335
298
254
47
366
120
328
305
219
7
301
201
71
321
186
79
163
234
4
43
88
278
375
137
12
238
386
127
118
77
129
62
16
177
317
316
338
96
253
175
36
123
318
22
222
297
166
100
153
380
98
26
228
250
387
68
41
329
214
176
292
170
294
111
140
205
241
1
344
403
408
293
322
59
398
51
279
124
404
9
356
249
377
169
148
86
360
351
303
410
24
239
256
270
230
340
242
135
208
221
190
235
365
414
388
312
173
56
215
54
110
364
91
361
313
390
232
289
407
188
374
393
310
42
193
352
367
357
382
82
324
226
151
191
104
20
58
