815
684
767
905
63
746
3
608
179
774
152
371
810
321
491
805
675
857
448
265
650
36
28
441
848
925
582
268
553
961
940
234
12
254
522
300
29
809
703
771
778
943
626
70
50
162
821
239
305
722
367
462
819
328
15
33
932
52
667
277
77
320
216
833
40
207
391
148
511
158
490
591
612
741
487
534
134
516
272
653
151
872
413
956
105
167
716
674
14
954
164
888
671
937
478
921
698
365
761
473
812
912
11
832
424
191
444
497
354
539
255
820
517
356
736
200
235
192
871
633
814
118
359
935
38
493
884
734
834
442
715
486
691
672
773
280
416
885
342
942
100
201
791
270
263
461
133
503
122
315
827
286
847
329
95
732
637
754
246
916
262
514
904
307
431
755
347
7
918
452
86
661
938
150
529
858
475
376
837
530
119
41
711
577
817
456
875
750
677
420
358
467
290
297
686
169
548
719
251
377
733
959
223
647
336
80
818
588
253
373
640
229
284
184
147
807
189
714
84
646
185
840
16
893
855
237
624
558
331
894
603
524
98
614
610
131
244
537
106
545
749
948
638
156
743
99
387
455
941
776
697
873
67
688
395
952
275
874
42
400
946
547
800
576
316
859
756
295
256
96
34
423
836
187
75
585
584
327
143
852
663
43
247
388
208
264
643
758
230
407
5
466
127
396
644
546
550
125
669
155
430
176
181
206
355
772
786
779
228
678
112
211
793
549
333
313
763
60
868
762
2
531
422
214
687
341
374
898
174
472
747
312
319
419
382
249
298
594
121
798
332
130
920
510
178
602
508
606
136
796
81
785
111
250
226
9
863
598
283
555
901
425
525
107
188
193
496
825
926
725
411
731
866
705
245
712
574
676
681
845
792
37
58
844
495
902
945
18
1
55
233
881
287
195
144
368
578
520
173
337
896
753
172
489
960
752
114
141
259
702
568
693
527
566
572
291
570
389
10
564
620
680
645
958
604
541
221
590
72
769
301
699
777
123
350
631
751
540
856
538
799
62
842
707
432
617
600
665
124
326
890
766
364
835
870
232
728
32
627
797
618
104
886
660
933
605
393
266
220
738
225
403
782
692
76
166
142
744
789
867
369
340
790
850
314
864
175
399
713
726
436
115
651
689
252
47
160
27
205
560
61
116
593
170
882
317
415
780
139
923
706
518
523
831
717
563
928
293
666
813
947
929
781
428
607
891
854
889
182
212
521
562
806
575
909
567
930
238
241
243
21
379
936
64
957
402
784
260
955
887
939
177
949
459
464
219
579
816
163
180
186
695
361
292
526
783
240
479
351
622
278
44
161
592
794
397
536
907
770
673
721
694
679
103
353
543
434
480
454
269
735
309
565
552
639
6
409
450
49
135
418
120
739
101
919
683
853
468
94
632
198
157
218
757
196
718
20
405
349
862
788
544
236
609
910
513
482
344
494
587
126
808
79
927
261
153
913
92
877
615
469
69
322
199
215
903
271
346
528
378
471
571
512
465
655
102
662
869
710
828
343
630
488
846
634
385
500
477
934
443
190
841
595
23
87
279
132
737
533
760
457
97
625
445
339
613
481
217
183
843
922
117
740
421
727
360
165
569
616
670
392
700
242
408
685
363
51
861
652
330
664
880
248
406
109
759
426
370
507
509
573
394
108
463
542
599
304
39
427
583
129
224
556
621
375
895
83
137
597
838
210
878
724
589
145
476
924
25
258
414
93
82
357
723
931
362
897
730
345
302
154
85
13
446
950
113
35
581
879
213
294
451
708
348
629
611
460
30
8
168
826
849
31
372
209
335
906
559
74
775
22
899
267
299
88
274
90
308
883
325
324
822
410
787
435
438
384
915
231
596
197
310
944
288
19
586
417
323
635
401
26
65
657
128
439
696
303
492
381
447
648
580
222
257
433
908
453
57
78
146
440
458
668
502
89
505
801
48
720
551
642
900
951
483
159
892
504
804
839
429
73
561
306
829
768
474
54
171
318
281
601
729
296
390
352
830
501
709
138
623
24
289
658
682
795
654
71
202
519
649
383
803
273
334
765
641
203
338
498
53
628
311
366
386
554
802
470
398
227
437
149
953
876
194
45
811
851
823
380
742
865
449
659
404
282
636
860
68
764
46
4
656
515
506
748
557
204
532
66
140
17
91
285
824
745
499
276
704
56
619
59
917
485
690
484
535
412
701
110
911
914
