7
61
446
350
30
35
5
545
3
534
343
404
87
15
523
228
248
249
570
563
413
546
433
149
311
84
551
14
532
260
549
142
566
231
82
253
258
338
133
381
564
426
48
315
204
461
159
466
279
376
320
25
364
92
538
450
47
66
556
307
273
346
328
366
581
12
463
572
156
81
494
378
427
457
576
208
497
291
54
550
177
298
53
492
330
59
185
24
548
278
415
96
55
113
284
387
448
540
386
503
357
313
459
398
420
67
269
290
112
471
542
118
337
259
206
229
16
6
490
467
361
107
250
559
325
509
352
355
196
286
411
485
160
318
407
83
43
172
126
582
203
120
425
85
353
393
198
469
9
69
62
202
114
383
349
334
80
310
422
173
558
302
245
49
22
103
122
447
44
579
45
262
256
316
264
263
255
443
246
324
58
175
424
199
515
452
319
242
301
119
493
217
516
365
145
491
251
530
235
322
372
333
339
501
519
392
384
575
134
408
225
51
321
344
567
239
314
64
402
406
451
536
499
574
472
508
8
294
123
129
42
27
439
110
101
292
105
456
423
340
479
121
375
252
474
557
1
200
155
143
506
401
477
465
468
440
565
403
397
438
539
377
222
560
388
400
336
233
514
234
578
303
184
299
561
100
154
226
354
165
373
218
108
367
437
89
227
389
76
445
18
454
194
151
345
495
297
341
216
33
528
512
380
57
95
266
379
395
370
236
190
475
419
150
86
140
522
98
481
418
93
430
371
276
77
272
65
478
147
139
271
527
363
106
116
385
470
326
144
529
524
214
20
476
562
285
38
164
396
517
526
390
195
211
521
441
90
19
544
221
473
543
289
168
464
241
308
257
174
180
502
261
442
462
75
293
417
26
230
189
78
583
130
484
37
553
568
554
117
410
518
137
176
488
186
136
220
435
309
300
79
304
56
197
531
238
201
351
146
281
124
455
34
191
482
496
573
368
520
244
50
188
115
500
209
569
362
431
331
577
547
525
507
414
535
306
533
178
429
356
394
436
181
17
162
280
109
323
21
99
421
409
489
232
305
4
29
71
487
36
179
243
171
391
460
240
2
405
72
68
360
157
169
104
277
265
97
434
63
504
458
212
31
283
210
347
432
73
342
192
287
480
268
32
513
412
166
39
317
213
247
254
580
295
41
52
288
141
270
267
74
428
88
358
399
374
274
296
111
207
138
444
183
552
28
128
505
40
132
102
11
453
70
193
275
13
483
10
237
282
60
510
486
215
498
511
153
170
23
94
135
327
571
416
223
125
158
555
369
161
163
131
148
182
359
46
348
127
449
312
335
91
537
205
541
167
224
382
219
329
332
152
187
