263
179
586
369
372
88
523
306
159
21
405
186
504
216
414
176
69
486
494
491
11
102
151
85
434
49
153
71
612
166
527
191
493
2
604
209
292
339
510
7
40
39
533
530
141
600
44
298
245
37
143
553
137
248
271
92
187
297
58
265
526
513
588
547
251
456
54
427
488
204
356
484
476
168
215
240
139
66
76
363
321
27
560
93
587
602
138
22
577
146
460
399
538
214
219
609
499
31
132
438
284
400
391
81
262
395
289
184
314
334
210
535
125
119
293
393
218
412
158
59
371
359
424
599
324
551
546
196
518
451
378
198
574
45
566
437
278
340
495
70
101
98
299
406
194
145
78
322
260
206
469
462
234
133
397
360
522
208
326
564
544
370
453
43
591
468
386
224
407
534
51
552
9
472
398
440
77
361
172
418
402
60
64
20
135
569
136
490
287
578
357
188
382
517
572
300
435
605
34
606
117
201
128
473
388
374
97
246
410
134
443
107
580
528
463
508
375
353
497
474
170
283
150
286
241
211
16
23
157
489
261
444
543
573
68
342
226
422
152
364
285
421
307
562
475
537
227
267
229
478
274
571
4
80
348
236
477
221
501
243
447
291
550
542
96
276
160
358
325
277
320
355
13
180
532
343
108
14
331
35
420
428
252
415
305
512
123
65
568
91
318
346
115
311
114
113
232
589
515
366
163
351
338
593
541
313
507
105
75
401
482
545
175
38
122
417
295
222
319
384
212
521
217
63
389
506
335
56
413
148
239
1
336
50
376
161
165
116
457
446
575
207
244
100
15
193
109
582
74
259
454
3
549
379
433
608
106
177
511
347
556
387
19
197
470
404
430
377
603
174
249
24
503
230
383
32
79
178
583
492
255
595
6
500
485
242
445
164
479
531
130
182
67
162
450
281
233
519
90
17
57
536
33
228
269
87
557
558
29
411
429
55
126
309
142
416
579
294
565
127
312
247
86
213
520
487
257
95
279
425
316
84
431
505
344
154
203
539
581
62
169
149
594
496
409
441
459
345
403
471
302
514
349
121
330
30
171
458
529
555
310
42
601
18
308
155
156
567
190
258
516
253
28
498
61
559
561
611
540
502
36
223
266
235
423
317
89
385
585
381
465
524
264
195
509
394
288
315
5
25
598
436
432
237
341
480
26
373
83
296
200
82
147
250
380
337
110
439
610
202
47
455
592
192
464
268
392
140
131
613
350
275
173
220
104
426
352
408
112
590
329
597
185
118
12
327
256
111
448
304
467
301
124
596
396
576
554
282
254
183
570
481
461
46
419
53
167
280
99
270
333
181
144
129
238
189
466
231
449
94
607
525
584
368
273
563
332
41
199
323
442
272
8
483
390
328
205
452
120
103
365
367
10
548
225
52
354
290
48
72
303
362
73
