250
148
325
118
240
90
54
170
166
22
322
245
226
155
340
117
291
121
99
55
214
68
70
30
48
186
215
281
28
17
141
82
294
178
177
111
203
174
293
278
251
18
136
207
129
247
35
216
61
274
14
84
314
230
3
222
25
131
227
301
56
78
295
172
15
74
253
191
229
9
308
167
86
93
304
175
102
151
335
154
327
146
95
163
211
220
319
57
40
285
238
169
310
187
27
1
66
272
252
218
197
270
76
275
72
69
221
332
303
290
39
139
113
334
268
262
309
198
87
299
205
138
115
7
130
341
89
277
140
333
5
79
145
109
132
158
267
190
11
307
254
231
246
116
143
192
52
85
296
257
208
126
282
256
162
210
6
119
324
165
152
242
184
43
273
13
320
37
135
259
160
233
64
195
176
244
24
193
157
105
183
234
149
264
107
29
265
67
219
306
286
182
92
127
326
239
45
188
196
94
59
258
206
153
248
271
10
101
266
26
199
133
255
189
179
112
298
33
81
100
60
98
77
2
42
47
50
51
150
249
123
62
106
75
241
20
161
312
330
311
338
21
313
181
41
289
237
283
328
164
276
200
321
209
58
329
12
137
38
97
63
280
317
103
225
44
316
232
212
305
288
80
224
292
71
23
16
49
336
4
260
114
73
36
185
83
159
331
180
8
19
323
204
201
269
128
34
171
122
147
65
96
217
120
168
142
223
302
32
108
125
110
337
91
284
134
88
300
297
318
202
263
53
31
279
194
235
315
261
236
156
173
243
287
46
104
228
144
213
124
339
