1145
869
1275
1523
253
1445
308
1240
1159
1985
1916
1896
1171
1699
1645
166
95
683
72
90
1615
387
356
389
1356
1634
549
1007
896
1476
1352
1167
811
271
178
1421
1338
1208
1529
663
1694
1160
5
1906
578
1655
2112
2022
298
2032
1009
1236
1566
752
1971
1432
898
959
7
661
1963
770
2117
823
1450
968
913
25
1320
343
1084
986
1408
728
1898
1973
1213
1176
339
993
1488
315
447
1519
1391
2135
1258
858
1082
977
1962
1120
188
247
106
1414
252
10
1865
1427
1155
1376
1324
375
970
544
570
1527
908
128
402
337
1903
1579
1369
460
1823
988
110
552
903
624
1065
656
1946
1014
429
1785
686
1778
207
1553
1384
485
1217
963
1522
2081
404
1583
1944
872
730
1601
432
820
1161
1660
983
1027
1389
251
732
500
838
408
762
1123
489
672
1991
2095
1508
981
538
1349
1651
536
1541
1852
142
1222
643
2034
807
727
84
1856
1905
733
774
284
1834
491
998
237
706
944
156
1428
2105
493
1102
948
1392
1474
1382
751
1282
257
554
523
1616
845
1981
1218
1912
1081
1493
1162
1910
704
57
1882
1629
1926
1087
1083
1751
346
1478
1719
1779
1063
58
808
2085
857
431
1114
1587
601
1245
794
625
2025
2086
1710
360
1462
43
1994
355
2103
1990
249
1765
1375
897
649
125
1987
618
180
399
1309
1487
2107
1750
563
937
2092
1417
1627
1559
1025
62
349
791
186
321
1593
1830
50
529
906
2079
1179
1058
1754
2039
350
1116
1501
216
1900
1396
2102
812
1795
1712
193
1551
1643
1797
1533
531
1775
1061
880
171
2046
883
1673
1188
36
526
863
329
1922
456
1268
211
871
1150
667
133
2090
1133
33
1670
1451
546
750
731
159
261
1885
660
1833
1299
1197
51
1510
955
374
721
302
385
1536
12
1681
1874
1073
1545
1528
1183
886
1329
1169
1955
1859
1722
2122
1295
2028
1700
198
2044
868
77
1783
1459
314
2011
796
508
1569
286
1777
1512
465
2100
889
1943
439
9
1482
1771
1363
1855
2127
1763
2076
2041
1502
1034
558
2030
2038
107
1393
1341
2010
2057
101
1818
317
1101
1511
1424
952
582
729
1231
1302
65
340
1484
2121
1535
300
2104
2017
899
1050
740
184
1438
539
622
1707
611
1358
996
1932
1147
1600
860
1276
454
1405
1166
1578
1620
1340
258
1041
890
581
1219
1379
592
2126
1052
1977
613
1521
1760
1857
478
1881
931
1157
457
1444
657
127
862
1426
1278
1766
768
505
1044
113
965
1121
1406
1036
114
473
301
1592
995
353
603
2031
1597
1554
607
917
309
1345
410
1829
830
105
1209
1718
482
2140
1473
103
177
163
2115
1252
382
698
26
1658
612
2134
814
212
709
1969
1726
1516
2026
1965
1574
1471
334
236
1794
434
990
2069
2005
1540
1460
976
922
1115
1863
231
342
1525
98
2110
1203
817
1039
1415
1703
941
1770
56
789
533
1609
54
1884
2061
52
1103
39
1546
2050
1377
1860
567
1198
403
534
1437
1641
409
1154
921
1746
1924
1872
1838
1026
160
15
1608
1446
781
1919
31
18
2133
2136
344
1506
1318
1072
185
874
1682
509
571
1633
840
876
1190
1348
1498
1822
367
550
841
945
182
60
1387
1430
1273
636
866
412
865
1811
1893
738
2123
1564
1515
1492
1581
957
947
982
279
848
1285
1003
1935
1286
1076
1284
1989
2006
926
480
2109
1845
1499
1062
417
596
692
267
1247
1232
1689
715
338
388
835
2143
1238
272
55
1933
949
587
1191
204
1333
971
380
80
718
1404
1513
1565
1107
786
1441
357
2144
175
961
1652
2137
1664
1928
1665
418
1397
556
1835
1802
737
496
1279
2052
1825
893
2059
1696
140
259
1622
670
1174
285
1339
1301
2020
1178
1094
466
879
1596
1514
1562
1022
1328
1241
942
442
798
228
488
826
1901
1635
2075
1257
416
1463
1524
1984
659
748
1768
1495
628
2015
1980
617
1725
588
1659
299
414
609
1055
47
1826
734
48
2088
67
49
541
221
1006
1256
806
1185
711
772
1954
1539
223
1173
992
597
1304
1270
1743
1434
1423
2062
1738
749
139
1796
726
803
173
2049
1105
662
119
675
653
673
1490
989
2138
325
778
764
1466
411
934
1046
1124
118
1920
336
2047
1243
1291
2060
1828
1663
294
1230
557
331
453
1047
712
685
1485
280
1798
1891
1455
219
735
1782
594
1281
78
157
468
66
183
950
1205
828
742
143
2063
376
1913
287
985
1089
551
2078
1053
79
1853
652
1347
827
1313
461
984
1272
1887
623
477
1266
161
1737
2130
93
1769
1729
646
1637
2146
245
1582
464
2007
1630
88
564
2113
1705
1824
138
1744
2142
2084
783
1840
46
1672
973
1311
521
1602
1960
1571
1060
1029
484
1801
291
260
1628
396
278
606
109
472
629
37
946
1098
2008
1731
909
1370
433
929
332
1967
1074
1005
802
1251
1668
1261
102
755
2139
518
129
1326
1702
1315
361
974
1037
1589
1858
527
895
713
1842
318
2125
1603
1316
1216
1861
8
398
849
14
475
32
627
1619
446
1170
1788
1611
2051
497
1575
1175
1632
852
1995
1678
1992
1184
1780
265
1810
719
1001
1638
369
144
1008
42
1624
1314
1468
577
579
654
790
474
406
1380
1265
720
816
341
1880
1560
281
691
650
566
1613
1242
1591
885
1077
328
1095
575
276
697
1042
3
1038
800
1119
390
833
1577
167
1412
1854
199
1958
1982
545
1693
268
2003
1395
1850
2067
1605
1567
999
197
614
1075
191
1758
793
1925
1799
383
1296
458
1059
169
1327
1399
2023
935
1096
958
443
2089
2073
1866
504
452
277
1410
1141
1483
510
94
1234
1
232
602
1200
1013
2027
1469
560
217
809
1784
844
1504
1709
1849
502
115
2066
2001
87
295
555
358
6
688
717
1215
589
1644
1580
1827
1196
1736
632
162
1561
1792
1139
1956
1739
882
415
839
975
585
1064
1237
1248
821
736
1683
445
2114
1280
2064
1411
28
1030
792
91
1355
904
850
1458
799
386
651
215
1972
1918
1555
1735
1781
1843
1344
1097
859
1204
969
269
584
335
1086
1821
1755
1321
1975
2014
1767
991
515
150
75
940
543
86
371
747
696
426
1669
1657
708
1911
1986
2013
1902
1477
1998
2101
1808
573
1685
1572
801
436
1568
233
2040
1864
1189
189
377
368
1748
1000
1953
590
1734
1088
1677
1403
1035
782
1378
2055
2119
1346
1277
1728
476
1941
1336
1494
1720
1752
743
939
1716
1388
11
1264
1080
535
638
1475
1016
1877
679
313
1892
1146
2128
1225
1129
283
1012
205
1300
593
1290
1436
1836
1550
1091
1813
1372
1631
919
444
1817
703
924
264
122
1756
96
132
354
27
856
1464
620
99
2029
288
1907
604
1819
598
240
1642
229
224
273
2065
262
1425
1721
1889
2118
1979
2016
1454
392
1894
1409
669
1172
395
760
428
2096
861
1125
451
1879
1371
1481
824
2058
311
1846
1056
1419
1687
956
1110
960
289
348
1908
1480
1180
1250
633
1323
1228
1646
951
1675
1221
2072
700
901
642
471
438
681
766
21
378
1598
722
35
486
92
141
391
619
1698
1078
1776
559
1640
1381
1679
76
1878
435
1289
1342
306
1148
815
401
1132
363
854
192
511
203
148
111
2037
1868
208
1156
1443
1214
467
1509
540
120
1496
1674
923
522
246
640
1931
501
878
1544
702
1433
631
1467
1158
1373
1351
1364
1886
59
1520
292
1066
910
225
506
907
707
1023
953
1400
1654
1274
345
765
771
222
819
307
1805
1187
1249
994
972
530
630
930
200
437
1489
1181
1332
305
384
1595
1526
319
920
85
459
1297
1895
780
1288
244
1092
1019
239
610
1983
616
68
483
1470
1691
503
1057
591
1262
492
1715
741
1100
1757
687
324
1815
776
1959
1357
1876
1584
1914
553
4
788
1142
753
938
1130
595
1442
202
1239
655
724
1999
1045
275
574
513
2009
693
1951
1807
979
1538
1367
745
528
873
351
449
1199
954
73
373
104
1697
250
1193
2019
1929
146
226
1976
372
131
1260
1452
1921
1927
1126
19
34
1229
846
227
1068
1964
1479
1867
746
847
1791
61
1365
381
1883
925
121
1812
524
1870
448
214
1534
1104
1465
1374
218
690
547
1772
2045
152
112
525
1790
723
1244
1915
266
1109
548
900
282
1343
165
1586
514
1136
1137
134
825
1069
312
562
1684
2145
769
135
1695
756
2093
1530
494
1201
421
479
892
1947
2094
1978
1803
668
1888
997
1366
599
775
1552
1518
810
1745
330
24
1606
932
347
1961
583
1814
843
1661
1740
1456
1144
469
137
1491
779
1254
978
1368
943
1937
1149
17
362
1305
1618
1844
1558
1024
842
757
1537
422
304
1259
1192
155
1612
1875
1617
455
296
1319
1588
1054
933
1996
2054
100
1993
1917
194
2042
1453
822
580
1940
179
1804
987
1194
1966
2098
1413
1604
2124
1402
2087
512
1723
1233
82
1851
2018
1207
2132
785
1816
53
1890
1923
754
818
797
1108
164
542
1271
450
1576
677
605
1610
1143
326
600
1764
980
1308
1070
615
1394
1727
83
905
680
1837
2082
813
2120
855
1704
1420
499
804
1938
1653
832
303
1202
787
1335
16
1307
2116
1968
1733
1472
97
532
2091
1011
665
1117
1211
1800
1934
887
145
2012
773
117
1548
1832
1128
1195
1787
2035
1970
1253
1688
884
2099
1649
1724
1625
1461
2000
38
635
463
1235
1269
136
912
2002
2048
1500
1186
470
1945
758
1325
568
1503
519
1532
1287
45
829
1636
1897
1848
1706
1298
1449
235
1151
2036
69
290
1334
1457
2068
664
902
1447
124
1948
1090
1759
1294
834
1594
684
1573
967
2077
274
190
89
310
170
1177
1909
1686
569
1949
126
2004
22
1127
1899
1040
154
784
1671
13
576
201
744
1182
1122
1359
763
44
23
761
1774
256
1360
1004
1118
210
168
1957
1873
1071
1626
1497
495
1401
364
1113
918
1762
586
1623
1048
419
174
1015
964
352
1831
423
151
699
1647
440
1043
644
2
30
1226
1010
370
1732
322
1429
1862
1051
1153
1017
759
1741
1431
1773
1639
725
1210
689
658
1749
1398
187
881
1585
1354
1140
1390
1049
537
316
1708
853
1556
1667
1713
875
1820
1353
230
2111
1246
74
234
1418
1793
1841
2106
1486
1717
517
572
1988
1422
1753
2053
430
213
1138
487
1135
1306
241
1839
1547
714
2097
366
206
1255
1134
1331
836
220
1809
2056
420
2021
1549
1517
1224
914
1099
1067
2070
1440
637
255
767
877
639
1714
1505
1939
1676
1111
333
1227
64
831
1531
1997
1212
676
1163
1079
1362
2024
394
481
1590
1385
195
297
425
1303
1761
2083
1680
70
1168
424
400
694
1656
647
2043
242
270
71
1206
2129
130
462
888
1112
1283
1662
927
172
1018
490
645
153
608
147
891
641
1085
682
1570
123
634
1223
701
1869
565
176
1742
1563
2074
666
1786
1002
1950
293
1648
2071
1952
739
1701
1690
1361
870
710
1131
1317
1439
1093
1542
1021
1942
1028
1263
1435
1165
1407
674
894
916
1152
1936
379
209
936
359
405
108
1607
2141
928
441
2080
1031
1621
1692
1310
1337
498
327
1806
1730
867
561
1747
671
795
1292
63
427
1650
40
1614
2108
1789
1666
1164
678
365
1416
29
263
1267
648
393
323
1322
1220
81
1330
777
516
520
805
864
621
1032
1871
1033
1543
1974
196
238
837
1507
1448
320
1106
243
1383
966
962
397
1904
1711
1599
41
158
248
705
1020
1847
181
116
1930
20
413
2131
507
149
695
626
407
1350
915
1386
1557
716
1293
1312
2033
851
254
911
