124
523
36
384
558
410
404
356
571
239
548
127
108
23
199
322
566
287
8
318
6
273
334
636
145
411
634
184
642
68
613
444
620
55
268
316
320
259
62
381
298
144
130
151
505
429
317
627
596
575
582
595
448
173
490
355
181
459
605
235
594
390
602
28
535
547
510
360
509
608
258
371
152
378
339
289
563
607
232
641
299
101
14
519
406
633
85
193
191
425
211
270
11
564
337
77
486
30
266
397
352
295
70
479
50
628
210
135
434
440
222
278
321
72
243
494
521
113
162
277
603
399
139
485
106
228
303
353
329
286
592
264
179
91
590
342
149
75
281
238
125
61
45
354
280
631
305
493
570
157
93
147
512
480
423
307
293
556
134
4
54
163
171
518
188
201
218
498
246
146
432
478
553
200
105
555
319
114
511
413
568
304
9
442
580
386
69
224
159
63
514
489
48
56
475
617
98
484
419
357
217
534
468
2
276
140
214
136
170
441
418
21
436
394
456
327
415
495
260
284
388
78
420
67
150
593
383
428
364
230
192
562
257
439
46
187
615
271
212
81
71
13
229
460
79
167
461
96
10
455
220
551
309
560
129
499
267
94
368
44
142
279
34
331
474
492
242
141
504
347
137
501
103
473
88
332
275
502
176
86
338
182
539
301
503
487
263
227
396
567
491
408
38
92
524
446
561
454
513
33
73
161
625
530
148
333
325
323
445
269
328
643
372
587
165
245
308
601
348
207
569
349
35
107
208
215
58
123
515
26
403
262
22
25
536
483
462
433
95
131
638
219
375
169
637
640
89
591
52
312
82
422
554
41
517
545
250
178
541
340
543
225
471
59
589
164
610
382
584
76
27
346
15
496
579
611
544
343
398
430
204
31
326
365
253
482
335
393
379
464
424
205
248
559
17
154
121
626
315
247
196
24
223
302
310
542
336
520
116
119
581
198
74
237
330
109
350
344
18
252
609
405
297
290
12
272
604
606
359
516
421
311
576
380
99
522
138
5
43
65
300
240
83
506
174
197
90
529
66
314
583
226
395
175
621
7
528
467
29
183
102
155
472
100
392
84
376
549
291
527
39
233
3
639
414
573
377
115
118
477
463
153
600
599
104
452
369
552
294
168
213
435
47
256
500
203
412
438
32
619
366
122
206
186
51
458
402
389
221
588
481
469
216
540
629
533
49
345
550
249
244
358
126
470
400
632
426
20
120
282
158
64
180
143
261
574
156
351
16
324
451
616
488
526
449
431
508
53
97
407
194
532
416
363
370
285
19
189
612
112
417
630
111
453
586
341
427
557
597
476
195
577
60
166
236
57
373
614
80
251
361
447
585
133
538
234
313
391
209
443
274
457
202
362
42
367
241
283
292
296
635
437
507
37
401
132
618
1
624
572
465
565
466
117
385
231
110
306
172
497
578
623
185
387
409
255
622
177
525
531
546
190
265
254
374
288
598
160
450
87
40
128
537
