122
151
141
86
104
173
22
46
39
93
196
156
99
14
65
160
124
140
166
96
55
202
134
20
165
167
177
58
191
29
138
85
2
24
194
147
1
62
128
68
152
172
94
125
106
90
79
50
183
164
130
43
121
146
70
3
175
205
195
145
32
60
198
45
26
142
28
200
6
161
189
77
162
52
176
9
47
5
64
115
201
203
206
40
110
120
185
7
159
80
192
137
190
144
71
84
199
89
114
82
157
186
181
98
12
49
16
63
132
123
107
37
56
19
117
178
184
111
204
30
67
27
17
38
188
105
149
92
87
78
72
88
23
116
170
69
13
139
76
42
129
112
154
57
83
113
103
61
179
169
150
81
66
171
31
21
155
11
59
33
41
108
25
101
73
158
131
35
53
100
74
109
97
180
119
135
143
136
193
10
197
127
102
182
163
148
44
187
168
36
8
91
95
48
54
15
4
153
118
34
133
75
126
174
18
51
