209
115
21
40
133
76
10
135
139
163
33
162
198
202
5
189
59
126
185
168
116
144
8
193
216
195
214
143
28
101
181
105
43
31
203
154
27
207
196
140
48
151
125
110
75
13
1
65
57
87
58
112
94
35
26
132
190
20
180
158
219
167
92
2
104
197
177
150
34
41
188
46
18
134
60
89
50
53
166
136
165
25
128
155
149
86
54
117
119
221
81
49
19
83
192
72
118
17
4
179
56
142
172
164
210
205
176
124
82
194
131
51
148
73
38
71
218
109
156
90
208
111
102
66
9
170
52
63
201
103
123
42
95
70
97
99
6
220
204
23
24
169
138
7
153
215
32
121
211
39
67
187
12
62
186
84
107
206
91
129
47
127
61
15
146
130
200
183
79
3
199
159
113
64
11
217
68
160
85
182
161
74
212
37
36
108
96
171
141
178
106
93
69
114
174
14
78
77
213
29
145
147
16
157
173
45
122
175
152
88
22
30
184
137
100
98
120
44
80
191
55
