588
510
202
116
595
388
167
362
567
163
212
393
95
530
257
244
328
309
329
600
361
256
679
658
260
547
123
14
414
681
199
125
691
74
563
273
377
113
187
165
558
366
686
656
375
100
238
630
511
451
701
80
159
578
25
306
429
673
394
483
482
226
69
495
404
628
46
654
561
97
144
496
197
410
130
230
458
648
183
643
198
146
31
546
683
571
39
223
503
473
341
635
266
402
295
148
333
12
85
443
664
575
139
218
250
518
179
43
61
405
577
156
504
585
465
338
57
263
400
469
92
195
305
77
538
308
94
421
149
694
355
454
357
391
618
371
79
210
140
582
313
78
280
663
274
678
60
632
379
432
593
145
110
395
688
276
390
331
611
102
9
68
444
4
324
41
633
204
282
425
129
591
569
680
641
233
191
418
62
8
138
508
351
206
293
659
236
261
131
356
619
126
412
267
661
158
406
604
475
53
232
485
492
411
660
690
174
87
507
372
169
196
109
279
631
374
506
416
417
200
543
243
291
111
514
522
286
560
216
54
493
298
467
228
378
463
468
258
143
192
26
652
570
343
387
517
364
47
550
594
209
369
426
23
613
689
347
634
456
537
381
609
246
687
346
342
178
428
119
299
668
205
677
576
645
63
407
544
93
73
397
566
327
551
120
304
452
6
682
360
162
440
449
259
51
24
248
37
137
289
516
373
420
38
584
621
565
667
86
466
91
300
322
160
234
175
370
40
676
235
383
316
446
142
646
606
213
574
335
56
524
255
194
217
396
184
455
168
28
363
675
523
408
161
21
58
16
615
453
384
419
608
644
136
651
672
288
318
536
173
457
65
685
42
176
49
284
385
622
303
171
227
399
533
214
358
222
208
127
636
501
607
422
662
157
3
271
281
430
614
45
121
254
302
424
181
596
320
11
164
84
541
534
98
521
674
353
30
242
352
72
380
44
434
339
154
637
134
462
132
494
133
76
350
290
104
151
70
653
642
519
548
367
55
549
698
326
520
684
220
639
497
602
515
401
359
237
599
296
587
556
657
586
491
590
135
531
52
620
317
528
190
249
436
564
269
597
472
262
310
589
188
292
461
253
509
177
251
203
601
532
696
527
437
265
670
325
598
283
695
554
90
450
66
479
241
166
147
671
433
365
71
153
186
287
650
666
239
311
245
215
201
629
477
583
315
348
67
103
572
535
277
525
229
17
118
170
487
693
81
580
581
272
105
498
106
27
332
441
334
50
489
553
268
529
392
500
7
704
376
336
15
240
545
314
252
474
624
141
542
435
502
490
700
115
442
29
386
382
32
471
368
18
321
409
96
59
124
470
552
108
307
559
460
555
312
403
211
616
610
625
439
340
638
294
101
5
13
480
579
703
478
505
20
626
107
488
415
155
447
319
699
540
219
669
512
172
1
398
640
33
697
623
389
617
22
344
19
431
647
649
297
513
557
221
152
48
592
665
64
122
627
114
438
128
224
526
345
99
603
117
337
301
247
481
275
562
36
35
568
112
423
612
180
2
445
89
484
278
75
702
539
692
225
231
207
354
323
499
185
264
605
486
182
270
189
150
464
10
285
448
459
476
34
349
82
330
655
193
427
573
83
413
88
