392
110
343
221
18
625
514
342
98
281
537
621
632
661
511
368
560
505
382
479
423
132
272
530
159
145
286
641
591
73
357
358
546
81
628
137
256
504
188
485
564
660
318
402
251
329
567
648
609
11
144
542
9
153
355
178
583
20
252
336
206
466
389
238
275
54
335
274
525
607
317
106
205
555
193
124
362
484
195
177
561
202
141
584
489
233
190
283
483
276
596
603
352
630
70
610
456
339
457
239
313
228
482
572
244
436
255
35
148
208
74
694
408
40
534
614
372
394
229
63
523
653
375
155
338
646
265
102
125
412
78
538
90
119
139
666
218
566
433
494
622
495
25
513
219
480
658
400
232
332
354
599
330
273
109
650
519
571
674
168
14
515
150
47
43
39
161
315
201
36
680
601
89
654
101
301
509
31
278
424
577
114
367
474
684
249
696
173
435
184
113
91
605
267
4
470
616
612
347
693
97
111
216
220
586
143
581
611
226
391
323
245
120
465
404
211
458
325
633
683
449
665
473
341
250
440
306
131
246
344
460
134
310
197
174
162
316
282
381
151
409
624
593
61
626
636
387
353
209
212
468
83
574
118
319
598
169
199
64
668
445
691
369
183
259
590
588
613
164
502
257
476
472
481
105
582
200
292
75
277
384
608
248
568
444
639
268
53
288
398
442
592
22
634
689
521
167
500
30
198
503
127
289
258
92
430
108
390
695
48
157
298
129
284
477
359
604
26
215
52
187
688
645
222
664
152
589
107
434
619
637
133
366
491
550
672
79
69
116
617
417
345
185
62
623
307
618
2
642
56
414
296
7
304
452
374
86
44
620
138
446
38
28
640
117
280
72
46
290
686
340
156
104
540
467
439
182
5
270
231
67
585
548
422
189
191
425
3
320
575
15
29
678
627
337
475
210
647
57
303
363
606
237
405
204
629
287
496
493
471
429
679
448
269
160
80
450
10
535
87
594
348
536
51
370
302
42
227
214
331
418
21
512
279
383
379
662
517
242
82
671
643
66
578
224
140
600
203
322
93
121
541
462
264
644
163
146
631
447
17
294
399
673
553
100
428
103
659
508
147
556
529
194
395
65
441
1
171
635
652
364
158
241
154
524
687
520
172
297
454
487
463
557
166
670
415
99
543
71
531
225
565
115
507
396
314
675
112
685
464
179
551
421
311
562
649
351
486
377
437
217
651
186
59
544
469
492
68
580
682
27
669
60
13
234
597
488
84
385
690
692
55
587
253
663
526
262
142
37
397
427
656
312
638
128
386
360
85
149
223
558
438
518
602
45
346
136
453
33
176
96
443
615
327
451
576
516
371
455
361
461
459
655
23
181
122
677
41
533
407
380
559
501
532
94
299
506
192
528
498
545
236
291
235
123
300
356
230
324
432
569
19
293
95
50
570
326
499
6
333
563
410
247
657
403
497
420
490
243
135
527
376
510
549
365
411
165
175
254
295
24
130
213
552
32
49
373
308
271
681
196
180
309
416
676
77
522
285
266
573
595
350
419
393
263
126
554
12
305
431
579
88
76
413
8
378
58
539
207
388
349
547
260
328
401
478
334
34
240
426
16
406
321
667
170
261
