143
379
432
357
535
580
140
1
515
70
251
277
449
497
391
278
36
520
471
467
377
508
115
75
47
231
425
102
368
381
478
114
125
203
233
90
253
151
354
290
3
173
223
485
328
538
311
239
509
347
451
12
496
522
62
411
212
337
419
60
499
221
163
404
448
161
22
572
145
532
271
187
561
204
441
488
518
560
56
178
361
94
298
141
396
402
542
564
503
127
93
415
238
207
465
490
413
303
51
157
534
492
372
155
546
246
307
342
505
166
456
249
244
481
263
549
286
519
38
450
104
380
59
219
100
171
296
407
552
454
294
436
550
557
201
358
126
45
42
545
275
512
363
340
527
423
175
367
162
470
326
87
39
109
384
7
392
495
66
29
116
370
435
309
224
9
196
255
428
165
57
226
228
319
5
302
132
371
474
313
58
322
293
442
61
265
461
479
19
475
25
353
184
466
306
437
531
64
283
148
477
455
506
331
257
388
206
314
117
336
537
375
378
526
529
289
299
136
305
484
13
543
26
248
128
225
107
333
193
563
430
498
230
80
79
83
222
409
174
210
399
362
21
82
86
330
339
279
365
135
46
500
98
565
8
169
459
209
50
287
346
350
356
320
576
463
405
35
167
137
266
439
88
71
528
259
200
334
185
170
138
214
110
360
386
272
382
106
541
179
243
262
573
92
177
232
189
383
325
113
119
544
34
416
89
236
20
211
554
374
28
343
78
97
410
335
567
281
575
329
261
487
394
133
190
227
292
472
235
4
395
120
440
438
453
23
291
95
421
327
182
568
208
240
274
172
31
308
398
304
389
103
504
507
400
276
101
108
401
73
310
160
491
318
129
348
168
480
30
464
130
536
153
68
17
55
393
525
252
268
355
517
494
54
422
37
458
112
234
111
49
44
418
15
280
397
260
452
516
65
547
11
33
273
511
514
555
324
288
417
501
523
241
186
84
2
229
24
558
191
562
443
566
48
385
256
462
27
180
72
429
147
131
154
254
300
301
152
158
476
213
247
424
412
156
540
245
297
267
581
349
556
406
124
486
198
445
332
250
447
99
96
323
414
569
341
403
122
553
264
427
513
199
205
215
91
41
40
77
121
164
426
6
433
123
176
376
150
195
285
67
351
502
473
159
457
315
431
444
52
559
197
574
76
188
284
408
530
446
359
539
74
53
579
242
316
16
217
81
295
269
139
144
468
32
366
493
577
345
43
220
85
483
142
192
146
434
570
237
321
369
578
364
258
338
317
352
420
194
533
524
149
482
571
63
548
469
312
183
390
218
344
460
551
216
14
202
105
387
521
181
10
18
373
270
282
69
134
489
510
118
