360
317
213
235
240
30
66
1
173
310
211
150
215
138
54
177
205
13
60
226
356
291
209
193
333
243
12
163
84
100
59
7
203
145
132
9
34
77
220
72
141
328
107
137
326
24
35
159
4
285
128
39
303
248
296
208
47
78
156
175
43
36
94
198
366
113
82
99
249
201
10
262
53
319
344
25
42
57
161
85
102
349
144
276
278
75
369
260
206
308
58
154
289
283
63
304
301
33
368
325
287
311
331
322
195
221
270
214
352
87
316
176
49
266
330
157
261
91
256
14
293
338
69
109
27
119
158
73
280
219
309
178
183
96
306
81
315
146
108
272
52
48
126
359
172
51
267
299
234
363
142
80
327
147
17
269
361
26
2
252
197
129
284
160
169
135
31
166
105
155
294
44
101
265
190
37
329
61
196
187
288
117
302
184
74
268
164
231
200
334
336
230
245
346
151
314
125
153
68
271
136
273
263
246
162
318
337
321
259
305
93
212
298
6
11
71
342
357
106
194
341
182
186
238
204
18
223
23
86
236
332
103
199
222
134
282
131
111
62
79
32
286
16
224
152
140
290
46
90
168
216
171
339
358
167
324
67
130
345
367
181
365
281
237
104
347
307
127
15
251
255
264
274
76
8
114
275
362
254
95
116
210
21
97
165
354
244
189
123
124
180
170
40
191
370
364
239
233
143
250
50
118
335
277
174
227
312
56
28
351
29
65
292
258
5
348
218
179
207
120
350
192
3
297
343
45
149
83
225
353
115
253
121
89
92
202
228
55
320
188
241
122
313
217
185
88
98
242
38
112
323
41
355
257
22
229
64
70
139
148
295
340
279
133
300
247
110
20
19
232
