214
101
100
1
42
106
15
184
65
190
61
16
91
116
53
191
21
112
177
213
36
203
137
141
156
136
6
63
5
146
117
49
98
174
81
233
180
41
86
151
221
209
253
7
66
62
9
26
166
74
181
54
19
153
179
144
35
197
228
224
152
208
87
241
148
44
147
222
245
80
115
159
217
24
10
154
194
142
46
14
189
110
150
105
239
172
143
3
254
40
38
247
204
124
119
210
255
200
17
93
70
236
138
134
32
216
188
130
135
235
23
84
2
158
161
256
132
18
92
207
227
250
79
103
97
8
51
218
47
28
173
249
120
11
163
230
107
30
139
195
157
99
90
196
167
12
171
57
50
176
58
4
170
113
201
252
193
33
205
78
206
220
125
118
96
55
60
82
169
246
244
223
243
25
198
45
178
31
102
68
168
192
37
114
27
155
185
251
71
232
126
127
77
94
56
231
122
104
248
128
242
183
140
149
59
67
108
123
88
237
238
219
226
186
52
165
131
75
64
20
69
72
22
187
76
175
43
182
13
225
121
29
202
162
89
111
95
211
164
39
257
160
83
48
229
234
73
215
212
85
145
240
129
133
109
34
199
