78
80
49
564
154
274
392
97
502
283
105
585
117
349
471
58
456
215
242
156
232
101
206
164
269
479
519
208
226
381
341
168
357
108
441
165
163
515
132
18
482
63
191
124
137
468
224
264
285
555
4
529
221
294
360
421
261
34
270
37
376
459
68
170
478
298
196
29
472
85
444
364
422
207
276
572
336
271
483
113
143
61
136
382
107
463
192
240
310
484
127
258
245
176
490
184
167
186
133
426
566
250
233
314
511
416
253
521
573
549
255
138
371
92
542
400
413
13
139
384
370
571
256
225
2
111
64
470
367
474
570
559
352
524
173
500
41
193
333
48
405
550
174
312
355
407
455
273
121
439
6
161
378
363
505
513
562
237
561
487
160
440
277
326
313
87
454
291
188
75
531
388
146
394
216
229
523
28
406
288
545
563
177
76
473
51
234
530
452
583
497
199
182
302
93
540
402
547
387
203
457
219
556
90
442
296
424
214
57
509
534
354
458
580
131
212
453
448
462
205
218
169
398
81
46
318
419
503
22
557
91
467
26
3
539
27
267
280
447
284
114
560
194
544
466
537
501
12
516
393
389
520
469
23
445
50
498
293
417
11
362
582
401
162
465
299
220
411
38
210
414
517
330
522
190
372
369
39
434
213
397
30
183
514
304
36
554
379
141
65
21
98
278
325
506
60
247
297
249
142
236
43
432
526
359
431
281
450
128
375
1
32
16
223
528
373
54
88
532
536
74
109
239
423
195
10
106
317
265
353
110
100
492
268
340
418
53
222
436
579
396
377
5
332
316
399
230
324
390
481
290
150
246
70
374
306
567
275
301
569
581
404
409
428
83
303
410
181
134
584
145
345
327
322
189
342
180
71
260
344
67
508
300
179
20
356
15
72
385
279
259
8
84
251
52
527
486
159
460
31
197
518
541
331
171
19
116
59
565
525
202
495
429
415
443
368
568
35
166
155
464
548
99
295
149
9
538
55
262
42
292
510
153
102
383
62
449
420
577
504
56
120
266
130
135
14
311
147
86
25
148
44
211
157
412
289
446
272
231
45
123
489
535
323
403
33
491
427
365
328
435
79
451
315
235
40
204
494
339
305
103
244
437
552
152
309
488
337
553
118
228
346
380
475
574
476
499
95
227
391
248
175
361
433
198
286
263
187
558
366
209
338
551
321
172
350
94
69
125
320
200
144
122
430
104
73
512
543
329
89
493
335
386
24
151
201
358
257
308
17
96
254
461
351
507
395
546
578
485
238
77
319
140
66
347
241
282
438
252
287
217
575
82
533
112
119
178
115
334
348
47
243
480
158
307
425
496
343
408
129
7
576
477
185
126
