117
233
33
5
348
135
223
109
91
165
282
118
124
287
174
205
4
186
66
366
300
319
217
101
224
342
327
65
98
295
297
112
294
70
90
249
326
123
82
11
332
283
114
299
207
173
298
43
93
227
10
331
155
248
267
219
236
81
325
270
202
24
78
333
92
141
171
21
368
352
26
168
264
337
254
350
322
14
69
149
241
3
23
150
370
172
328
260
292
145
359
30
274
153
273
304
9
345
252
185
40
371
31
120
146
53
349
221
215
214
18
37
316
96
181
152
278
244
268
238
191
378
373
189
336
291
163
353
341
183
137
169
210
136
255
245
39
36
197
194
187
309
369
381
176
48
67
266
35
144
317
56
320
13
365
193
55
321
125
89
20
281
57
253
2
77
276
76
211
290
159
29
296
175
279
360
1
22
203
68
32
127
99
7
265
177
102
228
47
164
351
308
226
157
108
45
62
167
275
338
262
225
354
251
143
138
105
259
222
72
375
231
129
356
216
334
344
363
58
235
178
200
59
204
50
318
113
314
364
379
284
60
158
156
305
232
272
212
288
376
280
209
79
73
25
97
310
110
15
151
311
261
240
154
160
293
213
63
46
246
247
208
377
258
142
122
196
115
64
179
382
198
269
313
355
271
161
126
71
257
229
85
12
6
131
307
256
361
324
61
306
162
330
148
75
340
315
237
119
27
44
94
42
263
86
188
289
220
100
243
383
218
17
87
49
190
28
19
277
147
192
302
54
303
347
140
335
285
95
339
128
343
286
134
329
250
106
239
103
83
312
8
38
323
346
358
357
88
199
139
180
84
130
104
170
51
16
41
380
111
166
301
80
182
107
374
34
184
116
230
132
121
367
372
201
133
195
206
74
362
52
242
234
