250
59
303
137
189
56
46
445
160
107
320
69
403
339
91
211
16
444
369
122
484
36
171
475
101
34
324
108
88
370
342
90
314
375
228
259
144
255
453
37
387
399
215
246
201
187
317
381
140
222
87
360
356
460
166
239
58
353
285
297
442
193
7
21
349
382
378
6
15
161
241
430
298
72
128
421
271
434
158
407
284
477
254
28
469
402
485
174
448
150
423
169
60
325
224
162
104
143
82
77
363
424
80
343
467
392
55
136
236
333
322
386
35
439
373
452
8
346
3
198
68
209
480
119
348
32
268
479
96
283
67
73
309
345
365
242
208
116
482
109
27
71
23
121
280
38
435
358
227
81
279
64
153
40
419
70
272
412
264
278
65
389
336
52
449
269
231
368
157
125
172
142
26
33
276
145
458
10
218
97
5
197
141
29
190
371
308
124
414
366
282
380
102
413
139
466
133
341
220
406
253
394
155
151
446
147
396
427
312
337
175
79
395
105
340
131
217
192
214
20
135
24
100
321
117
388
245
350
120
213
305
180
397
251
411
260
106
130
265
45
293
359
457
76
164
223
270
351
450
57
249
327
112
78
42
326
313
115
465
43
221
437
301
478
300
248
170
25
332
483
417
405
237
92
472
200
49
262
148
110
398
455
30
256
183
372
212
152
347
400
93
464
289
456
291
263
252
335
39
126
367
323
163
420
225
51
238
179
199
441
355
84
229
318
462
62
154
390
54
461
31
85
13
266
374
203
438
99
216
176
129
156
159
9
111
476
292
328
481
401
74
473
186
364
61
207
432
357
474
178
428
416
319
17
204
146
167
18
210
344
22
226
468
75
1
302
261
384
188
12
94
471
205
191
134
409
311
393
247
451
385
83
362
63
50
48
274
165
376
361
307
338
415
281
95
149
127
14
177
316
433
290
194
89
235
425
232
2
334
66
185
379
103
275
447
4
331
184
233
257
277
294
267
206
304
354
202
168
299
138
463
19
240
273
436
44
426
123
288
182
195
431
244
11
440
352
114
306
295
459
287
86
47
258
196
418
98
243
408
410
391
443
132
315
113
286
404
230
173
383
219
329
118
53
422
181
296
41
234
470
454
310
330
429
377
