262
188
255
51
83
169
144
266
239
120
252
178
230
64
218
68
7
299
242
21
17
174
45
111
170
264
159
137
63
107
177
224
227
215
108
103
161
53
93
49
54
59
210
236
3
35
223
201
82
15
243
134
99
244
164
225
286
55
4
2
1
30
196
89
28
273
212
129
24
16
260
104
183
228
163
20
249
58
41
77
194
189
115
168
40
298
66
197
114
233
36
209
198
221
118
81
153
283
281
150
50
226
192
207
73
275
75
187
98
65
141
125
88
193
124
208
8
14
238
175
94
112
267
293
32
203
147
139
138
265
250
167
70
280
146
133
268
253
205
12
284
117
191
6
185
37
165
234
206
261
109
132
116
254
294
121
149
184
87
106
52
46
23
29
97
151
279
278
27
22
113
214
263
85
72
172
235
91
130
19
290
131
142
240
248
190
176
119
180
136
220
222
160
229
200
289
296
74
86
179
26
5
241
10
295
123
247
135
282
90
96
269
61
285
80
39
145
18
95
270
25
78
288
110
199
251
127
157
38
154
271
47
173
259
272
128
56
256
69
217
276
152
100
181
126
300
33
43
237
71
122
232
219
246
57
171
42
297
102
257
105
148
182
277
101
291
92
155
204
156
140
84
60
158
245
44
195
213
202
186
258
34
13
48
231
211
79
292
76
166
31
274
67
216
11
143
287
162
62
9
