151
27
87
363
219
337
10
2
392
334
44
256
156
396
36
312
179
155
268
404
329
110
15
406
409
366
386
244
275
202
254
37
35
1
49
33
183
26
165
114
58
34
285
9
261
298
222
221
63
129
387
303
154
92
65
64
117
41
88
69
228
375
103
368
78
281
205
119
203
257
147
362
354
209
12
247
271
82
323
267
394
181
195
391
380
74
83
200
25
7
232
187
126
236
365
370
218
190
116
170
372
229
99
192
272
266
167
332
245
52
71
307
259
226
141
345
217
172
296
341
353
264
262
317
130
134
258
393
127
310
50
302
287
43
399
207
231
66
135
276
237
104
325
316
400
211
97
384
77
159
293
241
105
330
160
301
61
186
16
46
38
215
346
175
76
395
326
150
383
144
14
62
189
166
379
73
180
336
56
278
201
351
145
96
349
131
93
227
4
153
177
265
142
299
243
100
30
270
397
48
139
309
311
206
81
246
208
234
18
24
204
115
382
47
263
86
107
59
350
132
292
340
213
407
253
286
106
233
143
214
290
381
146
31
90
291
210
230
162
70
45
360
367
390
11
374
344
109
54
161
269
357
55
348
240
371
94
279
297
67
361
28
176
128
163
19
20
53
313
184
29
149
376
157
335
314
306
8
123
284
295
125
402
378
388
80
191
111
182
342
347
136
173
89
137
319
308
51
138
140
248
188
185
249
42
171
120
283
13
23
315
196
304
403
164
60
320
91
321
193
238
17
401
252
113
168
21
84
324
178
385
148
79
373
364
377
255
398
122
68
118
333
305
75
6
85
352
339
40
212
102
108
328
101
194
343
112
322
273
39
95
72
318
223
22
198
124
235
199
300
338
359
288
408
356
389
282
239
3
277
369
174
32
121
355
274
251
5
133
294
260
289
57
216
197
358
158
242
220
225
327
152
331
250
98
280
405
224
169
