99
494
259
210
235
60
264
383
477
340
64
375
517
198
122
270
397
331
506
250
484
43
69
108
306
358
127
49
457
155
314
267
74
364
276
118
453
422
1
370
41
132
5
30
203
488
187
505
261
520
17
78
178
27
460
434
54
514
185
80
395
376
295
143
371
496
42
107
154
88
321
396
14
182
369
490
62
129
218
392
212
472
4
393
23
136
304
59
144
280
269
46
419
79
386
164
323
458
400
420
390
230
287
94
446
404
157
168
163
192
19
278
502
238
15
439
339
519
254
341
282
424
8
214
413
398
423
378
241
130
6
92
441
473
148
315
24
149
40
294
72
435
165
381
486
84
179
68
451
7
232
120
305
38
134
112
90
255
452
221
138
37
135
247
510
515
384
448
162
311
193
57
227
65
476
335
414
159
36
492
265
77
125
176
22
142
338
146
272
504
266
81
410
511
368
366
399
320
289
277
468
379
313
343
319
262
13
344
233
56
436
330
336
225
21
507
213
285
190
482
350
73
300
147
28
415
485
509
194
101
402
407
322
309
169
156
58
307
474
231
166
33
140
293
491
332
430
123
403
85
257
469
98
479
87
310
327
432
290
200
121
256
347
204
63
258
271
429
487
100
150
455
239
174
202
83
433
333
173
245
10
513
459
377
222
188
110
303
249
302
382
44
489
363
411
126
205
152
291
116
172
234
416
237
53
463
512
158
481
253
207
209
325
298
246
89
297
275
292
137
391
408
160
102
32
443
268
111
495
503
401
35
16
456
288
273
342
464
206
283
26
501
508
12
115
480
438
360
308
216
248
86
418
223
516
95
104
103
461
442
184
199
417
353
252
171
75
372
196
244
351
70
229
186
2
354
337
286
55
373
352
39
440
114
421
141
20
117
220
208
409
518
133
11
201
466
177
67
296
465
483
444
25
191
151
316
462
279
243
385
312
447
318
260
281
380
18
362
427
493
357
324
128
51
52
355
48
145
499
106
263
215
47
359
175
240
521
345
105
449
50
405
431
445
96
189
71
426
328
219
317
349
450
93
29
361
365
478
76
467
124
348
388
180
367
437
97
109
374
500
454
131
498
119
387
329
406
274
356
82
497
34
161
251
394
211
113
425
31
217
183
412
9
236
181
471
242
226
91
389
195
61
139
224
228
167
334
170
346
470
299
153
66
3
45
428
475
197
326
301
284
