44
228
1
210
208
108
200
25
215
127
267
190
289
107
161
27
261
87
180
64
130
14
140
270
39
281
60
158
117
88
32
4
12
142
103
155
268
224
262
24
70
182
264
11
19
57
83
110
31
121
206
239
219
276
186
101
167
112
173
152
9
71
181
237
148
36
260
266
189
68
233
136
89
271
160
123
245
223
243
157
238
222
30
193
125
119
49
67
256
227
146
40
287
204
165
82
47
76
246
188
255
147
10
283
2
196
79
199
102
35
132
195
66
288
93
34
46
135
118
16
91
100
211
78
169
38
3
174
48
61
198
104
145
282
122
17
8
156
290
247
56
229
74
207
259
98
81
277
278
203
240
197
26
192
95
77
29
124
120
218
191
5
143
21
51
258
28
251
115
18
69
97
168
86
85
166
242
153
126
171
154
244
62
41
129
20
225
149
75
248
45
172
141
42
15
254
205
92
111
220
234
235
252
84
184
151
128
94
257
113
263
253
214
269
139
236
33
163
231
134
212
185
6
7
213
54
175
37
13
159
230
109
194
183
250
137
285
284
131
116
99
133
201
179
106
63
164
150
138
105
90
58
274
265
23
170
232
59
221
209
273
53
176
73
72
43
65
202
216
217
114
52
80
50
286
249
162
226
22
144
272
96
187
55
177
279
280
275
241
178
