412
94
11
214
481
589
31
100
438
279
18
77
48
63
266
118
538
141
134
90
196
60
590
307
408
188
130
136
544
283
351
84
531
356
572
367
140
541
457
95
501
578
328
439
150
144
284
542
121
194
225
545
128
556
528
12
62
466
69
442
30
241
277
469
278
269
147
38
249
52
211
447
453
565
220
452
327
200
332
479
530
247
318
390
66
543
248
215
42
468
311
405
273
371
16
424
404
142
381
418
365
362
498
115
29
98
71
500
193
292
161
306
499
197
33
341
489
102
45
349
426
189
340
177
146
526
514
361
32
310
229
8
179
49
535
553
450
157
160
419
555
237
519
111
119
518
192
152
334
244
562
14
55
321
239
374
495
378
230
205
151
478
432
219
395
521
400
410
110
473
148
533
312
480
485
561
167
254
272
488
345
522
477
563
580
593
568
388
131
396
58
523
566
491
490
132
74
434
61
76
87
335
430
222
299
40
508
421
509
595
461
391
285
315
180
503
210
265
260
354
376
282
46
114
564
246
520
446
300
403
413
258
527
242
429
348
101
326
536
187
377
6
56
548
373
28
585
465
392
484
103
43
558
78
137
208
25
72
487
212
245
116
443
513
464
195
474
218
344
270
463
525
19
382
594
389
329
203
448
164
380
330
138
516
476
342
228
584
494
158
343
117
256
271
176
104
470
411
515
107
369
126
397
454
435
81
370
252
26
384
124
423
313
492
314
123
227
53
456
308
534
331
316
96
24
217
190
368
449
162
122
296
223
540
336
199
127
172
298
191
213
182
165
93
15
92
560
451
350
288
174
291
201
575
409
420
407
304
549
352
7
156
281
511
353
357
445
529
437
416
431
276
309
82
379
586
143
317
325
339
169
236
417
235
186
322
507
401
89
364
57
153
444
305
588
415
253
547
422
570
171
324
21
289
108
297
579
280
355
551
363
486
428
178
583
393
576
99
573
154
155
295
546
50
552
181
80
274
209
441
460
372
13
129
571
20
532
433
347
70
467
502
65
120
493
250
436
37
243
574
320
592
406
207
202
337
440
184
475
471
458
569
581
385
64
323
170
85
238
261
286
559
34
204
375
163
346
198
88
183
302
36
275
537
35
510
496
206
303
524
506
539
387
257
262
67
264
109
113
3
294
482
455
106
333
259
425
105
139
185
557
587
338
232
149
5
251
582
554
54
17
240
59
135
293
472
159
517
73
577
402
221
1
41
398
287
290
414
9
83
133
567
97
267
68
112
27
125
383
79
173
301
23
459
10
91
168
86
550
268
22
233
504
224
175
483
386
226
75
360
39
231
497
366
591
427
47
512
505
359
44
166
255
4
596
2
145
462
358
319
51
263
394
399
234
216
