28
459
84
143
167
433
254
6
365
235
117
274
321
168
61
384
72
223
332
67
348
109
195
388
323
404
367
107
297
445
276
428
56
116
410
193
85
250
426
277
149
40
65
145
375
16
216
245
106
451
19
408
30
165
231
343
460
415
192
153
27
349
298
219
207
181
423
7
248
206
238
369
5
189
461
118
409
187
55
210
236
315
360
128
270
405
211
57
133
359
400
24
144
86
454
68
227
357
340
126
292
362
470
148
429
370
12
441
430
51
320
185
301
273
361
182
191
446
452
96
279
222
203
310
146
330
353
119
175
262
79
287
268
432
421
261
436
304
372
205
295
300
200
94
13
246
166
17
418
324
395
351
208
338
302
2
108
99
38
127
413
104
171
89
92
114
256
469
3
101
401
376
90
309
121
325
49
294
83
122
389
198
437
355
265
215
293
443
407
440
158
419
155
251
350
152
15
385
422
260
252
37
18
73
22
213
317
78
403
60
425
284
32
267
307
179
137
9
464
135
140
366
463
159
212
53
373
220
201
290
455
237
352
221
322
21
291
377
319
157
224
247
263
59
14
314
225
253
81
11
113
232
180
396
123
397
76
100
412
97
374
228
52
176
156
74
229
450
438
120
209
196
257
95
239
39
42
305
264
378
170
288
444
26
266
356
249
142
327
393
434
151
62
416
199
318
449
1
467
129
173
138
197
111
272
402
131
184
190
54
379
303
258
462
406
289
333
371
36
465
50
93
447
341
82
458
456
383
154
43
278
364
439
174
414
41
242
147
162
186
337
10
283
424
134
110
269
399
64
342
311
132
285
466
77
4
70
45
202
160
46
306
139
312
328
339
241
347
35
44
335
326
255
98
299
354
275
88
244
394
368
194
161
334
233
163
391
87
286
420
427
47
112
177
115
281
381
387
382
23
105
204
58
150
48
66
8
363
240
336
71
31
392
331
280
411
164
442
125
141
329
243
346
468
316
313
75
390
136
69
130
29
344
226
169
188
431
20
172
282
398
259
91
296
25
453
124
358
435
308
183
417
386
380
63
234
80
34
33
230
218
271
178
217
214
103
448
457
102
345
