88
745
269
399
196
526
431
379
373
106
749
460
1
345
719
622
795
595
257
220
260
778
225
504
166
248
203
583
762
143
425
32
484
229
258
280
418
662
19
493
254
703
744
34
636
349
407
480
634
539
28
274
591
64
140
814
754
433
475
661
283
787
227
581
560
385
676
820
84
89
22
434
472
751
836
637
151
170
247
692
574
343
514
402
335
549
263
772
318
815
464
747
145
654
226
663
513
16
322
199
104
49
557
568
95
276
727
400
587
563
31
390
517
463
292
79
17
233
567
158
669
244
546
823
598
424
410
194
618
264
4
108
83
443
457
465
91
547
154
441
155
730
370
117
705
734
592
152
149
507
416
255
766
320
741
367
60
596
120
586
317
769
161
38
72
185
411
828
404
365
552
771
455
242
784
825
277
736
759
396
644
635
564
119
492
177
711
281
184
329
750
437
8
551
628
623
68
142
646
23
259
172
466
339
470
39
603
240
97
304
792
793
391
65
314
213
40
420
311
187
485
824
608
96
234
684
54
113
148
585
593
52
544
664
639
660
111
153
382
522
126
50
439
112
748
415
165
728
131
15
102
252
756
319
287
476
368
305
209
37
355
426
512
270
494
653
630
652
673
147
395
572
799
92
328
732
398
193
459
397
93
651
115
720
429
412
6
237
303
308
423
540
100
122
130
714
816
461
761
338
20
666
386
738
797
471
223
285
672
446
649
534
691
297
444
331
298
146
597
359
606
528
707
713
469
445
393
561
532
204
462
175
757
296
80
383
709
538
241
802
535
529
819
48
616
249
827
682
479
509
224
18
830
486
629
362
413
134
621
452
387
726
430
499
506
163
56
128
141
291
243
381
515
753
456
408
556
520
813
372
374
710
497
698
421
545
438
173
378
536
554
46
101
366
724
505
729
201
533
570
715
403
346
12
302
620
483
841
671
232
164
110
316
604
811
114
333
805
358
804
218
30
182
251
176
777
737
500
501
573
138
650
9
85
219
221
638
326
510
150
282
718
210
450
235
613
559
278
683
588
261
667
246
121
708
340
702
641
458
696
701
82
801
86
350
43
643
631
190
731
550
211
794
524
132
352
558
380
798
733
375
74
763
26
325
160
208
125
87
267
803
361
323
162
612
495
179
449
579
632
765
706
168
2
139
107
118
301
336
627
238
716
57
133
519
582
312
44
607
615
77
468
605
205
489
835
773
681
832
197
169
807
262
735
159
7
137
436
198
806
245
610
473
829
812
186
537
66
548
491
356
191
129
496
293
594
575
192
601
41
780
686
432
33
332
76
722
809
307
178
530
25
268
394
668
576
776
760
330
657
789
47
721
743
775
781
306
200
678
183
779
275
109
294
73
127
266
837
364
523
451
156
569
75
589
665
428
334
571
135
214
609
670
202
516
239
377
699
790
454
236
600
617
417
625
626
808
414
341
580
648
704
116
62
712
467
384
822
360
342
834
389
675
392
590
123
67
406
746
315
103
216
740
782
279
427
541
774
272
5
29
215
256
688
435
78
300
351
344
555
817
309
250
58
369
647
376
337
694
10
53
98
347
833
295
290
717
508
674
419
51
144
447
14
36
680
69
265
838
189
689
687
217
405
577
181
739
55
742
474
222
831
477
764
768
388
791
478
658
565
422
770
299
521
518
231
357
42
614
63
553
725
566
723
206
324
818
24
481
679
13
105
71
752
180
783
124
207
228
697
21
839
656
796
442
448
157
284
27
685
821
645
3
642
59
527
511
212
273
659
810
542
353
11
487
482
195
677
690
363
371
453
602
767
562
310
90
599
786
409
136
70
321
253
81
286
45
633
488
640
624
171
35
289
188
174
99
826
584
327
525
611
785
700
348
354
490
313
503
61
840
271
655
531
755
502
693
288
543
401
695
578
94
167
619
788
758
230
800
498
440
