429
649
478
525
28
574
30
183
492
526
311
15
327
313
522
593
36
351
599
433
580
176
169
115
577
396
595
567
436
587
40
370
32
111
460
256
543
345
55
641
136
74
546
621
20
188
66
284
550
16
77
272
317
244
384
106
202
297
219
294
175
364
549
432
622
63
213
101
461
300
94
271
389
324
428
505
510
352
508
61
46
293
486
226
362
97
233
375
165
633
472
247
174
463
50
334
521
366
359
417
415
232
179
109
514
155
306
338
140
263
618
467
151
153
52
170
38
485
132
245
538
224
586
13
322
168
634
625
588
385
388
299
305
642
217
380
152
597
104
14
193
464
67
612
12
198
2
129
556
339
570
531
474
45
409
143
576
544
49
42
120
320
651
582
273
108
606
545
86
82
476
199
496
465
57
280
493
340
241
127
123
578
579
454
350
449
205
629
242
653
239
408
469
541
519
542
512
60
516
252
477
70
110
423
399
204
497
540
581
286
481
441
119
39
442
590
573
499
412
154
139
314
594
24
592
221
114
342
37
392
557
95
413
274
90
524
47
386
235
33
584
328
484
607
600
316
58
547
405
450
533
341
124
75
609
535
105
218
270
487
156
282
41
509
624
416
182
504
536
336
332
560
451
78
534
455
459
172
502
265
315
266
626
604
466
532
381
348
434
99
517
395
88
131
468
471
488
173
288
211
187
518
283
181
134
215
457
564
96
323
425
337
569
635
269
73
301
382
234
344
608
390
513
319
312
261
125
223
613
69
494
652
135
31
537
503
407
5
185
126
498
195
87
200
445
453
116
333
631
418
246
611
27
421
146
102
393
163
157
617
160
482
637
346
56
117
254
628
444
290
208
3
500
325
258
520
563
648
236
475
598
113
161
427
552
89
278
103
303
137
435
601
227
21
149
422
360
98
85
275
645
267
551
383
18
539
257
643
307
452
147
523
298
289
562
371
363
81
189
209
291
287
440
10
255
93
565
623
347
414
251
148
203
331
118
122
243
591
237
230
490
402
194
378
548
373
91
358
403
48
404
53
372
281
68
142
511
391
554
387
615
177
431
398
489
7
9
602
644
19
141
627
446
121
186
100
158
479
420
566
130
112
636
355
180
620
11
575
483
164
65
605
559
64
583
23
650
647
426
596
302
192
29
424
250
196
506
377
201
59
528
400
376
501
4
458
495
133
529
79
616
248
62
34
456
76
353
264
589
249
216
553
374
138
162
310
343
220
210
572
260
17
610
619
92
222
51
555
365
638
308
639
349
268
419
379
430
207
406
295
167
225
44
296
107
367
646
462
178
229
277
262
558
448
439
276
447
6
410
259
369
214
515
640
84
304
231
292
480
25
279
329
354
614
632
530
568
159
190
470
473
240
394
443
561
128
285
326
26
54
585
507
145
80
437
238
356
8
171
361
1
191
144
83
603
71
630
571
357
397
43
321
491
438
228
212
527
309
368
35
253
318
184
411
206
401
72
166
197
22
330
150
335
