627
495
111
405
18
561
68
506
547
509
230
599
13
51
424
182
451
456
602
515
23
217
87
566
590
354
224
255
171
402
181
330
365
625
204
115
383
412
218
479
145
238
222
563
312
42
125
337
133
203
346
364
334
420
105
259
149
522
121
611
554
227
339
83
375
542
574
379
325
494
607
377
473
14
496
185
59
247
253
634
630
410
541
487
482
128
432
19
54
246
102
499
517
617
31
175
290
528
155
501
373
578
314
275
166
601
30
248
350
81
357
540
628
520
144
316
399
394
353
409
404
467
436
280
345
573
641
282
130
385
335
12
129
422
592
560
504
579
461
390
92
401
245
626
71
174
567
471
342
243
395
427
332
338
358
372
388
6
514
581
67
348
488
361
317
368
633
516
305
437
591
159
192
119
212
47
606
57
527
341
492
132
612
90
629
122
637
249
623
141
555
322
295
381
326
36
525
190
393
48
32
188
44
462
294
168
21
474
195
160
52
635
114
20
210
213
95
300
34
505
100
75
519
443
576
169
291
642
29
450
283
64
431
215
272
577
40
344
146
267
595
162
123
298
531
480
438
369
240
306
63
139
564
268
260
558
17
172
156
575
176
539
150
58
118
241
556
183
16
258
257
603
355
418
448
389
289
293
604
429
251
24
406
104
201
262
569
231
99
423
398
137
1
415
269
138
211
551
135
287
428
82
535
486
610
70
55
537
470
320
77
202
459
65
180
457
284
530
93
60
500
281
434
237
165
435
489
442
631
235
508
187
208
189
387
5
336
493
549
116
56
66
209
108
103
140
151
214
454
498
386
559
367
200
173
193
503
170
302
220
605
329
279
236
600
152
523
449
323
609
565
110
127
463
308
490
229
397
74
10
477
568
593
413
544
596
73
366
38
271
53
466
164
518
594
572
484
148
441
49
465
28
113
333
264
106
311
452
274
469
25
233
179
88
343
285
297
534
571
303
221
352
570
134
616
608
444
553
120
562
460
319
109
614
403
472
117
613
167
197
640
178
3
433
583
455
296
186
250
78
223
15
376
324
548
552
252
380
347
101
392
371
131
636
533
265
624
239
374
124
497
33
277
177
589
207
580
507
270
550
161
206
439
76
483
632
638
643
502
584
511
163
234
529
414
136
232
391
585
126
512
26
142
86
411
621
615
440
43
35
46
4
481
273
321
256
84
416
408
22
384
107
619
244
112
307
447
94
8
582
382
362
396
91
292
425
39
219
475
445
228
419
587
226
276
378
510
538
363
27
318
286
453
597
446
340
184
266
360
45
468
299
327
154
586
11
79
313
426
478
198
261
2
464
157
458
7
143
622
69
41
620
89
242
370
557
9
485
351
639
598
301
524
476
288
491
536
263
196
50
80
407
430
349
98
278
400
97
62
199
72
194
158
417
225
61
153
96
191
526
216
356
546
532
545
85
37
315
588
521
513
543
421
618
331
304
147
328
359
254
309
310
205
