10
332
102
73
357
245
425
49
309
75
387
41
473
52
319
250
344
328
159
375
418
280
65
366
123
388
61
405
331
13
428
320
131
3
472
184
193
446
232
88
57
58
59
194
165
335
172
176
22
141
463
422
437
178
241
310
7
271
275
51
334
54
343
367
401
410
361
395
370
464
97
400
124
300
272
421
238
93
74
226
315
456
21
204
377
192
255
381
38
301
461
244
110
16
213
198
40
182
92
444
32
350
34
269
419
84
318
174
322
56
298
415
104
354
149
260
386
99
169
175
9
160
112
414
417
270
338
46
234
78
177
408
435
404
324
229
170
218
85
290
228
210
442
203
217
25
156
359
157
180
286
17
111
409
105
247
355
430
423
122
325
314
470
360
201
346
364
186
453
152
120
132
136
106
42
393
471
378
158
382
11
191
345
26
183
197
77
171
474
63
276
33
116
265
257
363
321
449
81
281
83
249
426
352
436
308
220
50
438
44
311
374
155
225
306
278
47
207
69
434
256
385
356
304
143
129
126
383
236
475
467
151
64
227
389
208
259
429
211
118
89
168
221
285
27
144
181
140
291
214
341
336
14
239
103
312
28
196
37
261
384
263
302
53
20
35
431
299
66
138
294
479
29
76
147
100
316
445
150
466
222
295
153
134
179
4
283
15
460
242
450
173
289
107
458
379
465
394
403
358
161
274
284
94
43
372
433
267
95
398
167
397
154
296
48
96
252
266
12
347
223
337
115
200
348
330
237
297
90
371
340
202
365
258
86
108
5
190
60
323
424
117
101
189
391
127
240
339
72
163
6
133
148
212
1
91
145
30
251
187
349
195
82
188
327
439
477
2
109
268
411
262
282
406
137
45
396
219
243
440
402
469
185
273
209
70
292
478
279
19
164
162
476
121
205
23
31
246
62
293
462
79
146
230
287
420
368
166
454
206
288
342
362
199
125
448
119
441
443
233
416
215
333
380
351
18
313
224
80
248
142
452
87
303
254
369
392
68
432
24
139
468
451
407
235
71
376
55
326
457
8
427
329
253
353
135
307
231
399
447
455
114
130
36
113
305
390
128
277
373
264
98
412
67
39
216
317
459
413
