191
176
297
194
12
336
264
161
258
259
62
4
246
201
275
236
347
124
212
232
30
48
242
87
173
89
247
363
263
150
271
71
327
82
46
302
241
81
94
249
273
70
84
102
285
137
308
27
304
317
6
53
359
235
90
268
319
223
77
20
61
286
100
129
329
217
162
272
29
280
198
18
300
279
276
103
16
95
202
13
318
57
203
38
65
289
357
167
157
1
205
111
303
88
320
340
108
195
85
42
14
224
345
256
355
166
160
135
67
17
148
270
322
115
180
196
158
156
207
211
68
64
80
120
197
339
353
131
313
200
105
283
326
175
337
40
220
294
261
316
45
227
245
269
234
293
19
184
51
311
260
163
114
265
25
189
338
257
69
149
341
324
178
147
239
154
72
170
209
97
5
35
134
295
86
169
99
168
11
199
266
104
139
255
130
210
215
113
315
110
122
342
22
346
55
21
8
229
274
330
301
233
28
292
123
58
331
41
79
243
262
136
66
237
221
151
119
75
267
307
44
177
334
182
39
214
296
186
106
343
141
192
33
112
165
248
349
142
358
47
183
250
251
159
277
188
60
306
321
52
328
228
76
288
132
121
354
9
133
222
206
238
127
143
230
193
78
54
26
50
281
91
219
218
107
350
125
32
278
15
231
92
254
31
208
226
174
225
298
59
309
2
216
24
356
73
3
305
145
312
360
287
179
98
335
190
253
74
146
128
171
140
43
118
291
314
117
352
37
36
299
325
96
116
181
10
310
93
144
348
34
213
361
240
23
164
351
56
138
244
63
153
49
109
332
323
172
333
252
152
155
101
83
7
290
126
187
185
282
344
284
204
362
