298
157
337
188
333
207
130
42
223
344
276
241
231
281
226
63
59
147
305
242
315
164
320
213
272
184
334
50
341
176
309
284
251
380
263
270
227
162
26
171
293
208
182
343
13
228
324
35
269
290
143
215
331
377
33
259
200
90
351
85
384
64
295
10
252
123
114
224
89
244
4
206
138
62
8
353
61
116
266
189
310
27
102
326
204
360
9
170
317
301
225
385
110
218
161
180
7
53
300
109
346
146
243
249
159
321
136
221
17
350
372
72
167
229
378
323
78
150
132
57
106
230
6
306
357
144
127
332
115
287
253
91
258
14
40
2
311
235
237
314
368
52
107
280
55
376
104
383
84
386
80
329
202
36
345
149
367
209
302
3
121
362
336
48
364
113
203
126
250
15
248
307
93
153
168
82
282
185
108
172
197
335
79
51
94
387
111
264
195
271
212
124
142
30
328
294
275
158
312
291
88
274
297
87
354
366
370
190
47
181
92
267
31
12
74
371
194
375
257
356
304
283
347
173
34
234
210
23
303
75
214
156
369
319
120
96
163
216
11
69
379
77
246
169
76
348
117
186
154
148
278
97
219
140
174
286
54
339
152
135
139
316
277
340
24
342
22
86
285
81
56
177
338
261
178
205
151
44
46
100
175
313
330
289
388
179
73
122
245
183
279
112
193
95
125
217
365
322
133
296
129
134
68
220
67
1
71
256
128
325
222
101
199
299
381
247
21
355
141
28
25
349
232
238
236
382
43
38
155
363
160
49
352
192
16
32
308
103
60
374
233
29
292
137
255
260
268
145
119
65
239
358
273
240
18
70
20
198
211
262
254
166
318
373
118
201
45
41
196
58
131
191
361
359
37
19
98
288
99
5
327
187
105
265
165
39
66
83
