1034
1138
1361
1583
735
458
433
764
193
1231
665
1089
647
761
674
758
1273
1614
759
1102
1259
638
100
751
1362
1135
1446
963
891
799
621
1249
1605
832
526
1111
700
264
1345
856
974
1557
1493
1649
843
1149
1426
1389
857
719
1576
690
36
795
617
867
1065
257
6
807
208
825
1325
723
976
1374
371
26
1280
1187
286
1593
1650
852
1529
487
157
640
870
937
1054
1588
383
1
1317
894
1297
570
1041
1637
1500
1146
1416
805
773
812
425
737
437
1329
168
726
1452
59
446
760
420
641
14
710
1444
1437
936
1399
1199
1303
1213
994
322
846
1323
236
940
944
1358
209
569
1539
1348
1093
1078
904
969
873
1028
1504
1379
1219
517
462
563
666
21
1226
1214
1339
958
372
189
1457
1545
742
784
1653
1501
543
422
952
1525
1084
111
287
1631
214
24
686
109
986
932
42
10
1077
163
312
106
454
1463
387
1565
261
879
906
1619
504
1011
44
27
1293
1380
1601
1656
1465
11
1559
775
1582
819
955
394
1099
1151
1174
1597
144
1386
1642
1156
414
1448
1318
762
1059
980
1169
657
358
431
118
285
478
1316
689
793
332
1561
898
167
1628
307
1246
511
329
815
271
1279
896
1037
1658
1449
1180
1514
1109
1126
113
649
1640
468
1510
1468
1038
370
488
653
580
975
611
232
1258
913
1005
1494
126
1512
1498
1132
1548
68
1255
1269
334
615
1423
833
375
1216
1172
957
293
1428
792
177
324
1460
1145
1040
828
1352
17
1230
225
1388
1551
1044
355
507
1221
1023
197
768
656
1166
1228
31
306
1056
1100
396
419
411
687
491
154
560
899
1232
449
1049
1167
1242
895
578
1184
1572
1447
1122
434
417
811
1287
185
721
1482
1053
1007
745
377
101
78
1326
922
586
1600
392
1079
1544
831
359
729
855
639
571
566
916
142
1483
202
481
65
984
514
1002
704
1165
1620
576
948
718
1284
1355
741
610
1585
893
985
1141
87
161
252
540
1131
1342
300
1401
962
22
905
345
221
93
388
276
430
50
1632
1393
713
1475
877
1036
1570
298
1119
89
96
637
1117
1332
343
946
949
931
1555
353
412
263
871
1257
711
1265
1209
1506
836
363
1045
1587
1461
763
1070
549
508
796
1123
373
97
1603
627
393
698
444
525
351
382
629
45
23
1118
709
489
1197
662
1010
66
1311
1215
1066
91
600
1488
997
1211
38
950
1462
938
1295
1233
25
1064
1477
989
814
993
1275
934
712
926
472
291
675
1621
1223
1563
1224
1571
1526
609
1088
901
1270
58
429
663
443
1365
679
1162
470
1234
110
313
242
1505
597
883
1120
754
806
765
1183
92
890
667
1251
1487
476
407
520
1278
250
85
1478
1657
685
384
699
1253
1542
69
602
1429
545
1092
460
249
1055
1130
696
1013
837
865
816
1441
1558
804
186
1643
1189
928
195
933
1356
1613
1194
1470
1017
605
368
1144
465
1453
616
688
702
854
797
337
194
428
1412
1321
541
529
32
1574
841
673
996
241
152
1390
1204
305
851
1537
1020
1074
179
1286
260
1327
445
218
290
220
1306
1000
498
701
1012
13
1289
288
1262
995
88
669
1285
493
1338
1584
1377
1025
727
518
1341
1481
427
502
279
233
535
960
413
731
1107
1575
766
973
165
612
1104
381
659
1225
74
983
272
30
861
876
1442
1375
315
528
782
1396
652
1602
1522
1267
1116
79
1508
1328
1421
750
813
450
216
357
849
887
1485
970
1443
1427
655
471
902
1087
878
64
725
182
1320
967
1349
1148
1083
966
1058
680
1562
739
1381
139
676
461
510
200
1014
660
1351
302
863
347
237
56
72
1455
1288
112
1604
137
512
1473
410
1031
1310
872
1154
803
1405
402
1646
199
1330
844
1263
1391
482
705
748
367
1143
1403
1633
859
61
1612
1596
1191
366
1581
1121
1424
509
1103
703
1622
1480
853
1382
889
500
1185
1137
736
565
1440
827
632
1360
1566
776
618
790
54
440
1486
1527
919
323
404
1578
631
254
267
635
362
542
1641
1384
1067
1402
658
1090
848
280
1536
785
959
262
244
123
28
971
1509
1406
43
73
802
70
628
1114
1535
977
1489
988
20
1313
1112
1047
987
35
651
954
1051
304
188
467
1274
547
1027
1205
1639
227
297
1492
99
360
1368
1469
1418
376
888
1202
614
1420
408
1134
1407
589
1152
1176
1140
1625
866
1532
558
1307
1372
1528
82
46
1052
243
98
1006
730
1644
418
63
1300
572
908
583
1201
546
325
479
530
169
1029
1502
630
421
379
9
707
1609
480
259
1378
282
151
693
496
229
800
772
1586
522
645
107
1415
1108
620
1247
875
1105
524
1371
677
133
174
399
1507
1369
965
1394
556
939
128
122
1022
1160
447
459
1008
258
299
1547
818
134
534
1302
539
650
33
1523
692
127
1086
1347
1599
1030
808
714
1218
1363
51
1595
622
923
1491
321
1590
1196
1115
234
1095
743
858
753
1497
187
920
648
390
1252
708
477
1530
333
406
1091
1400
158
625
170
83
598
720
1101
240
308
537
1124
771
494
744
1195
956
1181
1336
397
1629
990
318
531
336
432
668
354
770
860
1127
1268
596
740
881
171
1173
81
125
1299
951
172
1459
153
1260
501
917
1472
982
845
1290
150
550
277
1594
798
1125
248
340
16
1580
1210
869
132
1161
191
1357
619
1408
105
48
405
156
198
544
947
1248
1534
683
190
484
562
492
361
1495
575
513
633
117
207
94
205
331
1021
1409
912
734
1001
577
1431
309
1533
224
1553
1411
1344
715
885
724
1097
1655
1466
1312
108
441
897
135
1606
559
820
747
401
284
532
927
497
1073
1266
356
839
884
129
378
868
935
607
1515
34
601
1335
1192
661
436
606
1434
1395
435
1630
1207
929
991
1050
1607
176
1579
1315
536
76
1373
1404
992
1198
1611
1376
148
141
490
1098
173
1333
1113
1476
456
455
1175
642
1256
1568
1136
41
1304
403
338
3
733
787
1564
310
4
573
1142
1471
1398
201
131
1016
395
590
303
757
1081
1085
253
217
245
862
634
821
212
925
1060
915
1170
301
716
587
71
416
749
1063
1015
120
475
1456
921
268
1004
67
485
159
1616
781
1068
1392
551
55
1454
140
19
1552
664
1645
114
60
103
1322
505
1035
1516
473
1343
1003
1019
822
746
389
1331
80
219
972
752
438
1178
1370
778
1397
1549
62
604
1513
274
1366
809
1296
1283
1133
119
527
1518
1340
1193
1106
1638
1458
1039
1241
423
1096
341
643
568
231
1277
1009
767
1082
364
1240
503
553
914
380
552
344
424
608
777
1541
39
964
557
1042
398
824
483
1206
1200
783
213
1618
910
1153
1018
835
1546
567
448
561
270
1414
289
838
1353
588
339
175
1129
226
1157
722
1237
1538
554
1314
57
1182
506
603
1186
160
40
145
1069
1282
900
1072
961
644
391
1272
1319
1422
595
801
203
1227
350
756
1301
672
592
941
204
1364
1147
457
599
1171
847
794
47
682
579
1354
146
678
1647
830
1150
1155
439
319
1651
1554
1438
1032
1229
593
1503
516
998
211
1479
1179
880
1617
346
943
95
1110
581
273
624
681
210
1128
1569
415
143
670
519
623
1075
1499
981
1062
1608
121
1324
1239
1484
1413
1451
181
788
499
779
1309
1474
1159
1496
909
247
328
255
594
238
183
124
1436
29
1350
1359
695
90
1432
409
1238
228
335
1648
1043
930
155
911
1439
18
342
136
584
1430
717
84
780
317
732
840
978
116
206
886
817
691
265
246
1410
1250
251
486
77
275
162
1168
12
626
1220
953
352
1236
1308
327
369
1298
349
1048
1556
1615
1261
1524
636
1624
1520
521
5
585
1212
671
52
53
235
774
1139
266
463
1519
1433
1276
464
474
166
1610
823
75
918
826
1626
1450
1467
1567
1094
292
1652
1208
1264
314
834
1061
979
1654
442
2
15
1033
1573
149
1543
1334
907
769
1177
842
283
8
892
523
426
256
515
1417
591
1636
755
1635
269
311
697
49
320
1281
1445
223
295
164
386
37
968
1071
1367
1517
365
1592
330
222
654
348
613
296
385
694
215
738
147
942
102
1337
874
1076
548
1419
1046
1217
945
1627
1292
1425
786
1024
104
1243
564
469
316
326
1294
1254
7
180
1245
451
791
1057
1540
453
1589
1346
115
555
495
452
829
1222
1550
1291
538
924
138
1464
1190
192
1385
1026
1598
864
1531
374
1080
1623
903
850
281
86
1164
1435
999
466
230
178
130
1203
1271
1577
646
1591
728
810
789
1511
1383
706
533
196
1163
239
400
1560
882
1158
294
1244
1490
1521
684
1634
1235
1305
1188
574
184
1387
582
278
