78
11
274
105
245
534
28
46
246
228
569
123
125
604
532
447
545
313
254
41
612
55
644
489
448
16
568
347
198
538
468
275
577
282
409
394
571
473
199
660
466
340
533
104
7
453
264
293
359
8
235
185
339
24
113
410
475
348
142
59
463
329
158
586
80
437
322
552
513
5
117
64
512
200
307
446
187
317
273
624
530
434
603
27
257
253
327
323
4
281
614
196
471
467
356
527
593
560
232
159
326
459
335
58
636
308
519
14
641
302
147
627
56
398
69
574
110
544
606
71
304
386
86
77
67
285
269
182
30
17
271
334
509
82
412
278
631
319
503
341
442
460
573
32
387
363
221
288
13
53
421
22
161
499
248
103
613
237
259
3
373
343
19
25
162
450
391
294
152
207
380
222
333
216
92
449
656
328
193
126
290
543
183
346
517
384
441
389
189
616
98
516
540
401
578
595
556
647
208
597
630
76
496
431
365
85
211
361
268
272
514
192
432
650
324
136
407
408
321
318
548
553
166
33
418
611
130
495
561
243
502
229
565
600
109
43
615
35
484
508
96
93
374
203
342
178
539
576
525
301
436
455
364
180
621
116
648
362
276
487
400
622
427
250
345
393
377
390
371
140
643
325
419
485
564
562
31
39
399
620
68
623
388
397
153
111
457
355
191
352
465
430
300
226
132
357
659
379
580
163
428
619
188
590
433
156
149
646
141
634
148
66
332
277
654
557
227
312
651
120
75
542
160
256
231
292
625
482
645
406
202
186
469
284
637
84
474
480
486
601
493
344
425
354
42
537
108
392
106
383
617
102
95
320
598
504
550
164
179
287
99
310
295
47
88
515
10
210
283
367
204
535
385
171
661
26
429
632
403
423
9
592
435
570
528
36
494
472
445
599
135
476
114
267
213
464
337
490
524
220
280
402
241
52
610
478
224
608
170
658
238
628
270
90
48
57
638
649
510
529
128
488
297
416
197
479
60
2
167
303
331
289
101
591
458
65
523
251
230
177
291
338
424
155
38
554
575
395
353
626
439
262
218
376
411
443
23
255
559
417
483
481
261
247
44
87
547
518
521
498
452
81
107
184
582
652
83
526
639
6
511
563
306
223
396
89
62
522
51
143
549
381
351
605
168
422
134
497
234
258
375
50
144
173
100
115
584
225
174
131
350
206
640
40
29
536
309
462
454
94
378
558
201
146
121
169
1
37
119
34
369
49
635
461
194
195
470
330
405
579
426
440
252
413
629
456
506
372
190
618
370
609
244
145
266
73
129
414
249
133
404
236
165
209
382
181
127
444
239
567
581
176
122
54
501
138
500
157
118
205
15
368
70
572
263
74
286
349
305
137
18
314
366
607
477
587
20
491
79
212
219
242
551
596
657
21
358
279
175
546
298
531
214
315
520
215
492
151
150
589
139
602
240
451
316
507
336
233
296
217
124
112
260
12
420
154
541
299
566
642
585
61
265
583
438
655
63
360
588
555
505
45
633
653
415
91
594
172
311
97
72
