425
230
113
315
188
105
347
349
199
15
137
67
459
384
457
344
373
372
13
313
223
343
460
149
210
400
461
406
369
405
85
74
73
245
100
241
345
193
450
436
258
181
114
175
157
250
263
78
174
197
186
435
408
452
161
272
93
139
466
289
424
81
251
91
166
261
95
228
1
426
341
443
220
327
359
2
51
325
271
368
330
9
14
310
125
300
227
22
92
348
28
21
305
416
123
255
298
155
143
195
277
190
274
308
31
226
270
62
102
144
152
198
204
282
75
340
129
399
307
104
205
243
120
212
44
136
163
138
88
150
367
391
45
388
379
323
240
107
103
329
438
235
6
383
70
50
11
314
47
335
221
311
122
350
422
23
5
184
415
409
445
101
177
135
99
42
376
238
403
24
356
86
247
380
58
412
63
217
316
465
361
194
26
40
398
178
213
358
279
413
430
170
133
124
8
360
82
132
52
423
280
404
432
165
283
276
354
260
206
294
266
115
169
46
3
464
336
18
142
131
216
267
420
121
295
451
365
299
291
290
119
171
183
79
222
189
449
303
106
98
55
292
134
215
32
317
57
268
182
440
65
389
453
185
173
259
20
87
410
234
431
191
265
214
364
447
252
10
331
27
97
454
387
390
72
160
43
239
64
209
333
110
151
233
306
172
309
357
428
264
141
363
109
328
442
446
468
417
158
419
60
456
275
66
96
49
324
253
180
232
116
355
236
269
381
401
16
89
192
312
94
392
414
322
397
80
111
455
319
207
117
128
148
326
37
338
38
12
29
154
68
77
297
382
407
248
393
39
342
301
334
374
332
288
304
427
352
196
56
458
434
242
17
200
147
418
321
281
411
318
386
219
118
127
61
462
33
284
448
231
153
30
164
244
375
346
162
286
337
126
421
293
362
53
202
130
19
249
444
187
273
439
167
159
208
108
59
83
179
353
211
41
54
218
463
90
7
437
224
351
76
320
402
302
433
34
176
25
339
71
112
396
168
256
254
429
366
4
467
287
145
377
370
229
146
156
385
296
278
84
48
246
262
35
225
257
378
140
201
285
371
203
69
36
395
441
237
394
