97
168
157
114
99
88
71
150
10
37
129
73
75
92
86
171
14
177
131
163
160
77
47
109
16
50
83
95
139
90
81
1
127
62
45
43
79
55
29
173
140
61
68
110
133
20
155
82
9
116
59
87
13
67
117
149
26
34
54
28
70
74
60
143
113
162
119
103
147
56
105
35
108
175
142
167
180
42
165
101
85
30
154
120
98
57
136
7
141
78
135
48
69
15
137
122
76
46
72
49
148
36
153
18
31
170
39
40
93
6
172
53
52
96
178
22
152
124
166
80
130
125
3
21
161
58
25
121
4
144
64
174
123
23
89
17
158
156
138
12
118
38
8
132
169
100
145
115
151
107
44
102
41
51
176
66
111
91
33
106
2
104
112
5
128
19
24
32
11
181
27
94
126
179
159
84
146
134
63
164
65
