223
377
96
378
146
613
510
484
437
241
8
34
218
326
323
457
13
515
429
64
356
384
464
202
40
331
551
62
599
539
114
89
418
375
315
601
254
211
245
307
224
247
20
542
113
77
304
476
2
451
168
243
330
132
141
198
520
443
196
333
138
409
242
577
594
545
444
317
395
104
163
209
366
233
499
65
329
321
414
501
388
306
106
478
455
237
415
590
360
579
179
312
617
112
41
143
487
48
320
107
88
63
554
469
494
603
129
370
581
564
602
148
70
150
566
368
449
480
423
109
293
481
139
32
253
336
137
512
495
540
38
497
230
29
357
92
222
467
214
393
219
488
167
571
55
160
553
582
619
66
462
49
574
213
490
288
265
536
122
152
1
433
115
171
136
419
181
97
604
456
155
134
541
424
286
194
140
191
188
235
267
161
183
420
15
585
400
308
111
44
605
14
169
461
372
118
364
535
615
435
87
339
565
491
584
558
284
79
42
548
561
98
612
396
103
309
459
210
28
270
295
332
479
350
529
460
95
46
381
394
507
240
123
470
236
217
392
517
313
10
249
376
74
83
379
256
234
60
346
12
463
85
530
572
596
421
52
252
277
173
291
353
413
147
69
556
385
130
274
348
279
322
311
533
557
133
99
405
425
76
186
523
16
59
43
175
500
116
82
324
511
493
177
47
157
145
562
434
151
528
597
26
184
294
387
580
86
172
569
100
108
264
335
606
575
195
319
340
354
588
477
278
465
128
227
492
610
595
296
220
297
318
391
345
496
255
54
53
215
514
592
359
212
549
407
285
482
474
24
11
432
410
401
93
272
201
504
170
587
380
192
72
598
567
45
206
525
560
281
589
259
454
283
7
84
305
365
178
91
176
251
386
51
389
550
430
290
524
190
189
22
458
105
231
583
519
269
343
127
125
193
68
260
142
607
363
135
316
207
154
531
445
570
358
618
102
153
225
271
205
37
203
506
61
538
158
35
31
4
156
81
521
166
344
338
263
144
248
616
232
19
80
439
471
131
546
239
302
257
337
25
124
221
328
298
620
611
325
349
475
180
310
427
502
301
162
390
452
586
187
431
303
159
57
50
261
485
204
447
417
314
426
9
276
450
199
200
397
347
75
552
446
119
268
373
229
244
208
399
374
568
453
527
486
402
110
382
489
534
164
383
71
165
498
282
509
593
300
39
411
56
149
468
609
559
518
299
361
287
6
334
608
67
341
17
27
441
3
403
258
508
238
352
555
228
371
408
428
355
406
526
246
362
573
117
78
58
262
448
578
505
436
5
483
503
544
292
513
73
289
250
576
120
422
101
174
121
36
600
33
404
522
367
342
280
90
472
216
516
30
543
275
23
182
266
466
226
273
614
21
563
351
532
369
537
18
416
126
327
473
442
412
591
438
398
547
197
94
185
440
