66
14
140
82
98
16
151
112
33
65
133
96
165
44
15
136
7
176
35
148
19
32
166
127
47
80
181
154
120
216
67
206
160
77
3
62
10
200
205
159
1
31
221
187
126
141
61
170
76
21
94
64
157
209
220
30
26
105
186
121
87
74
39
163
99
93
79
214
5
36
63
103
24
155
104
52
207
102
41
17
72
89
90
183
119
92
138
152
190
83
18
189
34
114
179
43
222
101
180
192
175
23
162
191
202
50
111
156
142
193
95
81
116
59
53
4
20
29
185
58
40
109
91
137
60
69
144
167
195
71
169
129
130
218
198
122
28
204
45
171
13
161
223
174
134
42
108
184
139
123
194
115
147
11
56
188
199
55
131
150
27
128
178
143
54
68
219
124
9
158
135
213
85
215
146
51
78
22
212
172
113
145
12
118
8
86
38
211
173
100
168
201
164
217
73
37
153
125
70
97
132
182
25
48
203
208
57
84
49
196
106
88
110
107
6
46
197
2
149
210
75
117
177
