39
11
92
96
93
9
148
144
157
68
28
17
103
87
116
2
130
20
34
14
38
108
98
60
88
46
136
70
52
10
121
129
54
99
16
105
23
107
30
37
132
73
12
111
134
94
85
47
59
126
24
66
149
89
125
57
153
128
3
113
150
77
122
44
45
117
154
118
82
40
97
95
41
81
62
50
104
156
91
27
61
4
141
152
86
53
76
137
32
75
42
63
67
143
100
56
58
19
114
83
84
80
119
135
49
31
33
35
109
147
69
101
43
139
151
78
127
72
79
142
5
25
145
65
133
106
90
123
120
13
138
55
48
15
146
155
8
1
115
124
22
102
18
112
29
71
51
74
7
131
110
64
21
140
36
26
6
