212
86
288
321
245
17
3
15
459
302
441
312
418
243
381
349
209
273
294
37
124
351
464
460
67
127
455
387
362
430
198
40
342
58
289
339
462
353
408
448
390
60
429
316
133
309
235
293
359
405
251
108
202
113
196
384
463
68
72
440
206
296
49
120
445
101
325
281
39
259
216
468
423
42
213
95
350
298
214
475
271
149
303
186
283
159
131
205
158
258
153
54
57
111
82
222
299
195
114
9
52
6
398
394
48
220
438
242
211
29
116
161
229
183
439
367
354
274
234
129
47
4
184
78
157
180
201
155
31
371
118
63
415
374
263
306
365
236
83
389
66
385
175
373
64
56
452
348
248
284
470
115
136
304
179
356
165
424
340
178
38
16
121
232
215
311
117
414
369
272
383
396
110
151
301
361
128
59
138
344
446
403
142
105
473
26
140
275
76
320
451
230
447
466
217
433
13
191
77
450
69
372
477
444
188
122
106
5
85
366
96
420
404
162
295
291
286
257
199
327
94
119
432
285
189
434
393
457
160
319
254
144
30
317
392
380
315
32
406
141
334
34
181
46
267
322
352
61
476
53
246
469
44
461
41
50
417
261
453
210
126
22
428
233
335
99
102
456
97
226
135
79
231
244
449
194
19
318
401
172
207
382
62
269
65
103
224
190
112
332
407
24
137
336
73
337
227
375
260
139
109
386
310
458
200
247
164
478
252
148
89
237
208
379
132
156
426
238
185
2
391
346
308
474
416
277
250
193
255
75
436
425
21
145
278
104
187
412
10
249
435
437
239
333
422
341
345
279
287
314
88
409
370
330
467
410
282
241
170
90
363
33
292
177
100
225
107
376
123
223
358
264
14
421
168
12
368
328
152
411
427
305
326
35
297
70
402
55
240
347
465
154
25
253
431
28
413
265
91
343
92
395
290
45
324
471
182
355
338
357
378
36
218
197
7
266
71
147
329
43
166
276
377
443
228
84
173
18
74
146
134
51
323
472
174
280
98
360
221
364
331
203
176
268
143
27
93
8
400
262
167
399
87
150
11
300
125
1
81
313
219
20
307
23
192
163
419
270
80
256
397
204
454
442
171
169
388
130
