141
164
101
18
145
45
46
1
163
146
81
113
55
160
21
136
62
115
79
121
83
16
92
88
93
119
133
135
172
80
87
97
171
122
144
75
104
117
53
42
40
103
44
34
96
137
129
109
89
162
67
22
128
2
58
167
134
132
124
106
111
131
59
39
150
35
76
5
54
155
47
77
166
123
84
30
32
114
51
159
7
25
112
125
9
50
56
154
148
95
65
28
82
116
70
143
98
173
31
15
140
66
73
38
156
168
157
126
147
36
74
19
102
4
90
99
72
127
78
100
153
49
151
8
165
139
94
14
60
37
27
29
12
71
41
118
152
17
63
169
10
170
64
68
161
33
6
61
48
130
158
11
110
108
26
105
23
13
57
142
43
138
149
86
24
120
91
107
3
20
69
52
85
