206
601
513
255
67
176
713
141
178
175
37
93
635
723
719
10
8
483
523
163
707
606
640
724
529
26
434
284
76
354
270
604
278
101
232
428
112
72
389
149
500
532
467
319
475
152
245
577
403
496
570
484
273
731
734
201
422
2
259
658
266
60
548
665
303
543
150
628
429
644
139
217
595
709
720
177
193
375
202
470
698
369
87
35
20
159
410
473
517
472
702
386
326
395
325
38
83
633
56
445
634
55
591
397
171
678
580
153
28
144
235
402
536
98
289
581
90
187
5
132
328
537
302
597
663
508
668
714
655
213
247
441
447
728
129
535
348
160
619
311
534
42
220
487
62
385
342
418
45
195
40
304
425
613
411
452
15
673
735
478
495
275
679
374
32
257
46
563
705
211
221
427
488
246
253
292
158
400
61
181
531
623
7
59
684
271
251
82
481
268
392
66
564
578
69
358
226
134
339
21
166
586
233
96
92
280
569
126
420
424
656
598
11
309
432
436
349
343
685
313
299
693
603
295
733
146
43
538
142
520
482
382
300
228
573
688
133
371
137
533
353
504
555
184
185
474
414
190
681
307
291
252
70
312
558
107
703
450
329
296
554
383
360
164
377
31
337
552
157
173
78
593
191
736
143
706
277
94
298
646
338
379
224
614
225
265
154
672
505
637
110
13
671
590
624
9
430
622
459
727
651
607
310
710
179
449
243
73
556
260
25
256
81
730
219
439
541
119
512
518
630
443
29
282
333
497
549
438
584
362
643
41
254
674
100
116
394
19
433
608
218
647
231
737
155
471
336
721
652
44
294
718
75
53
675
629
198
562
186
356
712
571
147
138
509
109
240
697
345
223
553
203
22
682
267
503
331
48
550
161
413
180
546
687
1
79
700
462
390
585
279
617
114
123
415
276
662
458
16
192
388
521
539
412
519
592
661
242
525
68
77
174
648
357
121
136
691
122
642
587
435
368
515
148
627
4
227
717
351
283
363
321
365
666
654
565
516
680
490
401
332
664
204
416
128
609
262
241
530
631
208
469
493
461
610
33
89
589
466
352
657
659
451
49
480
547
63
444
115
489
457
39
344
36
404
263
686
64
340
498
522
183
372
605
599
27
514
315
499
670
426
308
197
86
551
524
238
285
51
574
510
236
465
423
486
460
454
167
540
696
57
324
50
442
557
318
567
104
406
683
229
732
636
387
653
88
440
341
421
695
612
288
194
417
350
579
561
327
162
274
290
199
108
215
6
405
370
269
373
145
14
456
738
205
708
120
399
361
479
408
526
47
113
391
560
169
140
196
485
34
297
249
645
200
105
359
209
135
84
381
690
216
188
230
494
528
130
18
501
393
568
244
638
156
250
91
314
124
667
111
699
99
281
366
378
616
74
694
248
468
323
692
355
676
301
364
715
620
669
258
367
380
125
317
716
347
170
52
677
286
172
615
725
446
12
618
611
106
476
330
54
316
711
545
701
102
287
464
151
165
264
639
407
409
127
346
650
455
239
80
305
729
293
660
95
726
594
398
625
502
506
453
448
210
23
621
492
559
30
566
419
542
306
24
17
396
641
576
431
103
320
3
234
596
689
261
600
527
168
572
507
182
322
511
207
722
237
212
602
632
384
118
85
272
582
222
463
583
131
588
575
376
189
649
97
334
117
65
71
626
437
58
335
544
477
214
491
704
