39
95
87
176
137
104
76
126
4
36
106
117
65
48
166
139
163
119
146
134
60
105
33
66
30
59
29
113
123
109
173
169
72
32
67
182
16
27
7
161
50
49
61
135
124
56
86
100
131
112
64
149
138
17
22
178
25
175
160
52
31
84
70
77
167
24
69
142
136
35
118
63
1
58
21
47
12
185
71
54
34
88
140
151
177
154
162
89
179
168
8
6
5
74
152
93
130
107
40
157
122
68
115
171
129
45
165
53
121
108
23
83
132
82
51
180
150
148
42
11
85
147
38
94
90
28
14
97
159
158
101
170
143
102
181
116
114
127
81
91
92
3
110
174
96
111
183
37
18
141
153
55
57
73
128
156
26
78
99
43
144
2
75
9
19
79
172
46
62
125
41
155
13
184
145
44
10
120
80
15
98
20
164
133
103
