157
89
193
27
343
375
98
310
48
450
49
354
167
262
189
188
187
111
242
117
21
125
280
123
320
126
385
149
330
265
28
222
233
220
438
119
205
442
36
175
394
59
72
263
153
221
317
434
345
273
55
171
333
165
324
424
339
64
272
362
124
170
97
191
52
118
53
443
81
387
400
20
409
331
370
374
389
297
298
380
366
256
91
304
246
341
373
435
445
66
254
303
397
404
190
327
268
85
335
146
42
277
9
275
448
252
84
25
45
6
264
178
192
182
377
278
166
179
198
69
351
134
202
107
156
437
266
95
210
40
24
393
441
15
127
176
194
110
215
349
311
245
293
159
383
239
152
247
433
23
287
140
338
174
289
240
371
447
214
135
79
10
325
322
164
361
145
449
106
223
284
70
425
399
342
78
334
73
7
226
412
60
115
414
128
197
382
180
108
75
344
323
376
348
217
63
132
137
30
401
332
154
308
300
271
419
292
255
88
155
428
291
31
436
219
208
328
96
253
381
355
431
116
352
294
269
50
209
1
56
402
360
203
77
259
408
35
218
350
369
407
237
372
33
228
43
367
32
392
102
3
183
432
257
410
243
326
340
305
90
230
227
82
422
8
16
138
129
307
231
313
353
238
337
38
390
207
151
19
413
161
44
319
104
71
200
62
421
261
346
143
177
235
406
290
67
281
68
37
112
122
47
403
299
386
395
274
5
29
420
74
199
251
378
103
34
186
306
14
144
316
109
415
429
411
216
17
148
358
364
130
131
61
51
405
26
288
357
65
213
296
315
185
285
379
212
283
248
184
11
234
427
270
451
314
142
318
105
312
99
150
368
46
12
391
147
232
440
452
282
206
169
365
446
211
201
93
426
347
136
229
87
396
54
113
94
2
260
356
4
225
18
249
244
121
120
363
196
133
418
13
295
279
41
58
163
329
286
39
158
139
250
224
302
336
173
416
301
241
22
384
162
141
444
439
204
86
80
309
168
423
430
195
388
417
398
160
236
181
258
57
276
92
359
100
114
76
267
321
172
83
101
