117
384
386
874
31
715
61
518
486
321
556
506
309
235
354
206
50
42
904
618
577
784
808
751
807
909
367
2
691
323
18
588
35
265
628
122
661
724
899
11
667
211
633
739
469
454
783
220
182
892
525
755
811
654
887
225
63
8
106
434
201
111
250
491
873
589
318
430
463
329
406
144
313
392
787
512
439
280
19
520
895
102
88
41
5
306
630
176
583
854
488
706
252
688
229
353
333
531
707
86
382
75
116
17
521
132
708
338
484
603
445
104
344
748
113
436
267
845
511
882
358
420
9
552
395
401
232
536
190
230
839
291
237
341
676
644
747
223
788
902
774
766
163
560
692
795
328
375
576
130
391
610
285
326
54
672
415
605
133
537
568
366
10
123
507
782
476
390
762
623
243
277
758
805
94
196
721
793
335
183
118
786
418
187
4
773
638
398
929
458
487
359
509
347
247
332
33
254
825
896
865
383
160
648
814
431
682
930
266
737
26
473
325
519
653
208
539
842
820
74
461
915
91
28
798
284
278
871
455
655
720
121
925
68
260
596
668
827
452
373
205
541
324
626
460
73
809
226
698
891
522
608
728
288
84
29
242
470
365
67
844
186
425
322
249
167
368
837
564
792
883
880
901
579
222
534
561
609
152
778
642
393
914
51
92
428
27
562
433
56
789
717
258
864
388
90
800
351
569
360
752
241
815
631
126
330
356
37
246
713
622
204
916
137
733
255
489
1
105
801
131
76
15
127
832
806
910
823
219
680
495
234
80
256
198
64
695
426
894
538
150
859
371
316
287
678
875
657
331
380
592
364
591
315
48
646
444
587
478
400
635
376
527
785
30
408
339
563
468
771
726
79
115
742
760
649
52
125
532
900
405
523
385
70
565
38
297
417
723
407
543
637
240
829
746
791
302
437
928
869
200
554
350
553
602
424
503
378
645
419
93
298
69
510
590
750
421
877
251
32
314
566
740
304
830
712
898
858
414
389
861
879
836
575
924
337
857
207
481
890
759
156
451
545
39
629
377
155
745
921
224
283
555
497
245
446
694
852
918
110
340
168
397
735
24
212
409
238
780
145
763
180
40
438
474
853
440
573
450
203
736
639
604
108
677
606
549
727
272
818
578
517
227
348
369
754
931
456
120
6
693
816
292
149
504
381
621
85
666
526
343
765
457
767
656
851
363
482
550
674
821
533
257
572
140
741
262
669
114
422
849
508
496
311
779
932
647
286
442
448
660
23
303
826
718
466
423
148
193
361
282
135
796
138
394
99
499
372
233
143
327
772
580
716
57
687
620
95
686
159
151
492
214
263
524
447
357
154
112
756
817
20
21
863
911
799
404
65
165
276
462
178
502
98
926
544
294
83
681
77
743
467
797
374
289
66
540
652
719
670
346
101
601
855
679
690
619
714
632
264
585
838
301
362
636
274
505
210
279
443
164
305
828
822
663
97
684
906
300
307
147
897
725
3
453
595
764
515
416
711
72
593
53
547
410
184
296
615
665
236
513
215
732
812
850
181
427
471
310
908
129
542
768
634
483
293
81
170
411
749
571
722
685
146
659
177
259
62
22
584
776
514
253
557
34
920
139
804
100
169
308
643
658
917
662
640
107
867
464
775
299
599
270
905
494
142
153
803
567
403
781
158
734
166
551
558
705
334
651
449
189
349
239
834
493
43
868
790
709
477
913
244
683
600
675
379
559
704
312
12
546
475
594
846
96
194
889
872
753
87
209
856
570
14
597
586
530
612
641
89
813
761
82
671
172
927
465
370
862
664
479
611
141
500
529
699
459
199
179
275
352
202
429
696
819
213
516
44
49
802
490
881
171
581
396
355
248
480
673
188
697
60
13
218
45
342
25
217
103
598
402
281
485
191
614
192
912
268
119
702
441
888
848
78
794
16
336
769
770
317
71
290
413
730
627
261
157
860
893
162
843
320
847
319
128
841
345
701
866
216
903
432
197
399
835
295
173
650
124
498
36
607
548
59
613
136
387
884
729
885
501
907
535
810
886
922
271
231
831
731
435
840
7
55
185
919
174
625
617
878
870
528
195
273
876
582
777
624
710
46
744
472
47
221
833
175
824
703
161
574
689
228
269
700
923
616
757
134
738
412
109
58
