124
162
157
6
249
241
88
122
161
136
50
106
5
108
267
109
27
289
92
182
141
69
232
181
246
214
131
198
229
272
51
31
140
153
251
290
80
19
262
21
100
159
128
208
103
118
254
90
280
178
9
133
203
78
219
58
245
16
144
49
282
227
215
253
37
243
29
257
63
236
18
116
68
134
36
263
238
190
129
231
223
45
264
110
89
158
230
164
32
84
213
91
135
187
268
148
111
172
204
188
94
240
14
184
247
183
199
222
10
283
59
104
180
265
76
166
155
60
28
193
46
139
125
191
233
168
154
77
244
24
192
252
2
11
98
41
79
83
147
200
62
17
287
137
7
61
22
151
113
127
175
52
99
281
225
101
146
81
72
126
67
271
33
176
145
4
42
105
112
160
170
234
221
15
266
275
20
143
279
186
201
173
30
82
237
56
269
1
284
235
250
138
130
197
87
274
167
121
102
23
54
212
93
85
117
218
195
8
179
217
288
149
242
216
165
224
277
189
205
48
123
150
115
34
152
96
107
13
75
57
114
202
156
132
285
43
260
255
55
120
226
196
70
65
276
53
171
258
210
174
40
38
66
169
206
12
261
259
211
64
207
39
35
3
95
220
248
86
163
47
26
228
273
286
239
97
194
71
270
185
177
73
44
142
119
209
278
25
256
74
