337
408
364
316
116
453
358
330
540
131
420
296
539
306
170
385
73
244
110
272
470
165
507
473
109
213
114
133
48
187
41
43
132
409
294
503
259
281
436
300
432
63
387
465
422
175
86
229
477
532
318
509
87
360
363
398
283
33
375
406
304
75
415
538
239
151
179
328
441
209
498
368
215
370
433
199
176
457
53
481
21
497
451
397
547
208
341
428
77
543
26
237
80
552
381
331
113
188
207
491
78
108
91
182
365
471
551
354
193
450
38
336
534
516
66
238
427
173
95
392
474
322
315
288
261
13
250
28
164
311
255
553
223
525
418
138
399
380
324
54
39
480
23
240
214
69
201
456
518
438
189
526
262
265
6
391
59
52
548
544
251
472
186
97
210
258
195
8
122
62
423
299
45
17
440
531
319
523
357
104
200
3
506
320
384
510
314
181
218
301
224
279
348
342
446
377
197
117
90
556
1
269
128
67
100
345
454
297
236
172
46
383
522
340
129
146
286
290
98
325
373
234
61
160
177
469
378
11
101
124
462
463
152
228
10
350
559
417
142
51
561
254
504
178
143
413
293
44
105
211
527
20
478
112
339
326
183
217
235
431
393
119
37
367
155
70
492
161
394
302
371
521
212
106
64
312
60
156
157
410
484
479
389
220
494
374
275
139
19
323
353
274
382
34
68
79
560
125
343
25
362
27
226
248
227
535
359
22
127
247
92
219
58
163
171
264
270
280
349
249
517
554
50
501
291
32
271
536
137
150
347
260
329
429
241
499
205
89
277
88
524
292
5
4
460
169
111
267
245
313
18
203
424
174
338
85
192
36
388
263
130
404
47
490
464
285
266
435
65
42
545
437
216
361
533
309
154
332
149
549
221
140
278
386
191
198
439
355
305
9
246
356
352
276
511
333
2
180
475
287
335
557
204
103
307
449
546
505
141
411
107
148
168
167
461
317
327
120
488
225
430
184
232
30
508
40
483
252
158
372
555
153
405
459
530
233
500
15
366
351
468
458
502
495
419
402
421
118
166
81
257
282
102
529
412
416
147
395
426
49
83
16
403
346
442
29
344
145
514
56
496
76
289
243
482
467
476
425
202
443
485
334
82
159
515
369
115
520
455
308
466
222
256
407
400
190
35
14
493
136
96
513
310
162
135
447
396
72
295
123
414
93
434
94
55
242
84
206
487
126
550
390
12
99
284
273
321
231
121
31
268
134
448
445
489
74
196
542
253
537
528
401
512
7
486
376
519
57
230
541
558
194
185
303
452
444
71
144
298
24
379
