556
171
429
298
259
322
552
650
126
54
240
405
641
378
607
621
565
632
514
267
376
525
239
346
624
200
72
530
213
631
12
475
48
433
349
225
368
604
590
361
358
158
49
207
594
495
27
176
165
487
506
516
58
523
351
156
209
8
238
338
545
107
170
498
221
202
117
435
339
134
127
627
59
279
246
332
268
305
411
394
16
9
367
301
29
6
441
418
503
276
618
28
270
64
532
551
365
651
141
182
180
321
423
145
345
561
531
299
598
79
11
602
579
589
320
185
206
353
41
15
252
291
334
288
380
421
33
407
417
517
546
47
500
567
307
381
642
191
199
647
643
369
118
623
426
18
216
474
32
68
596
341
560
580
488
178
466
536
558
385
528
131
84
219
511
362
272
625
63
248
146
638
80
304
138
541
606
396
364
535
569
312
458
271
196
167
147
56
387
21
373
443
533
42
34
95
645
187
208
410
574
168
359
520
195
100
101
45
330
235
482
634
347
160
20
504
652
106
462
283
37
403
576
553
87
470
192
463
636
121
177
315
587
5
586
112
53
582
557
186
111
19
608
469
96
157
310
215
115
175
197
384
499
26
575
431
294
220
622
568
392
478
323
333
122
128
527
437
218
654
571
640
94
616
257
210
548
190
293
398
4
588
133
136
591
250
496
135
340
51
471
251
399
534
501
55
150
328
480
390
465
317
473
445
110
66
162
438
148
366
60
452
90
166
71
316
375
204
263
253
611
329
237
142
412
547
314
217
550
249
614
140
266
244
132
633
350
297
232
113
234
78
605
434
391
331
629
601
477
161
57
289
245
183
578
228
124
448
154
274
201
22
153
318
226
354
491
46
83
163
65
98
308
1
583
454
371
188
542
555
537
97
343
408
653
479
205
227
544
502
262
485
74
395
577
114
538
467
88
269
303
67
585
247
440
109
609
581
295
415
386
38
357
476
306
515
30
241
459
439
7
254
91
319
224
278
521
427
81
309
31
179
172
181
505
23
374
617
130
613
44
460
212
102
292
600
481
497
144
456
595
39
559
554
383
416
76
539
451
242
137
628
70
382
424
420
40
129
566
260
472
655
116
584
639
484
518
540
425
450
285
529
17
509
255
436
89
446
419
414
597
444
236
264
592
35
149
169
203
637
282
370
397
356
62
265
402
563
325
324
377
409
526
275
231
105
92
277
159
630
464
519
214
400
77
108
646
85
413
243
406
404
572
486
233
549
363
603
69
512
337
352
644
610
125
612
620
461
493
189
229
14
152
143
230
355
562
290
447
184
82
103
344
258
3
599
388
649
193
490
348
615
626
222
119
648
428
300
123
570
442
508
194
455
311
543
86
457
287
61
401
25
43
564
75
173
302
342
453
389
139
52
296
151
513
335
483
36
393
468
13
494
313
284
327
510
286
99
619
489
155
50
211
2
261
360
73
422
326
198
524
10
432
120
256
281
174
93
164
24
104
492
379
507
522
223
635
573
430
336
593
449
280
273
372
