172
125
340
128
64
394
319
375
60
355
322
460
312
286
327
537
29
219
370
179
593
378
156
429
89
316
107
214
41
326
302
511
268
555
568
455
173
84
333
110
482
280
478
498
538
513
419
221
293
586
332
207
155
399
524
397
276
288
206
226
471
193
210
231
561
249
253
199
401
520
67
184
149
120
509
12
57
77
604
153
434
510
592
341
549
500
154
98
486
345
565
384
24
447
531
6
318
45
526
83
47
114
267
9
503
4
534
175
220
122
136
123
103
414
116
349
541
334
371
144
321
192
323
522
148
54
261
559
108
297
442
390
487
91
329
205
495
270
229
111
56
182
425
437
224
105
129
339
169
409
248
405
46
594
295
387
480
88
134
415
74
351
454
597
183
473
72
147
517
17
31
20
354
330
106
157
591
420
381
165
66
456
563
96
5
271
254
451
244
176
69
558
481
1
121
118
502
458
348
529
215
423
85
449
21
209
200
307
385
422
25
252
438
145
13
527
138
364
236
279
92
255
90
418
139
235
119
600
389
23
197
16
272
273
79
266
320
34
49
408
102
466
275
174
533
204
311
578
86
124
287
259
233
539
505
374
499
100
127
36
152
543
186
291
228
352
146
380
241
75
491
416
439
317
490
218
476
223
571
211
569
303
452
519
7
514
530
368
580
588
265
101
58
18
424
566
70
167
10
164
22
243
581
477
521
570
281
417
202
39
440
393
294
469
166
187
208
402
363
301
435
536
159
461
170
188
26
328
433
468
191
11
443
576
413
556
599
37
133
507
403
590
95
168
336
189
557
606
234
479
82
546
386
376
178
523
470
63
441
195
464
605
308
53
15
550
198
516
180
227
310
71
62
126
104
457
306
392
28
93
493
356
42
358
430
448
544
55
232
410
562
450
560
369
396
436
109
285
462
38
404
501
161
304
43
361
14
398
583
548
577
130
553
366
44
260
446
337
19
282
532
383
50
421
453
163
278
131
343
284
217
547
150
33
467
382
40
552
35
346
535
344
388
545
237
572
230
289
314
607
595
357
379
300
181
574
573
143
324
160
222
194
585
137
360
78
325
65
445
80
132
488
431
196
262
68
258
342
347
582
277
97
162
475
250
551
225
245
350
465
391
400
76
305
151
239
331
313
73
296
372
407
567
575
158
315
472
362
94
142
30
587
459
263
427
602
140
528
51
246
515
274
298
584
406
52
292
335
377
601
589
171
177
269
512
359
251
27
117
185
508
596
87
283
492
59
141
395
48
474
242
264
257
463
603
135
213
8
299
112
428
115
190
99
216
32
506
365
61
525
2
113
412
497
247
483
518
489
81
432
494
426
309
373
3
496
411
485
203
238
240
338
564
444
212
353
484
290
542
579
540
598
554
201
504
256
367
