435
103
126
3
368
180
483
387
197
489
390
92
185
277
133
314
201
325
113
192
245
117
455
250
440
424
517
234
470
275
5
220
401
90
519
303
9
433
411
159
450
163
191
254
472
272
215
346
342
64
11
248
53
70
443
256
244
403
416
8
132
110
35
125
210
168
174
270
487
504
236
499
354
100
407
493
283
4
160
162
2
376
319
473
439
389
478
417
240
291
288
344
43
375
91
26
271
446
27
216
21
369
231
338
87
37
378
138
434
141
178
441
172
383
41
75
207
239
44
31
436
156
249
264
263
318
350
308
200
217
42
312
107
491
503
66
10
219
404
394
310
63
502
357
161
457
69
296
183
238
225
388
83
229
242
507
419
17
522
379
257
28
153
51
448
513
13
179
393
421
276
480
297
465
184
347
233
259
258
294
151
315
418
359
396
486
365
247
265
80
22
45
429
81
447
518
131
16
311
24
329
261
118
510
154
413
18
322
181
1
34
490
130
205
280
204
380
164
495
241
449
252
25
76
211
39
371
373
89
67
137
360
144
482
121
269
187
176
255
157
166
398
469
101
399
253
334
481
336
65
46
410
409
177
415
155
40
523
485
29
202
516
287
454
459
408
108
438
349
366
511
96
105
88
352
20
95
218
452
313
111
348
72
59
268
468
33
85
94
512
471
36
86
74
484
488
82
194
514
98
128
333
146
147
119
501
426
23
515
84
397
190
505
331
423
374
223
267
149
451
295
279
165
143
104
406
362
213
324
158
182
340
68
175
299
381
228
123
427
77
169
301
58
232
273
386
203
6
52
212
463
209
142
444
193
152
298
500
343
339
524
136
520
49
496
392
323
492
328
316
430
93
226
509
145
498
508
30
198
453
109
293
464
304
384
353
251
300
370
292
432
55
317
246
278
364
79
355
395
129
227
32
266
289
382
361
358
461
309
116
97
61
372
206
243
120
525
521
122
402
320
326
442
377
134
475
47
56
195
466
102
199
290
221
422
78
456
330
140
332
305
306
428
506
307
363
460
208
282
171
224
497
115
302
189
15
48
341
12
476
237
222
445
57
281
351
196
425
391
335
286
385
367
167
414
112
479
230
477
114
60
148
38
345
467
173
170
150
19
99
73
474
337
458
420
106
462
188
71
50
260
356
127
327
7
135
14
124
274
54
431
321
235
412
400
186
437
214
494
139
285
262
62
284
405
