621
593
445
102
747
450
492
40
662
95
771
477
160
273
516
2
62
35
339
99
225
529
552
427
661
406
61
705
220
709
336
52
542
728
175
741
42
391
507
624
644
642
169
80
224
375
254
313
290
314
640
378
257
403
615
231
690
607
576
123
696
240
236
31
332
459
307
329
569
577
464
352
260
631
9
750
228
97
390
601
540
324
218
660
693
141
441
466
415
227
343
586
679
608
584
402
676
286
414
120
718
232
310
426
773
449
669
629
32
299
241
191
774
271
348
701
781
98
719
401
760
471
274
356
738
132
702
398
176
36
570
501
562
637
652
431
490
322
154
355
752
4
647
357
292
305
197
342
713
202
15
651
627
192
572
779
756
524
152
539
315
265
745
385
643
666
298
6
358
266
70
554
38
323
425
692
24
394
48
767
187
598
276
103
592
620
59
508
185
514
353
547
785
181
216
367
233
478
700
309
591
519
770
632
610
595
335
161
94
416
213
704
559
731
300
346
163
84
177
725
432
639
757
77
691
451
19
740
7
561
653
723
65
333
521
23
73
658
79
207
162
303
407
96
654
467
148
703
672
67
211
525
626
743
128
105
504
264
684
726
473
766
147
682
543
413
135
340
229
383
134
456
437
489
706
498
253
139
616
29
717
742
675
285
108
412
363
366
365
613
749
125
698
711
33
12
678
113
112
76
387
567
665
190
418
558
659
312
428
646
589
319
261
729
361
69
174
60
13
86
780
22
92
772
430
341
83
167
156
337
244
674
283
399
575
699
381
715
345
168
247
565
476
37
49
468
480
596
116
417
389
126
173
603
408
90
614
327
291
748
657
338
246
563
453
422
392
27
371
578
63
636
491
566
278
204
209
522
746
72
735
275
268
434
262
604
255
564
397
331
85
768
369
129
294
469
1
633
533
39
47
3
580
14
744
359
376
138
499
465
245
538
350
131
20
730
518
611
308
201
239
270
212
203
486
625
143
230
680
373
764
439
526
30
258
778
263
382
362
488
502
55
606
189
635
210
384
115
527
320
43
226
289
311
597
17
293
553
759
196
235
645
344
737
762
347
100
360
321
457
438
74
724
433
182
250
517
318
581
379
707
140
296
503
783
374
277
25
219
546
248
605
712
688
549
755
493
670
171
158
82
396
304
512
388
110
472
249
26
590
560
130
142
482
193
530
686
54
395
400
118
121
288
722
81
668
751
630
272
697
184
656
287
183
421
685
689
623
368
150
306
716
583
683
269
393
763
56
199
436
585
334
721
238
695
251
354
317
214
172
404
302
667
122
205
75
573
655
256
776
242
370
568
612
165
551
279
217
479
222
463
64
509
41
681
104
180
622
377
619
649
124
440
484
10
537
587
556
194
159
506
284
708
523
186
364
720
448
609
50
44
208
195
386
351
146
460
487
157
297
475
650
485
777
574
602
28
18
557
281
237
727
68
571
555
687
782
119
550
617
714
673
462
295
734
600
775
455
641
423
483
710
57
671
454
252
648
111
481
677
101
511
114
223
638
259
784
505
424
594
267
405
316
429
753
349
46
198
34
107
444
513
117
435
545
579
510
520
151
87
733
8
694
548
234
328
137
494
765
78
170
16
411
301
136
71
495
200
372
215
544
326
536
5
89
732
21
599
145
11
534
164
442
325
443
330
739
91
93
754
535
758
618
144
155
380
582
45
663
58
149
188
243
133
541
106
419
452
761
53
280
178
458
664
66
51
736
127
628
531
532
410
409
634
420
496
515
500
528
282
447
769
166
206
470
179
497
446
109
474
221
588
88
461
153
