325
107
287
300
356
591
522
573
502
128
408
91
447
156
354
371
139
79
113
43
250
204
429
326
78
173
434
33
390
520
615
109
496
375
114
596
150
389
136
328
73
532
314
601
45
271
421
218
634
329
84
284
404
525
188
67
592
555
465
60
548
572
310
595
317
480
609
141
455
505
561
76
5
278
636
431
330
435
641
629
212
252
167
537
527
578
603
217
450
365
468
246
220
116
556
366
339
275
306
25
419
37
88
415
110
281
258
320
47
456
497
621
512
307
367
485
506
503
4
337
294
383
86
283
176
315
637
473
469
130
19
244
593
304
280
81
531
553
57
373
148
41
346
536
26
223
152
425
499
10
422
600
285
568
626
195
369
576
158
627
452
200
74
335
406
1
216
489
619
228
182
269
192
95
131
166
384
253
343
199
401
534
52
424
533
42
14
137
604
411
327
622
543
484
624
610
142
163
440
243
470
179
410
442
53
639
399
108
372
171
251
20
125
227
647
341
238
457
191
38
92
584
558
170
189
266
535
32
203
309
98
613
633
193
174
612
620
472
15
279
295
640
233
518
24
358
316
580
138
565
190
123
168
368
385
409
71
27
2
388
51
230
58
483
44
412
23
129
345
331
400
261
127
405
202
648
224
240
241
519
394
623
181
645
46
89
101
599
594
94
289
254
589
606
147
68
153
376
172
571
34
521
495
582
574
377
206
120
479
239
59
487
196
381
64
396
134
423
353
264
3
121
451
50
302
48
490
454
338
416
459
115
198
418
557
313
611
209
587
145
397
642
97
542
282
157
146
614
646
187
546
55
398
159
247
638
143
486
550
428
541
391
579
35
7
318
185
628
449
393
117
597
352
364
617
151
438
433
102
342
13
299
513
445
355
441
510
357
6
482
180
448
308
544
347
517
154
566
133
106
564
96
311
462
471
87
630
297
263
583
262
132
36
402
488
632
551
569
362
321
70
213
99
528
508
474
22
562
608
296
229
18
476
63
538
186
16
560
205
430
563
72
577
585
417
21
54
463
82
90
274
62
56
598
169
370
93
515
478
351
221
164
272
378
215
248
83
245
49
467
207
530
413
586
386
178
498
554
111
493
256
443
303
511
286
464
332
183
444
625
340
446
545
194
458
257
290
436
453
77
265
184
222
211
392
607
291
427
301
277
232
559
225
635
420
407
39
602
161
305
333
437
30
28
260
135
461
149
549
644
523
259
475
350
618
122
590
144
322
432
255
334
552
540
336
65
374
570
112
605
214
155
61
466
66
75
9
69
539
581
403
501
103
324
477
175
588
491
140
208
494
242
547
201
104
319
460
267
268
231
344
80
380
197
219
361
514
270
481
507
509
382
235
529
160
643
323
359
426
126
118
12
312
29
414
249
439
360
500
234
379
387
177
236
288
40
31
616
11
526
524
516
273
8
298
276
237
226
567
105
293
162
504
349
119
210
363
631
395
17
348
165
124
492
575
292
85
100
