90
107
397
562
403
684
68
310
595
750
741
653
287
436
101
738
345
423
111
336
602
64
245
135
168
34
35
223
619
492
444
66
148
633
437
216
294
427
67
755
281
480
742
2
162
426
129
119
241
407
40
123
303
534
31
296
50
166
589
5
453
468
432
222
12
524
176
364
160
498
240
81
84
671
249
140
288
689
724
580
570
116
205
27
532
1
563
228
645
424
639
325
342
236
507
417
286
425
626
723
318
385
161
99
100
154
409
357
291
372
371
226
568
591
180
464
627
756
220
500
59
16
583
237
433
134
170
718
518
410
109
475
316
665
312
36
299
292
75
578
124
614
733
194
196
572
386
256
331
576
675
89
348
144
379
163
659
617
598
630
58
400
593
347
301
282
489
668
227
435
431
118
746
392
248
253
615
389
132
592
594
539
96
393
329
79
466
662
636
37
558
246
512
362
650
503
411
368
54
749
613
264
641
599
394
350
461
91
149
7
9
412
586
352
554
211
250
344
505
713
446
620
167
685
353
388
495
322
609
398
219
266
112
743
697
333
110
238
439
21
214
232
217
356
553
571
703
225
185
278
188
419
616
14
463
447
375
759
257
669
213
486
704
18
456
235
482
361
311
275
233
147
682
469
607
491
679
381
441
418
323
405
338
395
555
515
191
10
644
334
267
561
477
710
672
387
629
164
269
449
493
247
652
506
396
752
78
297
146
608
667
514
204
88
60
661
315
734
483
200
582
460
647
108
15
509
656
567
681
127
473
735
478
283
343
471
20
174
190
693
623
377
692
152
41
117
309
455
24
284
654
465
683
581
504
596
536
472
732
326
339
208
71
198
43
52
33
265
408
319
527
548
133
92
45
121
722
128
370
210
378
47
156
564
289
552
273
758
19
494
740
547
637
705
192
730
526
224
150
183
428
487
55
363
358
646
597
218
206
698
535
120
462
300
359
11
585
181
648
349
402
97
293
314
391
186
590
569
404
708
179
151
621
537
517
445
721
82
262
95
699
748
32
74
538
307
635
197
757
131
221
573
546
649
450
737
485
271
28
399
306
261
85
541
660
448
709
605
102
51
137
374
677
673
695
239
458
663
199
105
525
575
159
457
341
628
520
655
702
48
324
270
274
502
634
340
691
229
268
280
712
551
328
701
141
618
603
474
751
429
259
584
143
744
739
540
531
337
209
674
114
380
642
440
376
559
23
640
182
687
443
184
77
189
106
496
304
70
98
438
103
545
725
383
726
76
290
543
611
6
696
670
727
177
519
72
308
125
467
624
130
244
420
178
632
201
207
544
62
80
13
202
263
476
452
643
501
416
587
351
113
17
610
430
549
231
678
490
664
29
728
631
158
4
560
413
676
715
38
243
57
258
579
384
215
63
680
104
305
295
44
717
277
601
612
747
252
533
346
330
49
754
320
390
511
355
499
61
321
139
422
365
26
557
565
459
22
529
604
56
122
513
153
694
8
251
173
172
484
254
354
366
516
700
666
73
606
488
86
711
369
234
327
171
690
242
39
401
588
169
753
53
451
542
719
260
550
65
212
729
230
625
25
136
165
317
556
373
175
3
454
510
706
716
302
126
276
414
442
279
714
187
686
87
421
415
94
434
93
83
577
530
115
638
600
707
720
46
298
157
574
658
272
736
367
313
335
651
406
42
522
30
203
69
332
195
138
255
523
481
145
688
155
528
657
382
142
566
731
497
193
470
745
360
479
622
521
285
508
