865
324
945
112
414
160
904
220
412
341
253
748
376
787
241
569
31
26
559
340
380
764
144
801
513
711
662
290
620
786
819
80
369
447
539
205
497
498
834
980
32
69
441
990
709
648
146
284
510
254
111
466
370
277
200
845
229
371
59
779
469
353
717
61
71
115
933
880
574
337
11
38
517
938
850
841
108
351
611
757
947
201
714
288
481
488
4
318
49
58
837
830
60
282
655
470
937
949
808
521
130
184
651
679
809
404
28
616
104
37
950
509
673
18
48
218
97
301
994
741
541
461
857
491
697
671
263
349
791
858
570
952
566
493
180
46
179
974
690
740
852
703
431
15
232
313
908
467
739
939
842
434
753
889
420
403
167
567
806
159
162
624
956
783
320
572
336
395
632
815
590
203
402
813
962
818
788
549
936
293
846
285
199
721
738
744
43
381
828
248
266
794
975
270
386
812
535
775
554
234
995
440
183
63
226
687
410
718
630
983
863
100
502
157
93
905
168
405
520
311
250
696
384
503
326
790
227
733
468
40
688
664
684
29
149
169
188
832
398
799
363
214
156
190
682
264
676
699
16
921
278
487
522
702
122
774
24
638
20
260
678
239
695
713
836
358
550
271
599
126
988
958
235
408
683
261
771
304
743
359
596
158
409
758
833
7
462
391
675
742
499
811
424
633
451
114
591
542
367
514
297
893
155
148
575
996
267
501
800
877
619
631
532
238
637
197
910
694
450
848
365
985
953
665
976
544
5
482
663
606
471
256
759
654
506
230
666
578
435
333
102
986
483
973
279
387
588
518
821
916
202
789
247
30
124
579
213
650
511
625
465
528
464
329
139
768
492
930
881
273
911
129
368
496
847
993
84
720
558
390
978
354
943
421
729
430
428
185
259
991
964
557
343
564
287
303
583
882
319
437
204
840
602
308
460
246
802
817
629
942
907
181
587
479
1
389
455
57
577
17
427
944
494
257
903
686
425
747
795
756
507
116
705
710
182
151
915
176
415
706
855
508
74
286
701
393
899
793
856
27
433
36
309
524
295
725
878
563
820
891
568
672
132
533
615
755
824
206
472
530
268
773
595
350
692
604
356
456
979
171
966
745
822
140
872
90
902
561
194
210
128
245
562
959
485
280
96
804
302
357
547
34
283
75
45
946
103
79
635
35
512
838
76
586
784
727
719
668
925
776
166
323
83
325
700
667
154
249
289
626
392
859
552
446
152
597
170
643
444
598
362
548
10
707
198
929
406
225
56
9
537
72
982
378
73
712
118
609
422
23
621
895
142
553
540
186
66
646
439
674
237
932
536
670
484
463
228
923
417
265
21
231
14
704
452
219
174
751
145
886
965
121
22
255
645
346
780
480
898
366
708
864
375
573
298
766
750
917
119
120
281
867
101
110
191
691
233
969
839
761
623
477
888
322
900
545
107
523
78
870
328
531
274
242
594
967
614
211
105
726
382
294
478
500
805
968
972
13
399
165
400
193
649
592
767
778
926
299
849
418
207
163
195
716
736
50
851
134
644
827
223
781
352
224
954
957
67
971
680
879
51
919
95
77
657
495
613
760
724
608
448
887
612
33
474
429
196
44
68
113
99
689
546
305
173
401
868
339
458
486
275
315
941
438
55
831
928
2
143
901
826
909
860
732
814
843
770
314
338
8
853
475
829
53
984
91
131
106
327
407
538
628
454
81
52
955
413
934
890
543
762
137
749
244
442
449
526
423
62
332
556
41
835
94
147
292
47
453
871
912
715
534
960
348
555
892
798
997
394
869
397
388
656
844
489
189
516
734
873
728
476
769
135
432
582
698
940
639
310
138
782
640
752
600
276
593
208
987
123
924
677
291
269
584
212
88
876
490
527
426
636
177
920
981
221
658
64
810
217
884
87
39
70
54
89
153
473
931
3
342
735
948
117
647
989
935
685
807
992
125
754
175
669
296
335
109
258
519
659
722
436
816
133
634
589
445
825
86
866
803
772
396
19
215
321
306
374
209
560
364
551
172
785
765
361
977
82
178
906
660
360
730
251
252
951
331
883
334
372
585
617
240
459
854
603
894
345
731
42
236
998
505
618
661
385
6
723
652
693
419
823
65
576
792
927
641
504
681
312
317
443
622
897
515
970
127
307
379
571
922
565
316
874
457
763
164
861
161
875
642
411
777
383
529
914
12
525
737
913
150
85
243
262
141
605
92
344
581
272
607
187
862
355
98
377
222
918
580
216
885
330
347
746
797
136
416
961
963
610
192
601
796
653
25
373
627
896
300
