2
231
422
126
347
392
226
379
185
351
57
180
14
24
175
433
321
241
213
79
124
203
208
228
426
372
309
201
163
340
303
137
78
316
348
179
25
195
162
236
42
86
256
188
36
259
183
17
390
377
412
353
349
51
279
43
429
61
28
371
355
155
135
473
64
142
290
132
10
393
285
34
458
384
399
327
133
87
143
467
171
301
295
451
299
354
300
314
257
337
403
281
81
366
270
313
218
396
338
269
89
430
336
475
319
138
45
154
58
160
122
145
420
278
394
293
229
391
225
27
54
182
104
339
168
289
434
478
144
39
4
287
65
238
99
408
471
85
223
369
274
26
415
116
490
265
181
440
219
239
325
16
341
342
345
331
18
221
131
202
267
284
250
33
31
297
63
456
55
200
68
98
282
363
400
242
118
40
90
481
283
255
30
461
488
315
328
222
322
448
449
464
197
276
375
413
211
93
23
125
60
352
324
9
210
73
462
76
443
428
92
307
224
150
359
139
486
91
425
358
254
409
166
71
101
435
119
129
243
38
3
438
32
262
298
424
306
437
439
272
310
296
149
77
450
196
427
404
205
167
19
376
7
127
335
109
247
469
97
120
49
15
263
477
423
214
410
235
368
70
474
244
62
11
343
421
199
249
123
189
6
173
110
411
74
463
480
233
94
397
53
108
460
330
190
432
114
41
245
373
215
472
332
148
405
128
115
237
216
266
44
105
194
251
362
52
152
407
22
360
212
220
232
21
103
381
357
395
191
186
401
320
374
419
406
288
442
204
56
176
164
383
466
67
312
465
178
153
140
165
209
117
230
113
206
302
452
378
483
350
172
59
291
83
253
454
271
102
416
323
445
470
476
96
252
46
292
111
380
444
234
107
100
317
385
386
365
69
286
193
308
156
147
398
75
136
157
361
487
484
198
402
414
389
192
367
280
326
346
84
66
479
489
277
207
318
146
47
304
80
88
158
161
387
37
12
48
268
294
305
344
334
246
382
134
370
50
141
184
388
261
1
333
151
20
459
29
356
13
441
455
217
431
468
248
457
227
446
329
240
112
130
106
95
364
258
8
187
436
273
264
121
275
260
5
72
177
311
417
35
82
170
159
453
485
447
174
169
482
418
