49
199
14
5
76
136
116
178
167
85
130
10
146
188
191
19
67
168
36
138
143
164
103
44
127
72
131
63
157
165
112
179
84
123
83
170
81
87
24
71
32
50
181
155
80
140
56
4
79
58
162
128
192
69
109
6
189
141
104
121
114
102
190
51
108
17
64
197
172
78
23
52
39
7
198
126
110
62
20
43
95
93
176
21
35
22
25
119
54
122
68
13
150
8
38
40
139
46
74
113
90
2
26
152
42
9
156
173
201
66
29
153
158
98
111
73
34
75
144
47
196
91
147
180
65
33
28
133
99
59
77
151
106
195
186
182
45
203
166
12
94
120
101
159
184
202
187
132
163
160
183
194
31
48
193
100
92
53
55
125
30
129
15
86
115
96
60
57
105
117
148
41
124
145
37
149
177
11
174
88
200
3
137
27
171
18
1
134
82
175
169
89
70
154
61
135
142
97
161
118
107
16
185
