216
494
333
220
458
372
341
520
319
121
52
231
374
109
98
495
133
339
40
84
288
172
77
351
169
415
457
233
132
10
152
334
437
488
230
186
449
39
524
7
385
107
479
17
48
118
89
232
451
51
445
188
424
295
103
159
241
258
136
303
18
432
62
156
187
312
527
294
163
456
224
318
166
252
12
392
442
513
134
261
120
362
162
347
528
82
411
395
307
435
364
122
394
226
425
492
266
380
455
205
238
410
460
197
28
221
474
433
325
485
99
94
57
128
283
517
369
111
45
302
471
326
454
309
293
384
331
516
234
462
314
450
63
249
106
354
20
321
356
344
375
510
195
409
393
263
286
497
459
49
413
512
91
209
298
447
467
114
248
368
61
75
154
240
350
38
332
478
301
108
161
320
212
30
514
360
213
391
43
396
343
299
168
397
473
311
505
305
1
383
155
469
123
273
210
489
24
70
225
480
349
291
29
371
97
423
6
521
359
184
519
422
23
386
96
181
498
244
150
73
42
93
387
441
54
174
88
170
353
81
290
518
183
525
336
464
335
27
292
315
139
367
390
208
144
503
306
149
67
173
346
486
308
227
418
95
281
60
55
389
416
253
191
215
443
342
247
237
200
287
243
337
129
401
11
515
116
59
476
270
130
178
148
147
361
124
72
53
504
76
44
363
202
160
251
126
466
211
430
25
279
420
506
502
373
153
218
192
268
236
85
246
345
408
378
381
110
511
180
340
157
404
280
58
229
190
274
313
31
182
330
405
223
254
452
164
499
22
16
382
177
414
235
491
407
115
46
127
398
113
463
429
477
417
259
3
217
56
465
327
500
357
196
487
245
379
297
32
421
138
141
507
256
438
219
175
388
5
428
37
448
523
125
446
145
165
158
419
484
222
289
440
87
65
526
444
21
131
262
316
140
80
426
431
66
358
119
376
264
242
167
310
228
348
317
522
277
322
282
403
78
90
146
189
271
296
472
406
207
355
490
304
79
427
272
36
101
8
275
260
365
329
328
137
434
35
370
352
185
102
206
135
14
481
4
461
204
508
338
105
366
400
9
300
412
69
509
482
198
214
104
194
142
64
324
68
250
203
201
19
436
92
496
199
13
453
239
265
377
171
47
83
151
470
15
255
493
179
439
267
26
284
2
399
269
176
257
278
193
74
143
50
117
34
483
33
402
112
468
475
323
41
71
501
86
100
285
276
