99
113
141
23
11
103
65
75
32
38
28
47
19
90
77
107
130
51
110
132
26
88
135
15
118
101
13
138
33
133
140
20
84
16
100
17
58
49
111
116
30
95
124
96
61
74
6
43
128
37
86
92
21
62
98
3
71
35
129
50
112
117
56
114
7
34
48
68
22
2
93
85
63
66
70
29
127
73
119
40
72
60
94
139
81
125
121
82
36
89
91
83
18
115
136
64
87
46
25
12
31
134
123
39
137
126
45
5
53
69
9
10
1
76
122
79
4
55
131
104
54
120
97
78
24
102
57
41
105
59
44
27
14
109
67
8
108
52
80
42
106
