165
45
230
35
301
476
233
258
12
475
396
322
44
29
98
3
64
50
386
177
363
278
487
418
160
63
368
424
42
429
239
58
180
289
464
485
420
155
488
382
361
125
466
391
324
76
248
375
43
174
440
48
293
308
22
277
342
305
190
304
120
225
65
61
264
6
221
441
286
469
260
228
103
145
389
449
149
69
266
114
36
210
72
141
26
231
218
182
474
481
457
41
432
176
405
265
315
472
136
118
411
351
15
364
442
357
460
113
154
79
235
191
70
380
422
390
343
456
250
446
193
164
204
288
23
445
220
345
116
7
127
142
209
240
377
13
344
25
412
101
71
158
358
352
60
392
339
483
68
434
75
365
66
425
453
360
27
151
223
413
247
211
417
56
128
333
215
96
347
237
321
253
47
232
200
399
439
397
107
139
459
300
156
325
371
419
262
486
379
126
443
430
353
49
4
74
356
148
152
202
348
393
331
433
279
166
199
11
236
438
135
161
384
51
407
298
273
280
484
313
183
461
5
227
241
426
414
303
54
238
272
249
409
310
317
90
117
170
336
214
338
52
355
131
427
428
187
185
31
465
452
150
287
198
97
32
205
463
197
171
296
94
328
359
431
123
203
122
275
213
2
478
62
326
175
102
77
252
257
383
92
14
80
447
370
109
316
335
106
57
104
340
222
462
21
82
216
281
302
86
349
448
19
33
242
395
8
140
450
314
437
40
410
143
112
129
234
319
394
263
251
259
337
490
73
378
95
402
404
189
436
312
276
188
30
178
38
255
10
268
53
111
455
330
416
17
201
473
87
470
146
78
207
294
480
320
381
206
133
400
309
367
423
229
157
435
88
346
16
28
179
458
244
105
295
172
85
444
186
323
318
468
297
99
147
39
283
168
55
132
374
34
124
18
366
84
245
329
479
162
292
212
354
9
261
110
173
121
196
373
408
137
388
299
192
226
37
224
217
489
403
167
194
332
219
290
401
306
471
415
282
482
327
243
134
341
93
254
291
369
311
334
350
372
119
24
89
376
284
83
81
169
285
271
421
208
269
454
477
46
451
467
59
387
20
108
159
270
100
256
181
385
1
67
153
406
91
144
307
115
246
267
195
184
362
398
274
163
130
138
