144
304
113
307
306
32
24
69
140
158
190
86
291
152
295
100
186
273
282
197
226
176
185
235
151
105
241
209
252
269
204
76
179
341
7
214
28
318
281
45
335
324
173
233
262
10
251
35
95
61
201
183
231
3
344
37
94
111
14
168
187
75
294
289
44
232
50
247
71
134
205
34
297
87
108
172
51
20
280
55
58
310
284
150
249
325
114
171
30
292
323
11
89
261
303
240
315
156
182
191
277
250
200
161
142
343
298
41
336
78
98
59
332
135
122
119
145
18
216
99
227
210
160
167
181
8
6
339
91
195
342
25
162
212
316
328
80
116
245
164
88
239
194
39
57
19
5
278
82
4
40
64
285
92
127
211
73
9
72
199
333
314
334
188
68
275
153
256
321
184
74
43
221
136
143
236
141
319
96
302
110
79
123
271
228
118
26
77
193
126
174
246
33
154
27
224
327
129
84
287
208
331
31
206
308
120
117
274
258
66
139
207
146
130
320
93
219
305
169
220
286
157
229
272
81
263
163
131
65
266
101
49
218
63
133
270
112
166
313
106
317
257
85
288
203
12
260
337
178
62
159
175
254
90
67
124
283
165
54
128
230
22
276
225
259
296
309
52
300
196
243
265
322
215
222
36
198
267
56
312
16
237
326
48
217
279
107
147
253
264
170
330
42
268
255
311
97
38
329
102
137
47
2
132
29
103
23
125
177
301
180
60
340
53
21
290
109
148
189
15
138
244
155
192
202
104
293
13
213
70
121
1
115
149
17
248
223
46
242
234
299
238
338
83
