189
333
251
547
568
499
513
304
170
292
286
319
27
406
4
211
439
128
274
350
47
404
99
365
460
138
285
361
264
259
532
518
475
287
262
376
502
399
93
179
38
180
398
538
453
472
541
166
234
117
419
221
23
152
401
279
22
258
511
512
481
478
289
141
112
168
441
225
420
10
427
157
43
219
550
297
480
430
61
396
244
288
368
197
491
468
101
503
467
305
210
212
313
528
311
413
449
391
390
533
443
412
356
29
477
257
300
495
544
531
135
283
65
151
496
80
265
169
70
121
525
147
103
167
245
383
303
421
308
156
11
497
271
13
126
72
500
423
3
184
484
414
15
437
431
153
9
85
433
124
556
411
448
457
232
329
362
256
56
249
202
52
296
222
191
465
78
42
58
238
384
535
268
193
182
122
34
155
254
255
165
123
438
471
102
110
239
242
89
136
552
490
196
31
205
48
87
373
476
506
209
50
386
558
284
233
332
341
5
349
536
400
228
90
410
237
355
575
18
492
459
86
560
261
192
208
109
353
379
195
367
214
352
334
175
563
186
248
51
39
33
76
114
348
307
317
273
299
442
176
370
75
416
216
161
306
371
407
82
392
462
218
403
446
66
260
12
62
68
97
470
227
527
294
247
549
241
395
291
45
55
320
220
108
243
73
425
377
164
129
546
510
539
130
517
458
488
418
178
330
337
529
338
74
293
250
223
144
148
275
272
46
41
339
325
572
322
295
378
154
445
564
408
171
290
507
24
519
133
344
276
455
81
96
473
59
435
523
1
343
389
201
551
374
351
447
567
358
366
454
452
69
573
323
310
118
534
26
346
94
463
363
357
105
131
2
301
119
397
545
426
372
83
571
231
116
409
158
526
79
542
340
324
44
576
143
326
469
360
139
8
194
559
278
146
64
489
57
277
335
53
382
451
137
282
432
35
229
134
106
235
215
314
281
263
71
444
428
509
224
520
240
98
188
32
16
486
318
464
160
49
461
140
331
217
466
302
30
555
127
565
328
206
181
280
185
145
172
226
561
359
207
77
150
514
200
524
14
369
493
342
270
142
543
107
54
381
20
84
177
198
570
450
345
424
364
183
92
21
569
557
36
111
159
553
100
187
354
522
125
6
566
17
67
494
327
415
521
554
132
456
336
515
321
230
88
173
434
574
530
504
498
91
394
440
213
95
562
40
501
120
312
316
267
548
266
474
190
163
115
436
162
60
252
487
174
402
537
505
347
113
485
375
199
429
385
508
479
63
417
482
25
236
204
19
28
309
149
203
37
269
7
315
104
393
246
516
483
253
422
298
540
388
380
405
387
