540
156
257
161
358
555
513
261
501
23
191
192
249
124
238
143
320
181
366
452
407
473
15
64
432
289
434
46
157
482
396
460
484
334
451
215
469
230
403
183
389
401
508
219
121
63
144
521
503
84
445
98
547
321
193
548
153
332
308
435
109
344
523
376
315
216
169
337
217
87
410
244
228
273
220
545
189
552
431
117
335
318
173
532
353
88
496
455
425
441
345
412
330
377
16
68
258
118
103
268
466
72
231
322
203
516
123
356
136
304
284
458
77
24
170
81
205
158
12
252
542
82
212
129
110
227
128
17
247
492
198
99
172
45
286
94
504
151
32
474
210
190
328
263
235
549
437
477
509
256
350
196
184
439
204
74
454
442
116
276
294
27
55
167
541
159
418
379
533
324
279
36
323
102
436
349
218
481
50
208
61
302
373
41
7
465
536
325
351
326
556
391
60
281
163
494
476
400
497
146
10
135
301
6
86
416
538
194
423
515
495
524
489
25
374
100
370
347
340
33
459
225
85
149
221
463
480
30
506
357
534
405
446
557
175
499
386
104
105
342
11
313
329
241
461
138
178
166
176
70
398
277
363
299
467
141
35
404
171
462
381
223
69
39
397
73
393
111
272
8
292
438
122
530
97
250
367
312
26
92
352
57
38
51
449
406
237
457
470
271
211
348
355
18
537
134
479
546
402
131
29
364
502
343
239
507
177
558
505
411
154
359
2
236
519
427
275
187
1
234
76
89
468
414
152
390
539
71
550
293
483
108
372
155
419
422
201
522
233
207
266
278
209
491
248
214
222
385
392
80
267
165
21
58
440
529
65
42
305
113
14
224
490
341
333
424
28
145
253
338
52
387
331
120
378
395
525
127
255
518
444
130
213
290
75
48
447
500
126
354
243
246
433
472
56
229
115
148
260
20
512
453
264
511
79
162
369
140
535
443
188
242
295
280
107
317
498
142
375
311
297
464
245
314
527
34
339
413
96
5
428
531
456
285
551
147
54
307
13
90
486
371
251
197
415
40
488
43
283
270
185
493
206
544
200
226
554
430
388
296
269
182
59
101
91
475
394
288
327
150
49
346
31
399
44
287
125
3
66
53
382
384
83
112
114
37
553
274
336
383
306
93
362
47
95
448
106
232
282
360
528
137
517
300
520
254
471
298
164
262
316
195
240
368
180
420
265
9
78
487
202
310
168
119
291
417
199
450
319
160
361
179
174
478
408
132
421
186
67
485
309
19
429
510
259
62
133
139
4
409
303
380
365
514
543
526
426
22
