46
147
51
17
126
55
20
53
12
85
143
90
156
59
138
16
21
110
129
94
148
154
30
56
98
171
8
78
121
146
79
134
63
92
116
77
164
72
104
127
67
34
84
28
174
76
157
22
24
71
113
101
166
40
136
91
107
100
137
36
159
31
122
106
131
175
70
14
112
165
111
149
26
145
139
151
58
29
118
93
155
142
57
133
11
123
97
176
140
88
6
9
179
38
15
82
114
128
75
60
27
173
43
180
5
83
167
178
96
69
61
141
115
19
52
163
64
49
41
89
2
144
120
65
105
168
1
169
48
42
74
35
158
95
68
62
103
7
3
44
54
47
124
13
45
172
102
109
80
73
10
39
23
4
32
87
130
119
117
66
18
33
170
160
81
135
177
86
132
161
99
50
162
25
152
153
108
37
150
125
