353
292
548
149
427
153
211
54
445
60
326
350
63
154
394
320
435
172
148
377
169
317
607
478
217
53
617
105
396
42
614
139
606
235
497
38
121
384
43
625
161
352
347
62
288
332
504
636
137
232
468
75
604
414
221
226
220
336
119
554
364
372
547
237
312
313
627
450
434
247
290
324
57
545
402
484
362
144
301
85
480
29
305
294
479
473
181
561
572
99
104
80
476
369
588
239
106
376
275
599
540
523
19
21
39
574
126
360
225
356
51
23
289
477
308
116
570
584
633
580
92
472
319
543
310
401
255
621
502
337
529
631
170
563
229
465
491
573
592
281
623
410
622
355
124
626
90
284
279
512
474
481
222
219
189
122
351
488
134
421
46
264
184
114
162
520
438
424
567
363
437
576
624
638
461
94
342
140
297
349
422
505
535
556
244
55
131
413
186
15
259
483
128
7
586
564
6
120
344
138
367
418
531
388
268
125
632
629
79
5
612
516
147
403
9
258
557
415
343
180
267
460
210
594
386
293
542
142
613
309
82
359
546
209
458
511
135
10
183
176
338
20
475
462
191
390
533
194
257
242
433
269
72
495
518
329
73
65
8
61
597
566
98
380
469
611
130
234
322
517
582
190
31
117
272
400
441
271
387
200
496
522
74
155
485
3
30
530
252
374
233
91
404
93
463
325
166
165
494
357
197
196
248
56
471
493
296
231
302
467
173
538
486
528
602
203
498
270
449
87
24
615
379
64
47
26
397
177
81
464
446
150
199
280
256
96
167
129
340
187
399
182
490
348
419
286
68
416
236
4
178
395
521
97
1
112
541
159
440
393
539
630
146
571
323
466
411
304
634
249
230
555
207
407
311
610
328
618
385
430
405
246
160
287
459
423
70
316
45
50
175
591
52
113
69
227
118
454
201
447
66
558
368
553
432
327
77
307
371
37
213
143
260
243
86
254
452
303
608
216
620
315
549
361
513
398
195
455
406
412
616
589
391
108
202
283
193
251
192
214
335
585
215
439
515
590
637
241
346
282
457
345
366
429
428
103
314
102
157
35
109
451
341
392
383
456
381
11
487
115
534
298
265
141
127
174
168
436
501
291
151
33
507
238
171
198
228
583
562
448
378
145
370
509
179
417
48
559
224
40
453
44
263
408
110
14
300
158
261
527
100
375
609
560
595
2
76
536
470
152
524
339
514
18
578
25
565
59
510
628
32
274
444
330
532
577
525
276
552
111
273
331
285
499
95
519
603
575
587
67
206
503
537
16
489
133
373
71
605
107
13
354
28
34
36
163
299
442
506
49
188
84
295
78
619
431
89
218
365
581
262
544
500
569
164
266
185
596
526
245
593
156
568
409
278
277
443
205
550
492
88
132
212
101
123
27
306
204
41
223
358
83
58
425
601
321
482
333
600
240
635
508
382
250
208
551
579
426
420
12
253
598
17
136
22
318
389
334
