231
160
137
81
4
46
218
61
148
23
80
174
127
135
48
14
186
154
30
193
195
100
163
221
91
180
136
203
220
58
206
113
149
122
222
65
5
204
96
121
207
83
196
97
212
95
178
37
93
42
39
150
181
184
28
166
7
74
213
132
36
125
199
6
225
208
205
40
173
2
38
183
145
143
76
41
70
104
230
146
171
11
34
162
116
19
175
188
172
55
17
211
214
84
139
192
68
179
20
159
164
167
115
158
49
134
126
210
224
157
131
69
118
51
185
102
147
191
9
227
144
169
156
88
3
82
202
53
219
24
228
94
114
108
35
216
112
87
140
119
106
31
141
120
109
25
63
32
21
101
1
62
43
56
75
78
66
117
201
85
27
128
12
67
16
47
198
71
44
110
151
52
215
153
10
79
197
123
90
170
129
209
77
89
73
29
189
168
8
72
107
64
13
217
18
60
130
92
155
232
226
45
105
138
152
50
57
133
124
187
59
229
33
99
194
54
26
165
223
182
190
86
161
22
177
103
98
200
176
111
142
15
