560
116
715
401
196
215
83
2
356
350
297
381
782
545
492
507
144
605
633
416
609
26
584
616
353
44
628
269
236
748
443
198
693
407
606
445
528
105
130
662
340
15
617
442
335
575
283
467
434
698
348
473
784
118
260
553
195
639
655
739
779
384
115
184
661
547
786
37
510
55
176
312
152
154
333
557
66
273
598
568
608
124
123
563
25
232
231
787
135
453
182
513
543
24
1
747
77
664
259
379
352
394
474
225
688
632
419
23
129
533
772
405
307
666
687
775
323
477
711
436
4
422
681
519
43
464
57
423
289
7
540
217
318
532
39
74
159
41
469
206
796
573
32
440
398
86
509
229
268
582
148
85
22
544
539
14
28
191
588
506
211
680
415
723
294
119
642
347
706
685
117
472
643
343
360
68
146
192
321
244
330
683
277
113
265
527
495
109
315
351
718
554
45
266
216
220
386
104
564
757
279
281
56
753
228
213
17
121
459
559
120
54
303
103
413
35
699
133
505
285
777
781
676
127
594
636
703
165
658
570
483
112
542
549
403
456
203
334
38
538
383
458
338
11
71
237
660
756
631
150
590
437
764
181
522
390
417
623
732
80
412
577
204
397
712
671
512
530
614
501
296
648
253
168
634
791
792
406
471
305
125
64
593
160
278
572
98
690
252
489
375
218
644
646
299
291
132
589
249
691
496
771
774
233
720
400
734
717
126
276
742
514
100
624
96
325
612
286
250
293
701
537
257
785
245
241
46
730
789
635
78
399
89
429
94
42
313
438
53
187
431
521
30
81
721
235
97
295
172
794
454
402
567
164
271
659
374
525
744
426
178
389
645
361
111
300
418
500
301
455
27
376
310
60
322
674
175
736
586
320
76
788
652
520
726
637
430
665
261
461
441
508
309
511
251
490
337
179
475
741
21
421
682
357
388
380
106
770
79
9
641
242
73
677
449
622
587
59
425
432
651
607
765
640
240
317
368
377
546
556
263
722
716
647
230
158
778
219
153
223
710
657
592
344
749
5
58
737
597
145
795
697
395
700
29
713
580
751
755
613
583
555
288
19
746
48
33
67
745
673
752
504
601
264
102
332
761
189
201
18
534
773
114
714
183
760
255
550
256
769
177
694
621
480
452
448
526
498
750
409
729
468
536
247
139
331
707
166
186
101
460
143
149
610
107
420
444
654
270
36
668
193
372
767
131
316
531
708
615
272
595
733
552
354
50
625
128
275
31
731
327
728
20
47
392
185
370
142
529
404
49
51
290
663
626
566
604
727
548
141
391
188
84
87
207
40
92
488
200
306
487
239
95
122
254
439
565
373
535
197
591
202
134
90
679
446
686
649
339
462
222
766
735
16
208
793
627
484
790
656
292
411
243
499
365
743
302
246
326
620
494
364
209
435
576
328
393
754
414
629
581
602
311
433
408
262
163
479
465
371
346
650
162
482
99
518
678
282
600
280
424
378
578
740
768
776
137
199
611
62
596
653
692
638
783
502
450
61
385
410
167
486
485
63
314
724
156
759
93
174
719
75
738
91
284
69
478
212
224
493
579
221
140
82
173
569
341
704
672
34
619
387
8
248
226
763
780
308
670
762
725
447
155
227
797
345
630
210
65
497
689
758
194
696
157
180
70
171
205
571
88
287
503
517
705
541
329
110
476
12
451
274
10
349
466
369
366
3
238
562
355
551
324
52
72
138
382
709
336
342
463
684
13
362
558
695
667
214
304
6
675
151
561
585
603
298
515
147
108
136
599
481
669
319
161
234
267
524
427
190
358
363
367
470
457
258
491
359
702
516
523
169
574
618
428
170
396
