133
180
66
145
17
128
4
162
185
87
131
120
108
77
75
16
9
129
203
112
132
192
44
49
183
84
88
55
37
61
119
114
26
122
103
115
136
107
158
50
191
3
67
101
209
10
96
91
138
41
171
159
144
106
164
181
198
157
81
54
45
143
154
204
22
166
177
39
28
19
118
147
161
174
156
206
38
186
168
51
76
208
137
89
18
130
59
105
86
153
134
200
142
197
93
36
184
82
165
25
48
34
46
140
182
23
73
169
102
211
210
176
124
201
63
126
178
24
68
202
148
31
95
146
13
150
78
29
8
58
85
193
151
196
72
60
71
97
172
33
160
62
5
98
52
79
113
104
149
155
32
65
47
11
141
35
167
1
53
179
90
21
43
170
194
2
121
163
69
195
92
12
127
173
70
152
6
74
27
117
123
40
199
110
100
135
64
175
20
80
94
111
7
109
207
42
15
83
190
139
57
99
116
189
205
188
14
56
125
30
187
