498
187
51
35
363
574
334
490
49
254
227
421
205
643
392
364
657
200
203
355
325
555
427
594
397
194
345
209
108
496
637
212
520
612
131
538
231
204
681
40
412
80
118
685
251
370
160
310
73
47
146
501
604
387
526
1
282
252
77
154
494
246
358
348
367
249
243
369
156
247
561
667
379
634
256
305
184
289
442
377
376
242
581
399
350
584
409
188
374
294
394
147
564
198
535
176
438
68
515
616
588
557
453
308
285
517
126
605
540
321
507
206
338
268
354
167
11
446
248
44
521
36
371
472
6
292
613
565
103
429
600
418
527
105
644
542
320
312
649
186
396
59
43
483
353
116
485
192
529
596
223
389
609
174
26
164
219
503
403
589
686
603
410
165
258
470
74
625
568
351
123
178
266
153
90
662
463
652
9
272
220
217
454
439
213
222
664
210
621
271
505
34
64
31
191
193
159
62
323
281
173
425
462
445
642
245
352
650
597
13
624
236
314
107
673
207
582
221
598
182
651
21
383
467
94
577
428
372
332
79
135
149
224
114
101
513
75
659
71
576
67
238
155
591
504
265
161
590
19
357
278
436
138
341
264
38
471
627
546
129
534
385
92
29
76
405
660
346
382
368
550
137
641
255
150
303
284
158
4
423
510
113
32
636
390
677
400
228
304
518
286
452
46
336
549
55
125
140
398
381
525
22
647
293
437
102
626
585
411
466
240
145
632
407
98
623
263
234
10
319
81
444
536
509
171
448
523
262
313
261
96
468
431
656
288
567
78
672
58
562
244
329
554
134
72
136
516
124
571
481
608
669
402
388
419
665
70
356
563
479
119
179
655
414
541
548
25
318
157
117
208
587
133
629
477
464
189
424
408
143
316
65
365
683
528
599
82
275
493
340
362
233
417
16
486
646
218
112
579
480
415
211
166
277
296
533
201
139
601
514
639
502
522
545
378
524
645
309
614
674
475
635
640
670
593
620
235
575
434
12
57
48
23
17
335
610
539
300
120
330
406
337
333
144
606
185
611
170
361
89
83
97
257
443
566
273
373
214
267
2
450
8
93
447
163
492
512
675
269
237
451
276
331
375
88
27
130
690
569
497
404
42
679
572
580
283
633
617
506
225
615
215
52
306
456
619
20
658
328
169
688
152
384
666
299
469
181
287
401
570
50
37
45
87
552
148
175
435
142
297
85
487
56
326
386
259
311
349
595
359
676
172
653
420
461
556
499
413
177
3
7
132
250
500
122
687
558
455
168
583
426
279
622
5
109
395
465
290
532
69
54
684
291
280
100
457
391
295
393
661
216
478
440
270
360
537
543
343
559
15
482
229
104
344
307
366
628
553
241
531
324
441
689
422
317
197
491
630
86
232
347
106
416
668
458
560
460
162
66
547
151
95
573
190
121
638
199
60
28
530
196
430
127
511
301
61
586
33
449
680
14
111
253
432
91
433
631
663
339
84
202
322
519
99
274
551
110
24
18
654
648
495
39
544
607
327
508
230
678
682
141
488
180
380
592
315
260
473
476
41
578
459
30
489
128
239
115
618
195
53
226
671
474
298
63
602
484
183
302
342
