306
130
134
276
384
316
338
34
290
44
163
31
168
123
91
102
253
329
38
24
53
27
109
379
183
303
166
355
380
242
108
75
125
147
207
238
258
292
174
200
227
311
51
257
219
18
271
39
187
279
225
275
165
229
70
90
176
119
144
140
184
61
368
89
226
350
146
333
71
10
60
46
155
111
309
386
206
294
323
228
273
209
214
17
215
297
381
302
341
47
383
97
33
252
377
23
12
154
175
280
244
79
369
110
5
337
192
256
50
203
197
361
261
11
296
86
101
382
36
324
98
230
331
233
99
277
255
367
113
30
56
8
42
389
25
169
120
235
138
343
73
6
118
351
376
76
35
378
133
287
245
112
93
349
59
117
28
288
363
278
167
127
114
300
262
15
135
204
223
221
357
43
335
189
190
54
171
88
222
80
141
281
164
14
313
328
266
254
224
66
318
103
319
124
115
371
289
162
358
218
246
107
269
307
340
352
122
347
72
315
177
16
172
387
49
82
158
283
139
22
63
259
359
243
342
181
321
143
217
84
240
354
345
186
104
291
301
106
94
7
55
128
121
282
1
198
41
148
105
265
356
26
83
237
374
136
132
260
196
87
320
179
388
366
249
85
373
149
348
182
178
74
180
9
173
317
77
145
272
264
64
161
81
339
170
295
21
304
346
247
193
40
314
95
362
185
211
344
232
285
69
160
212
372
45
330
78
239
336
231
322
199
62
32
153
353
137
116
151
188
220
92
65
308
310
248
159
157
48
236
37
205
326
100
251
19
208
2
213
263
20
370
4
201
210
129
365
142
131
195
150
325
13
274
385
57
375
250
364
216
284
96
267
298
293
68
299
67
126
234
305
29
58
191
156
332
327
334
286
3
202
360
52
241
194
312
268
270
152
