3
55
35
64
238
209
141
177
115
112
48
281
155
197
98
70
231
124
182
123
176
21
157
49
152
276
100
261
201
128
190
87
53
240
28
251
84
270
175
272
256
66
91
61
4
18
139
224
262
165
228
245
83
279
241
277
234
181
146
205
207
136
10
12
24
275
278
237
214
168
85
283
189
171
149
274
6
11
107
161
105
220
95
116
247
125
13
226
216
81
76
239
268
96
269
106
7
264
164
178
2
204
160
120
121
185
27
206
212
248
200
258
122
257
148
144
1
249
273
255
151
23
77
210
110
39
162
108
186
5
227
203
26
44
25
202
69
187
99
188
127
16
170
252
58
129
174
37
219
33
114
140
30
71
195
90
282
80
75
223
230
271
34
215
40
133
38
20
250
199
130
113
194
14
233
67
50
51
89
242
31
154
246
235
225
193
192
102
97
183
158
184
191
41
101
78
86
79
221
82
94
280
156
196
8
119
52
236
63
211
134
88
9
266
132
103
68
111
47
22
153
222
142
267
253
19
46
145
17
263
117
243
198
36
126
15
260
169
62
131
159
45
109
217
138
179
118
147
59
218
60
57
254
244
43
213
208
104
92
56
167
135
73
259
72
137
54
93
172
229
265
74
232
42
163
166
29
143
65
180
173
150
32
