56
440
198
116
305
405
67
85
315
169
225
120
118
466
515
83
461
452
259
503
266
256
232
534
406
260
364
127
263
499
533
3
520
298
135
197
453
227
114
479
280
17
75
24
340
532
214
60
312
370
29
125
480
104
243
124
535
141
137
1
122
12
433
409
42
108
484
16
481
160
539
230
373
435
72
468
20
170
233
171
273
519
7
265
208
384
267
350
254
190
262
509
11
507
424
162
86
414
317
184
187
240
49
439
157
508
477
416
470
217
121
302
244
204
321
536
64
163
209
541
511
210
488
277
74
89
388
393
177
275
36
294
215
473
46
365
152
459
239
189
460
264
322
226
287
343
326
300
51
328
205
378
194
218
47
316
374
84
18
167
178
299
398
530
422
331
146
223
195
129
237
505
437
396
40
249
278
238
144
332
58
164
78
196
423
28
415
420
518
90
353
360
455
153
150
274
253
61
349
188
221
228
48
21
419
35
320
330
451
222
22
431
400
357
475
103
142
216
304
426
88
418
324
55
487
126
245
311
457
421
540
289
309
251
411
490
366
69
286
367
531
323
491
510
450
207
483
91
5
329
191
428
458
502
100
356
404
352
363
123
175
381
87
186
248
355
447
292
247
380
389
213
290
23
10
41
283
180
52
111
506
369
386
34
255
113
383
68
372
379
272
345
504
523
371
148
63
462
257
472
285
485
471
474
98
276
95
526
106
2
70
31
107
172
469
110
346
464
149
385
73
224
185
512
168
501
200
202
358
436
59
525
399
432
236
92
454
117
524
463
434
4
390
337
496
281
493
438
54
375
132
382
231
206
516
498
341
303
348
443
513
93
403
339
154
427
486
158
401
44
497
514
318
112
407
284
425
181
6
130
147
176
151
342
82
252
456
465
517
448
269
522
344
268
43
32
131
173
128
261
155
397
489
282
297
394
26
529
201
291
174
183
234
314
354
307
445
102
395
430
182
94
476
99
351
193
446
308
66
212
14
319
101
192
13
179
288
76
391
310
139
271
467
335
235
77
376
333
97
334
15
161
159
19
528
495
250
38
295
57
229
156
199
449
33
138
39
500
145
361
402
105
293
81
478
140
96
482
492
62
347
30
336
79
53
258
133
165
65
203
417
45
219
301
8
538
306
211
494
392
527
37
410
242
27
521
387
134
50
241
327
362
296
71
359
25
368
325
109
9
270
279
119
220
80
444
412
537
246
429
313
166
136
115
413
441
143
377
338
442
408
