476
121
456
501
495
566
388
264
444
567
42
353
349
57
160
580
185
344
475
64
219
47
390
324
246
63
158
368
123
222
148
337
357
551
505
381
490
328
582
191
175
592
406
218
467
502
30
432
392
526
192
485
35
577
382
345
58
296
224
446
48
19
336
364
241
17
187
105
387
132
207
524
204
434
41
407
244
597
346
313
317
318
182
36
3
194
61
466
39
342
574
298
188
134
55
338
89
572
245
16
146
12
20
568
178
223
29
386
590
369
522
449
509
100
423
292
559
380
82
433
459
550
228
479
291
65
383
197
118
70
491
508
179
489
560
143
155
248
95
517
202
124
18
84
66
111
90
288
514
149
271
599
1
7
51
486
67
531
269
563
255
481
355
114
172
169
267
145
183
358
361
442
40
286
569
37
553
583
339
113
435
315
408
422
86
186
304
548
443
575
417
426
384
545
377
69
217
285
8
385
119
445
554
482
556
106
529
464
513
503
94
378
237
83
436
11
310
429
73
162
170
454
6
557
142
523
13
282
56
138
85
549
450
322
399
532
120
38
59
455
276
363
460
15
312
527
323
416
400
68
273
249
314
379
540
163
153
471
189
373
493
585
507
45
209
283
533
44
498
302
258
321
256
230
290
593
395
166
76
510
420
468
372
270
99
538
578
127
243
579
359
212
511
543
500
546
398
496
418
231
34
430
22
327
332
330
268
555
362
279
504
176
27
319
265
340
453
474
558
220
391
497
594
541
409
316
91
401
4
473
116
595
552
525
326
351
375
520
289
144
335
465
374
277
402
424
439
168
151
561
21
484
213
88
93
469
10
589
278
274
131
404
49
238
303
254
393
23
250
325
588
216
174
397
181
253
235
87
472
52
208
463
115
196
97
341
96
32
199
167
240
441
227
150
117
448
125
596
92
584
492
275
225
447
564
104
412
28
477
515
43
427
31
221
598
348
570
547
350
542
587
164
571
60
252
102
457
333
242
161
306
154
184
156
487
394
101
198
521
177
24
78
591
562
458
110
354
293
586
2
5
356
366
535
107
135
62
414
581
251
438
205
232
452
576
137
437
210
367
72
280
470
347
211
536
516
130
229
195
108
365
54
122
421
537
389
53
214
419
415
352
301
129
50
534
305
140
190
311
109
462
425
478
80
440
262
33
299
147
370
295
14
530
233
133
287
528
126
309
334
157
206
165
451
371
573
294
431
234
226
411
260
376
266
261
239
152
159
512
307
506
215
26
396
360
483
320
75
180
544
139
81
263
272
565
171
461
25
103
173
405
281
136
9
410
308
403
128
297
428
247
539
329
494
79
201
193
519
77
257
203
141
236
488
300
284
413
112
331
74
200
499
480
343
259
518
46
71
98
