336
284
520
93
241
276
35
278
91
436
519
119
514
180
176
461
451
452
102
546
524
525
68
11
329
392
234
464
360
144
49
303
98
228
347
386
59
442
9
81
29
490
428
314
502
333
248
393
513
311
517
262
495
189
77
231
251
343
50
548
439
337
222
64
411
420
76
159
38
424
377
418
16
446
264
201
79
425
141
256
431
213
357
516
135
444
122
400
153
61
454
481
53
507
151
27
25
530
194
381
281
121
90
131
338
385
394
87
391
398
487
128
430
459
169
305
286
465
296
255
177
112
380
37
441
351
501
197
553
482
538
421
111
297
167
344
34
541
145
390
22
41
410
290
48
545
532
126
559
10
492
142
342
78
353
4
95
263
415
136
346
448
486
373
527
13
127
55
273
89
429
531
536
318
379
243
174
221
237
367
270
161
257
31
65
383
146
307
324
84
110
374
308
254
205
456
100
242
387
26
535
450
395
417
92
306
28
175
330
17
97
554
542
292
125
187
423
149
82
232
206
315
238
62
258
80
217
179
432
345
207
52
113
361
8
250
556
60
178
30
437
227
70
310
160
219
372
192
23
198
295
236
282
498
106
335
528
325
12
426
211
137
280
99
469
332
460
422
2
504
534
39
163
359
560
162
544
40
363
107
407
285
384
539
478
358
133
389
265
47
317
396
186
108
522
157
202
416
455
512
521
20
449
408
56
447
185
479
340
515
355
289
301
267
14
293
200
7
85
15
249
75
412
114
150
152
510
348
183
485
413
287
115
523
304
212
129
147
518
19
1
526
24
181
245
164
369
350
158
259
370
156
230
471
558
190
341
188
123
399
67
537
88
433
349
312
302
354
96
427
101
529
140
299
268
247
550
316
505
371
240
331
397
134
466
496
104
409
313
294
288
364
388
321
32
226
467
166
118
193
66
508
497
375
5
440
73
352
491
130
552
435
277
215
208
182
309
69
401
470
139
493
57
475
275
214
326
511
210
235
382
6
549
283
86
229
195
223
260
43
557
172
165
458
472
414
120
148
51
438
171
457
46
218
18
480
404
103
402
356
216
58
83
271
124
468
445
362
44
476
328
406
199
117
334
434
319
170
298
484
203
42
506
419
291
269
209
253
191
339
543
378
105
489
533
116
266
376
233
509
403
322
453
555
300
366
463
45
36
488
327
143
220
443
368
477
74
499
173
72
71
474
63
132
3
494
261
138
561
462
272
109
54
239
33
483
473
551
279
168
196
365
244
274
204
547
224
320
225
154
94
503
252
246
323
500
540
155
405
184
21
